#
# There is insufficient memory for the Java Runtime Environment to continue.
# Native memory allocation (mmap) failed to map 538968064 bytes for Failed to commit area from 0x0000000090100000 to 0x00000000b0300000 of length 538968064.
# Possible reasons:
#   The system is out of physical RAM or swap space
#   The process is running with CompressedOops enabled, and the Java Heap may be blocking the growth of the native heap
# Possible solutions:
#   Reduce memory load on the system
#   Increase physical memory or swap space
#   Check if swap backing store is full
#   Decrease Java heap size (-Xmx/-Xms)
#   Decrease number of Java threads
#   Decrease Java thread stack sizes (-Xss)
#   Set larger code cache with -XX:ReservedCodeCacheSize=
#   JVM is running with Unscaled Compressed Oops mode in which the Java heap is
#     placed in the first 4GB address space. The Java Heap base address is the
#     maximum limit for the native heap growth. Please use -XX:HeapBaseMinAddress
#     to set the Java Heap base and to place the Java Heap above 4GB virtual address.
# This output file may be truncated or incomplete.
#
#  Out of Memory Error (./open/src/hotspot/os/windows/os_windows.cpp:3315), pid=12960, tid=14188
#
# JRE version: Java(TM) SE Runtime Environment (14.0.1+7) (build 14.0.1+7)
# Java VM: Java HotSpot(TM) 64-Bit Server VM (14.0.1+7, mixed mode, sharing, tiered, compressed oops, g1 gc, windows-amd64)
# No core dump will be written. Minidumps are not enabled by default on client versions of Windows
#

---------------  S U M M A R Y ------------

Command Line: C:\Users\qeadmin\AppData\Local\Temp\surefire17910744475874374968\surefirebooter10962578277192323011.jar C:\Users\qeadmin\AppData\Local\Temp\surefire17910744475874374968 2020-09-04T09-23-47_468-jvmRun1 surefire1265963239256151370tmp surefire_04154379813756950521tmp

Host: Intel(R) Xeon(R) CPU E5-2673 v4 @ 2.30GHz, 2 cores, 7G,  Windows 10 , 64 bit Build 18362 (10.0.18362.959)
Time: Fri Sep  4 09:23:57 2020 India Standard Time elapsed time: 8 seconds (0d 0h 0m 8s)

---------------  T H R E A D  ---------------

Current thread (0x0000018072f90800):  VMThread "VM Thread" [stack: 0x000000045fe00000,0x000000045ff00000] [id=14188]

Stack: [0x000000045fe00000,0x000000045ff00000]
[error occurred during error reporting (printing stack bounds), id 0xc0000005, EXCEPTION_ACCESS_VIOLATION (0xc0000005) at pc=0x000001805cbd10ad]

Native frames: (J=compiled Java code, j=interpreted, Vv=VM code, C=native code)
V  [jvm.dll+0x5f840a]
V  [jvm.dll+0x741e4a]
V  [jvm.dll+0x7435ff]
V  [jvm.dll+0x743ba5]
V  [jvm.dll+0x743b5b]
V  [jvm.dll+0x5f793f]
V  [jvm.dll+0x5f80a8]
C  [ntdll.dll+0xa11cf]
C  [ntdll.dll+0x6a209]
C  [ntdll.dll+0x9fe3e]
C  0x000001805cbd10ad

VM_Operation (0x000000045f8fc640): G1TryInitiateConcMark, mode: safepoint, requested by thread 0x0000018052c4b000


---------------  P R O C E S S  ---------------

Threads class SMR info:
_java_thread_list=0x0000018076d66350, length=14, elements={
0x0000018052c4b000, 0x0000018072f94000, 0x0000018072f96800, 0x0000018072fd4800,
0x0000018072fd9000, 0x0000018072fda800, 0x0000018072fdd000, 0x0000018072fe8800,
0x0000018072ffc800, 0x0000018073a3e000, 0x0000018073a4f800, 0x0000018073a81000,
0x0000018073a47800, 0x0000018074323800
}

Java Threads: ( => current thread )
  0x0000018052c4b000 JavaThread "main" [_thread_blocked, id=8432, stack(0x000000045f800000,0x000000045f900000)]
  0x0000018072f94000 JavaThread "Reference Handler" daemon [_thread_blocked, id=15048, stack(0x000000045ff00000,0x0000000460000000)]
  0x0000018072f96800 JavaThread "Finalizer" daemon [_thread_blocked, id=8404, stack(0x0000000460000000,0x0000000460100000)]
  0x0000018072fd4800 JavaThread "Signal Dispatcher" daemon [_thread_blocked, id=13012, stack(0x0000000460100000,0x0000000460200000)]
  0x0000018072fd9000 JavaThread "Attach Listener" daemon [_thread_blocked, id=13616, stack(0x0000000460200000,0x0000000460300000)]
  0x0000018072fda800 JavaThread "Service Thread" daemon [_thread_blocked, id=11252, stack(0x0000000460300000,0x0000000460400000)]
  0x0000018072fdd000 JavaThread "C2 CompilerThread0" daemon [_thread_blocked, id=1732, stack(0x0000000460400000,0x0000000460500000)]
  0x0000018072fe8800 JavaThread "C1 CompilerThread0" daemon [_thread_blocked, id=16100, stack(0x0000000460500000,0x0000000460600000)]
  0x0000018072ffc800 JavaThread "Sweeper thread" daemon [_thread_blocked, id=1176, stack(0x0000000460600000,0x0000000460700000)]
  0x0000018073a3e000 JavaThread "Notification Thread" daemon [_thread_blocked, id=7560, stack(0x0000000460700000,0x0000000460800000)]
  0x0000018073a4f800 JavaThread "Common-Cleaner" daemon [_thread_blocked, id=5572, stack(0x0000000460900000,0x0000000460a00000)]
  0x0000018073a81000 JavaThread "surefire-forkedjvm-command-thread" daemon [_thread_in_native, id=4920, stack(0x0000000460a00000,0x0000000460b00000)]
  0x0000018073a47800 JavaThread "surefire-forkedjvm-ping-30s" daemon [_thread_in_native, id=1520, stack(0x0000000460c00000,0x0000000460d00000)]
  0x0000018074323800 JavaThread "Abandoned connection cleanup thread" daemon [_thread_blocked, id=2468, stack(0x0000000460d00000,0x0000000460e00000)]

Other Threads:
=>0x0000018072f90800 VMThread "VM Thread" [stack: 0x000000045fe00000,0x000000045ff00000] [id=14188]
  0x0000018073a49800 WatcherThread [stack: 0x0000000460800000,0x0000000460900000] [id=8024]
  0x0000018052c8c000 GCTaskThread "GC Thread#0" [stack: 0x000000045f900000,0x000000045fa00000] [id=7352]
  0x0000018073c90800 GCTaskThread "GC Thread#1" [stack: 0x0000000460b00000,0x0000000460c00000] [id=16332]
  0x0000018052c9e000 ConcurrentGCThread "G1 Main Marker" [stack: 0x000000045fa00000,0x000000045fb00000] [id=14008]
  0x0000018052c9f800 ConcurrentGCThread "G1 Conc#0" [stack: 0x000000045fb00000,0x000000045fc00000] [id=4832]
  0x0000018072e10800 ConcurrentGCThread "G1 Refine#0" [stack: 0x000000045fc00000,0x000000045fd00000] [id=10580]
  0x0000018052d16800 ConcurrentGCThread "G1 Young RemSet Sampling" [stack: 0x000000045fd00000,0x000000045fe00000] [id=11520]

Threads with active compile tasks:

VM state:at safepoint (normal execution)

VM Mutex/Monitor currently owned by a thread:  ([mutex/lock_event])
[0x0000018052c47240] Threads_lock - owner thread: 0x0000018072f90800
[0x0000018052c46f70] Heap_lock - owner thread: 0x0000018052c4b000

Heap address: 0x0000000080000000, size: 2048 MB, Compressed Oops mode: 32-bit
Narrow klass base: 0x0000000800000000, Narrow klass shift: 3
Compressed class space size: 1073741824 Address: 0x0000000800b30000

Heap:
 garbage-first heap   total 789504K, used 142921K [0x0000000080000000, 0x0000000100000000)
  region size 1024K, 1 young (1024K), 1 survivors (1024K)
 Metaspace       used 29678K, capacity 30958K, committed 31232K, reserved 1077248K
  class space    used 3447K, capacity 4069K, committed 4096K, reserved 1048576K
Heap Regions: E=young(eden), S=young(survivor), O=old, HS=humongous(starts), HC=humongous(continues), CS=collection set, F=free, OA=open archive, CA=closed archive, TAMS=top-at-mark-start (previous, next)
|   0|0x0000000080000000, 0x00000000800fffe0, 0x0000000080100000| 99%| O|  |TAMS 0x0000000080000000, 0x00000000800fffe0| Untracked 
|   1|0x0000000080100000, 0x00000000801fe248, 0x0000000080200000| 99%| O|  |TAMS 0x0000000080100000, 0x00000000801fe248| Untracked 
|   2|0x0000000080200000, 0x00000000802fffe0, 0x0000000080300000| 99%| O|  |TAMS 0x0000000080200000, 0x00000000802fffe0| Untracked 
|   3|0x0000000080300000, 0x00000000803fefa0, 0x0000000080400000| 99%| O|  |TAMS 0x0000000080300000, 0x00000000803fefa0| Untracked 
|   4|0x0000000080400000, 0x0000000080500000, 0x0000000080500000|100%|HS|  |TAMS 0x0000000080400000, 0x0000000080500000| Untracked 
|   5|0x0000000080500000, 0x00000000805fc480, 0x0000000080600000| 98%| O|  |TAMS 0x0000000080500000, 0x00000000805fc480| Untracked 
|   6|0x0000000080600000, 0x0000000080700000, 0x0000000080700000|100%|HS|  |TAMS 0x0000000080600000, 0x0000000080700000| Untracked 
|   7|0x0000000080700000, 0x0000000080800000, 0x0000000080800000|100%|HC|  |TAMS 0x0000000080700000, 0x0000000080800000| Untracked 
|   8|0x0000000080800000, 0x0000000080900000, 0x0000000080900000|100%|HC|  |TAMS 0x0000000080800000, 0x0000000080900000| Untracked 
|   9|0x0000000080900000, 0x0000000080a00000, 0x0000000080a00000|100%|HC|  |TAMS 0x0000000080900000, 0x0000000080a00000| Untracked 
|  10|0x0000000080a00000, 0x0000000080b00000, 0x0000000080b00000|100%|HC|  |TAMS 0x0000000080a00000, 0x0000000080b00000| Untracked 
|  11|0x0000000080b00000, 0x0000000080c00000, 0x0000000080c00000|100%|HC|  |TAMS 0x0000000080b00000, 0x0000000080c00000| Untracked 
|  12|0x0000000080c00000, 0x0000000080d00000, 0x0000000080d00000|100%|HS|  |TAMS 0x0000000080c00000, 0x0000000080d00000| Untracked 
|  13|0x0000000080d00000, 0x0000000080dff1f8, 0x0000000080e00000| 99%| O|  |TAMS 0x0000000080d00000, 0x0000000080dff1f8| Untracked 
|  14|0x0000000080e00000, 0x0000000080efffb8, 0x0000000080f00000| 99%| O|  |TAMS 0x0000000080e00000, 0x0000000080efffb8| Untracked 
|  15|0x0000000080f00000, 0x0000000081000000, 0x0000000081000000|100%| O|  |TAMS 0x0000000080f00000, 0x0000000081000000| Untracked 
|  16|0x0000000081000000, 0x0000000081100000, 0x0000000081100000|100%| O|  |TAMS 0x0000000081000000, 0x0000000081100000| Untracked 
|  17|0x0000000081100000, 0x00000000811ff5d8, 0x0000000081200000| 99%| O|  |TAMS 0x0000000081100000, 0x00000000811ff5d8| Untracked 
|  18|0x0000000081200000, 0x0000000081300000, 0x0000000081300000|100%|HS|  |TAMS 0x0000000081200000, 0x0000000081300000| Untracked 
|  19|0x0000000081300000, 0x0000000081400000, 0x0000000081400000|100%|HC|  |TAMS 0x0000000081300000, 0x0000000081400000| Untracked 
|  20|0x0000000081400000, 0x0000000081500000, 0x0000000081500000|100%|HC|  |TAMS 0x0000000081400000, 0x0000000081500000| Untracked 
|  21|0x0000000081500000, 0x0000000081600000, 0x0000000081600000|100%|HC|  |TAMS 0x0000000081500000, 0x0000000081600000| Untracked 
|  22|0x0000000081600000, 0x0000000081700000, 0x0000000081700000|100%|HC|  |TAMS 0x0000000081600000, 0x0000000081700000| Untracked 
|  23|0x0000000081700000, 0x0000000081800000, 0x0000000081800000|100%|HC|  |TAMS 0x0000000081700000, 0x0000000081800000| Untracked 
|  24|0x0000000081800000, 0x0000000081900000, 0x0000000081900000|100%|HS|  |TAMS 0x0000000081800000, 0x0000000081900000| Untracked 
|  25|0x0000000081900000, 0x00000000819fffd0, 0x0000000081a00000| 99%| O|  |TAMS 0x0000000081900000, 0x00000000819fffd0| Untracked 
|  26|0x0000000081a00000, 0x0000000081b00000, 0x0000000081b00000|100%|HS|  |TAMS 0x0000000081a00000, 0x0000000081b00000| Untracked 
|  27|0x0000000081b00000, 0x0000000081c00000, 0x0000000081c00000|100%|HC|  |TAMS 0x0000000081b00000, 0x0000000081c00000| Untracked 
|  28|0x0000000081c00000, 0x0000000081d00000, 0x0000000081d00000|100%|HC|  |TAMS 0x0000000081c00000, 0x0000000081d00000| Untracked 
|  29|0x0000000081d00000, 0x0000000081e00000, 0x0000000081e00000|100%|HC|  |TAMS 0x0000000081d00000, 0x0000000081e00000| Untracked 
|  30|0x0000000081e00000, 0x0000000081f00000, 0x0000000081f00000|100%|HC|  |TAMS 0x0000000081e00000, 0x0000000081f00000| Untracked 
|  31|0x0000000081f00000, 0x0000000082000000, 0x0000000082000000|100%|HC|  |TAMS 0x0000000081f00000, 0x0000000082000000| Untracked 
|  32|0x0000000082000000, 0x0000000082100000, 0x0000000082100000|100%|HS|  |TAMS 0x0000000082000000, 0x0000000082100000| Untracked 
|  33|0x0000000082100000, 0x00000000821ff1e0, 0x0000000082200000| 99%| O|  |TAMS 0x0000000082100000, 0x00000000821ff1e0| Untracked 
|  34|0x0000000082200000, 0x0000000082300000, 0x0000000082300000|100%|HS|  |TAMS 0x0000000082200000, 0x0000000082300000| Untracked 
|  35|0x0000000082300000, 0x0000000082400000, 0x0000000082400000|100%|HC|  |TAMS 0x0000000082300000, 0x0000000082400000| Untracked 
|  36|0x0000000082400000, 0x0000000082500000, 0x0000000082500000|100%|HC|  |TAMS 0x0000000082400000, 0x0000000082500000| Untracked 
|  37|0x0000000082500000, 0x0000000082600000, 0x0000000082600000|100%|HC|  |TAMS 0x0000000082500000, 0x0000000082600000| Untracked 
|  38|0x0000000082600000, 0x0000000082700000, 0x0000000082700000|100%|HC|  |TAMS 0x0000000082600000, 0x0000000082700000| Untracked 
|  39|0x0000000082700000, 0x0000000082800000, 0x0000000082800000|100%|HC|  |TAMS 0x0000000082700000, 0x0000000082800000| Untracked 
|  40|0x0000000082800000, 0x0000000082900000, 0x0000000082900000|100%|HS|  |TAMS 0x0000000082800000, 0x0000000082900000| Untracked 
|  41|0x0000000082900000, 0x00000000829ffbb8, 0x0000000082a00000| 99%| O|  |TAMS 0x0000000082900000, 0x00000000829ffbb8| Untracked 
|  42|0x0000000082a00000, 0x0000000082affda0, 0x0000000082b00000| 99%| O|  |TAMS 0x0000000082a00000, 0x0000000082affda0| Untracked 
|  43|0x0000000082b00000, 0x0000000082c00000, 0x0000000082c00000|100%|HS|  |TAMS 0x0000000082b00000, 0x0000000082c00000| Untracked 
|  44|0x0000000082c00000, 0x0000000082d00000, 0x0000000082d00000|100%|HC|  |TAMS 0x0000000082c00000, 0x0000000082d00000| Untracked 
|  45|0x0000000082d00000, 0x0000000082e00000, 0x0000000082e00000|100%|HC|  |TAMS 0x0000000082d00000, 0x0000000082e00000| Untracked 
|  46|0x0000000082e00000, 0x0000000082f00000, 0x0000000082f00000|100%|HC|  |TAMS 0x0000000082e00000, 0x0000000082f00000| Untracked 
|  47|0x0000000082f00000, 0x0000000083000000, 0x0000000083000000|100%|HC|  |TAMS 0x0000000082f00000, 0x0000000083000000| Untracked 
|  48|0x0000000083000000, 0x0000000083100000, 0x0000000083100000|100%|HC|  |TAMS 0x0000000083000000, 0x0000000083100000| Untracked 
|  49|0x0000000083100000, 0x0000000083200000, 0x0000000083200000|100%|HS|  |TAMS 0x0000000083100000, 0x0000000083200000| Untracked 
|  50|0x0000000083200000, 0x0000000083300000, 0x0000000083300000|100%|HS|  |TAMS 0x0000000083200000, 0x0000000083300000| Untracked 
|  51|0x0000000083300000, 0x0000000083400000, 0x0000000083400000|100%|HC|  |TAMS 0x0000000083300000, 0x0000000083400000| Untracked 
|  52|0x0000000083400000, 0x0000000083500000, 0x0000000083500000|100%|HC|  |TAMS 0x0000000083400000, 0x0000000083500000| Untracked 
|  53|0x0000000083500000, 0x0000000083600000, 0x0000000083600000|100%|HC|  |TAMS 0x0000000083500000, 0x0000000083600000| Untracked 
|  54|0x0000000083600000, 0x0000000083700000, 0x0000000083700000|100%|HC|  |TAMS 0x0000000083600000, 0x0000000083700000| Untracked 
|  55|0x0000000083700000, 0x0000000083800000, 0x0000000083800000|100%|HC|  |TAMS 0x0000000083700000, 0x0000000083800000| Untracked 
|  56|0x0000000083800000, 0x0000000083900000, 0x0000000083900000|100%|HS|  |TAMS 0x0000000083800000, 0x0000000083900000| Untracked 
|  57|0x0000000083900000, 0x0000000083a00000, 0x0000000083a00000|100%|HS|  |TAMS 0x0000000083900000, 0x0000000083a00000| Untracked 
|  58|0x0000000083a00000, 0x0000000083afee78, 0x0000000083b00000| 99%| O|  |TAMS 0x0000000083a00000, 0x0000000083afee78| Untracked 
|  59|0x0000000083b00000, 0x0000000083c00000, 0x0000000083c00000|100%|HS|  |TAMS 0x0000000083b00000, 0x0000000083c00000| Untracked 
|  60|0x0000000083c00000, 0x0000000083d00000, 0x0000000083d00000|100%|HC|  |TAMS 0x0000000083c00000, 0x0000000083d00000| Untracked 
|  61|0x0000000083d00000, 0x0000000083e00000, 0x0000000083e00000|100%|HC|  |TAMS 0x0000000083d00000, 0x0000000083e00000| Untracked 
|  62|0x0000000083e00000, 0x0000000083f00000, 0x0000000083f00000|100%|HC|  |TAMS 0x0000000083e00000, 0x0000000083f00000| Untracked 
|  63|0x0000000083f00000, 0x0000000084000000, 0x0000000084000000|100%|HC|  |TAMS 0x0000000083f00000, 0x0000000084000000| Untracked 
|  64|0x0000000084000000, 0x0000000084100000, 0x0000000084100000|100%|HC|  |TAMS 0x0000000084000000, 0x0000000084100000| Untracked 
|  65|0x0000000084100000, 0x00000000841fffe0, 0x0000000084200000| 99%| O|  |TAMS 0x0000000084100000, 0x00000000841fffe0| Untracked 
|  66|0x0000000084200000, 0x0000000084300000, 0x0000000084300000|100%|HS|  |TAMS 0x0000000084200000, 0x0000000084300000| Untracked 
|  67|0x0000000084300000, 0x0000000084400000, 0x0000000084400000|100%|HC|  |TAMS 0x0000000084300000, 0x0000000084400000| Untracked 
|  68|0x0000000084400000, 0x0000000084500000, 0x0000000084500000|100%|HC|  |TAMS 0x0000000084400000, 0x0000000084500000| Untracked 
|  69|0x0000000084500000, 0x0000000084600000, 0x0000000084600000|100%|HC|  |TAMS 0x0000000084500000, 0x0000000084600000| Untracked 
|  70|0x0000000084600000, 0x0000000084700000, 0x0000000084700000|100%|HC|  |TAMS 0x0000000084600000, 0x0000000084700000| Untracked 
|  71|0x0000000084700000, 0x0000000084800000, 0x0000000084800000|100%|HC|  |TAMS 0x0000000084700000, 0x0000000084800000| Untracked 
|  72|0x0000000084800000, 0x0000000084900000, 0x0000000084900000|100%|HS|  |TAMS 0x0000000084800000, 0x0000000084900000| Untracked 
|  73|0x0000000084900000, 0x0000000084a00000, 0x0000000084a00000|100%|HS|  |TAMS 0x0000000084900000, 0x0000000084a00000| Untracked 
|  74|0x0000000084a00000, 0x0000000084b00000, 0x0000000084b00000|100%|HS|  |TAMS 0x0000000084a00000, 0x0000000084b00000| Untracked 
|  75|0x0000000084b00000, 0x0000000084c00000, 0x0000000084c00000|100%|HC|  |TAMS 0x0000000084b00000, 0x0000000084c00000| Untracked 
|  76|0x0000000084c00000, 0x0000000084d00000, 0x0000000084d00000|100%|HC|  |TAMS 0x0000000084c00000, 0x0000000084d00000| Untracked 
|  77|0x0000000084d00000, 0x0000000084e00000, 0x0000000084e00000|100%|HC|  |TAMS 0x0000000084d00000, 0x0000000084e00000| Untracked 
|  78|0x0000000084e00000, 0x0000000084f00000, 0x0000000084f00000|100%|HC|  |TAMS 0x0000000084e00000, 0x0000000084f00000| Untracked 
|  79|0x0000000084f00000, 0x0000000085000000, 0x0000000085000000|100%|HC|  |TAMS 0x0000000084f00000, 0x0000000085000000| Untracked 
|  80|0x0000000085000000, 0x0000000085100000, 0x0000000085100000|100%|HS|  |TAMS 0x0000000085000000, 0x0000000085100000| Untracked 
|  81|0x0000000085100000, 0x0000000085200000, 0x0000000085200000|100%|HS|  |TAMS 0x0000000085100000, 0x0000000085200000| Untracked 
|  82|0x0000000085200000, 0x0000000085300000, 0x0000000085300000|100%|HC|  |TAMS 0x0000000085200000, 0x0000000085300000| Untracked 
|  83|0x0000000085300000, 0x0000000085400000, 0x0000000085400000|100%|HC|  |TAMS 0x0000000085300000, 0x0000000085400000| Untracked 
|  84|0x0000000085400000, 0x0000000085500000, 0x0000000085500000|100%|HC|  |TAMS 0x0000000085400000, 0x0000000085500000| Untracked 
|  85|0x0000000085500000, 0x0000000085600000, 0x0000000085600000|100%|HC|  |TAMS 0x0000000085500000, 0x0000000085600000| Untracked 
|  86|0x0000000085600000, 0x0000000085700000, 0x0000000085700000|100%|HC|  |TAMS 0x0000000085600000, 0x0000000085700000| Untracked 
|  87|0x0000000085700000, 0x00000000857ffff8, 0x0000000085800000| 99%| O|  |TAMS 0x0000000085700000, 0x00000000857ffff8| Untracked 
|  88|0x0000000085800000, 0x0000000085900000, 0x0000000085900000|100%| O|  |TAMS 0x0000000085800000, 0x0000000085900000| Untracked 
|  89|0x0000000085900000, 0x0000000085a00000, 0x0000000085a00000|100%|HS|  |TAMS 0x0000000085900000, 0x0000000085a00000| Untracked 
|  90|0x0000000085a00000, 0x0000000085b00000, 0x0000000085b00000|100%|HC|  |TAMS 0x0000000085a00000, 0x0000000085b00000| Untracked 
|  91|0x0000000085b00000, 0x0000000085c00000, 0x0000000085c00000|100%|HC|  |TAMS 0x0000000085b00000, 0x0000000085c00000| Untracked 
|  92|0x0000000085c00000, 0x0000000085d00000, 0x0000000085d00000|100%|HC|  |TAMS 0x0000000085c00000, 0x0000000085d00000| Untracked 
|  93|0x0000000085d00000, 0x0000000085e00000, 0x0000000085e00000|100%|HC|  |TAMS 0x0000000085d00000, 0x0000000085e00000| Untracked 
|  94|0x0000000085e00000, 0x0000000085f00000, 0x0000000085f00000|100%|HC|  |TAMS 0x0000000085e00000, 0x0000000085f00000| Untracked 
|  95|0x0000000085f00000, 0x0000000086000000, 0x0000000086000000|100%|HS|  |TAMS 0x0000000085f00000, 0x0000000086000000| Untracked 
|  96|0x0000000086000000, 0x0000000086100000, 0x0000000086100000|100%|HS|  |TAMS 0x0000000086000000, 0x0000000086100000| Untracked 
|  97|0x0000000086100000, 0x0000000086200000, 0x0000000086200000|100%|HC|  |TAMS 0x0000000086100000, 0x0000000086200000| Untracked 
|  98|0x0000000086200000, 0x0000000086300000, 0x0000000086300000|100%|HC|  |TAMS 0x0000000086200000, 0x0000000086300000| Untracked 
|  99|0x0000000086300000, 0x0000000086400000, 0x0000000086400000|100%|HC|  |TAMS 0x0000000086300000, 0x0000000086400000| Untracked 
| 100|0x0000000086400000, 0x0000000086500000, 0x0000000086500000|100%|HC|  |TAMS 0x0000000086400000, 0x0000000086500000| Untracked 
| 101|0x0000000086500000, 0x0000000086600000, 0x0000000086600000|100%|HC|  |TAMS 0x0000000086500000, 0x0000000086600000| Untracked 
| 102|0x0000000086600000, 0x0000000086700000, 0x0000000086700000|100%|HS|  |TAMS 0x0000000086600000, 0x0000000086700000| Untracked 
| 103|0x0000000086700000, 0x00000000867fffd0, 0x0000000086800000| 99%| O|  |TAMS 0x0000000086700000, 0x00000000867fffd0| Untracked 
| 104|0x0000000086800000, 0x00000000868fffd0, 0x0000000086900000| 99%| O|  |TAMS 0x0000000086800000, 0x00000000868fffd0| Untracked 
| 105|0x0000000086900000, 0x00000000869ffff8, 0x0000000086a00000| 99%| O|  |TAMS 0x0000000086900000, 0x00000000869ffff8| Untracked 
| 106|0x0000000086a00000, 0x0000000086affff8, 0x0000000086b00000| 99%| O|  |TAMS 0x0000000086a00000, 0x0000000086affff8| Untracked 
| 107|0x0000000086b00000, 0x0000000086bffff0, 0x0000000086c00000| 99%| O|  |TAMS 0x0000000086b00000, 0x0000000086bffff0| Untracked 
| 108|0x0000000086c00000, 0x0000000086cfffe8, 0x0000000086d00000| 99%| O|  |TAMS 0x0000000086c00000, 0x0000000086cfffe8| Untracked 
| 109|0x0000000086d00000, 0x0000000086dffff8, 0x0000000086e00000| 99%| O|  |TAMS 0x0000000086d00000, 0x0000000086dffff8| Untracked 
| 110|0x0000000086e00000, 0x0000000086effff8, 0x0000000086f00000| 99%| O|  |TAMS 0x0000000086e00000, 0x0000000086effff8| Untracked 
| 111|0x0000000086f00000, 0x0000000086ffff20, 0x0000000087000000| 99%| O|  |TAMS 0x0000000086f00000, 0x0000000086ffff20| Untracked 
| 112|0x0000000087000000, 0x00000000870fffc8, 0x0000000087100000| 99%| O|  |TAMS 0x0000000087000000, 0x00000000870fffc8| Untracked 
| 113|0x0000000087100000, 0x0000000087200000, 0x0000000087200000|100%| O|  |TAMS 0x0000000087100000, 0x0000000087200000| Untracked 
| 114|0x0000000087200000, 0x00000000872ffff0, 0x0000000087300000| 99%| O|  |TAMS 0x0000000087200000, 0x00000000872ffff0| Untracked 
| 115|0x0000000087300000, 0x0000000087400000, 0x0000000087400000|100%|HS|  |TAMS 0x0000000087300000, 0x0000000087400000| Untracked 
| 116|0x0000000087400000, 0x0000000087500000, 0x0000000087500000|100%|HC|  |TAMS 0x0000000087400000, 0x0000000087500000| Untracked 
| 117|0x0000000087500000, 0x0000000087600000, 0x0000000087600000|100%|HC|  |TAMS 0x0000000087500000, 0x0000000087600000| Untracked 
| 118|0x0000000087600000, 0x0000000087700000, 0x0000000087700000|100%|HC|  |TAMS 0x0000000087600000, 0x0000000087700000| Untracked 
| 119|0x0000000087700000, 0x0000000087800000, 0x0000000087800000|100%|HC|  |TAMS 0x0000000087700000, 0x0000000087800000| Untracked 
| 120|0x0000000087800000, 0x0000000087900000, 0x0000000087900000|100%|HC|  |TAMS 0x0000000087800000, 0x0000000087900000| Untracked 
| 121|0x0000000087900000, 0x0000000087a00000, 0x0000000087a00000|100%|HS|  |TAMS 0x0000000087900000, 0x0000000087a00000| Untracked 
| 122|0x0000000087a00000, 0x0000000087afffe8, 0x0000000087b00000| 99%| O|  |TAMS 0x0000000087a00000, 0x0000000087afffe8| Untracked 
| 123|0x0000000087b00000, 0x0000000087bff338, 0x0000000087c00000| 99%| O|  |TAMS 0x0000000087b00000, 0x0000000087bff338| Untracked 
| 124|0x0000000087c00000, 0x0000000087cfff88, 0x0000000087d00000| 99%| O|  |TAMS 0x0000000087c00000, 0x0000000087cfff88| Untracked 
| 125|0x0000000087d00000, 0x0000000087e00000, 0x0000000087e00000|100%|HS|  |TAMS 0x0000000087d00000, 0x0000000087e00000| Untracked 
| 126|0x0000000087e00000, 0x0000000087f00000, 0x0000000087f00000|100%|HC|  |TAMS 0x0000000087e00000, 0x0000000087f00000| Untracked 
| 127|0x0000000087f00000, 0x0000000088000000, 0x0000000088000000|100%|HC|  |TAMS 0x0000000087f00000, 0x0000000088000000| Untracked 
| 128|0x0000000088000000, 0x0000000088100000, 0x0000000088100000|100%|HC|  |TAMS 0x0000000088000000, 0x0000000088100000| Untracked 
| 129|0x0000000088100000, 0x0000000088200000, 0x0000000088200000|100%|HC|  |TAMS 0x0000000088100000, 0x0000000088200000| Untracked 
| 130|0x0000000088200000, 0x0000000088300000, 0x0000000088300000|100%|HC|  |TAMS 0x0000000088200000, 0x0000000088300000| Untracked 
| 131|0x0000000088300000, 0x0000000088400000, 0x0000000088400000|100%|HS|  |TAMS 0x0000000088300000, 0x0000000088400000| Untracked 
| 132|0x0000000088400000, 0x0000000088500000, 0x0000000088500000|100%|HS|  |TAMS 0x0000000088400000, 0x0000000088500000| Untracked 
| 133|0x0000000088500000, 0x0000000088600000, 0x0000000088600000|100%|HC|  |TAMS 0x0000000088500000, 0x0000000088600000| Untracked 
| 134|0x0000000088600000, 0x0000000088700000, 0x0000000088700000|100%|HC|  |TAMS 0x0000000088600000, 0x0000000088700000| Untracked 
| 135|0x0000000088700000, 0x0000000088800000, 0x0000000088800000|100%|HC|  |TAMS 0x0000000088700000, 0x0000000088800000| Untracked 
| 136|0x0000000088800000, 0x0000000088900000, 0x0000000088900000|100%|HC|  |TAMS 0x0000000088800000, 0x0000000088900000| Untracked 
| 137|0x0000000088900000, 0x0000000088a00000, 0x0000000088a00000|100%|HC|  |TAMS 0x0000000088900000, 0x0000000088a00000| Untracked 
| 138|0x0000000088a00000, 0x0000000088b00000, 0x0000000088b00000|100%|HS|  |TAMS 0x0000000088a00000, 0x0000000088b00000| Untracked 
| 139|0x0000000088b00000, 0x0000000088b4e148, 0x0000000088c00000| 30%| O|  |TAMS 0x0000000088b00000, 0x0000000088b4e148| Untracked 
| 140|0x0000000088c00000, 0x0000000088c4ed58, 0x0000000088d00000| 30%| O|  |TAMS 0x0000000088c00000, 0x0000000088c4ed58| Untracked 
| 141|0x0000000088d00000, 0x0000000088d00000, 0x0000000088e00000|  0%| F|  |TAMS 0x0000000088d00000, 0x0000000088d00000| Untracked 
| 142|0x0000000088e00000, 0x0000000088e00000, 0x0000000088f00000|  0%| F|  |TAMS 0x0000000088e00000, 0x0000000088e00000| Untracked 
| 143|0x0000000088f00000, 0x0000000088f00000, 0x0000000089000000|  0%| F|  |TAMS 0x0000000088f00000, 0x0000000088f00000| Untracked 
| 144|0x0000000089000000, 0x0000000089000000, 0x0000000089100000|  0%| F|  |TAMS 0x0000000089000000, 0x0000000089000000| Untracked 
| 145|0x0000000089100000, 0x0000000089100000, 0x0000000089200000|  0%| F|  |TAMS 0x0000000089100000, 0x0000000089100000| Untracked 
| 146|0x0000000089200000, 0x0000000089200000, 0x0000000089300000|  0%| F|  |TAMS 0x0000000089200000, 0x0000000089200000| Untracked 
| 147|0x0000000089300000, 0x0000000089300000, 0x0000000089400000|  0%| F|  |TAMS 0x0000000089300000, 0x0000000089300000| Untracked 
| 148|0x0000000089400000, 0x0000000089400000, 0x0000000089500000|  0%| F|  |TAMS 0x0000000089400000, 0x0000000089400000| Untracked 
| 149|0x0000000089500000, 0x0000000089500000, 0x0000000089600000|  0%| F|  |TAMS 0x0000000089500000, 0x0000000089500000| Untracked 
| 150|0x0000000089600000, 0x0000000089600000, 0x0000000089700000|  0%| F|  |TAMS 0x0000000089600000, 0x0000000089600000| Untracked 
| 151|0x0000000089700000, 0x0000000089700000, 0x0000000089800000|  0%| F|  |TAMS 0x0000000089700000, 0x0000000089700000| Untracked 
| 152|0x0000000089800000, 0x0000000089800000, 0x0000000089900000|  0%| F|  |TAMS 0x0000000089800000, 0x0000000089800000| Untracked 
| 153|0x0000000089900000, 0x0000000089900000, 0x0000000089a00000|  0%| F|  |TAMS 0x0000000089900000, 0x0000000089900000| Untracked 
| 154|0x0000000089a00000, 0x0000000089a00000, 0x0000000089b00000|  0%| F|  |TAMS 0x0000000089a00000, 0x0000000089a00000| Untracked 
| 155|0x0000000089b00000, 0x0000000089b00000, 0x0000000089c00000|  0%| F|  |TAMS 0x0000000089b00000, 0x0000000089b00000| Untracked 
| 156|0x0000000089c00000, 0x0000000089c00000, 0x0000000089d00000|  0%| F|  |TAMS 0x0000000089c00000, 0x0000000089c00000| Untracked 
| 157|0x0000000089d00000, 0x0000000089d00000, 0x0000000089e00000|  0%| F|  |TAMS 0x0000000089d00000, 0x0000000089d00000| Untracked 
| 158|0x0000000089e00000, 0x0000000089e00000, 0x0000000089f00000|  0%| F|  |TAMS 0x0000000089e00000, 0x0000000089e00000| Untracked 
| 159|0x0000000089f00000, 0x0000000089f00000, 0x000000008a000000|  0%| F|  |TAMS 0x0000000089f00000, 0x0000000089f00000| Untracked 
| 160|0x000000008a000000, 0x000000008a000000, 0x000000008a100000|  0%| F|  |TAMS 0x000000008a000000, 0x000000008a000000| Untracked 
| 161|0x000000008a100000, 0x000000008a100000, 0x000000008a200000|  0%| F|  |TAMS 0x000000008a100000, 0x000000008a100000| Untracked 
| 162|0x000000008a200000, 0x000000008a200000, 0x000000008a300000|  0%| F|  |TAMS 0x000000008a200000, 0x000000008a200000| Untracked 
| 163|0x000000008a300000, 0x000000008a300000, 0x000000008a400000|  0%| F|  |TAMS 0x000000008a300000, 0x000000008a300000| Untracked 
| 164|0x000000008a400000, 0x000000008a400000, 0x000000008a500000|  0%| F|  |TAMS 0x000000008a400000, 0x000000008a400000| Untracked 
| 165|0x000000008a500000, 0x000000008a500000, 0x000000008a600000|  0%| F|  |TAMS 0x000000008a500000, 0x000000008a500000| Untracked 
| 166|0x000000008a600000, 0x000000008a600000, 0x000000008a700000|  0%| F|  |TAMS 0x000000008a600000, 0x000000008a600000| Untracked 
| 167|0x000000008a700000, 0x000000008a700000, 0x000000008a800000|  0%| F|  |TAMS 0x000000008a700000, 0x000000008a700000| Untracked 
| 168|0x000000008a800000, 0x000000008a800000, 0x000000008a900000|  0%| F|  |TAMS 0x000000008a800000, 0x000000008a800000| Untracked 
| 169|0x000000008a900000, 0x000000008a900000, 0x000000008aa00000|  0%| F|  |TAMS 0x000000008a900000, 0x000000008a900000| Untracked 
| 170|0x000000008aa00000, 0x000000008aa00000, 0x000000008ab00000|  0%| F|  |TAMS 0x000000008aa00000, 0x000000008aa00000| Untracked 
| 171|0x000000008ab00000, 0x000000008ab00000, 0x000000008ac00000|  0%| F|  |TAMS 0x000000008ab00000, 0x000000008ab00000| Untracked 
| 172|0x000000008ac00000, 0x000000008ac00000, 0x000000008ad00000|  0%| F|  |TAMS 0x000000008ac00000, 0x000000008ac00000| Untracked 
| 173|0x000000008ad00000, 0x000000008ad00000, 0x000000008ae00000|  0%| F|  |TAMS 0x000000008ad00000, 0x000000008ad00000| Untracked 
| 174|0x000000008ae00000, 0x000000008ae00000, 0x000000008af00000|  0%| F|  |TAMS 0x000000008ae00000, 0x000000008ae00000| Untracked 
| 175|0x000000008af00000, 0x000000008af00000, 0x000000008b000000|  0%| F|  |TAMS 0x000000008af00000, 0x000000008af00000| Untracked 
| 176|0x000000008b000000, 0x000000008b000000, 0x000000008b100000|  0%| F|  |TAMS 0x000000008b000000, 0x000000008b000000| Untracked 
| 177|0x000000008b100000, 0x000000008b100000, 0x000000008b200000|  0%| F|  |TAMS 0x000000008b100000, 0x000000008b100000| Untracked 
| 178|0x000000008b200000, 0x000000008b200000, 0x000000008b300000|  0%| F|  |TAMS 0x000000008b200000, 0x000000008b200000| Untracked 
| 179|0x000000008b300000, 0x000000008b300000, 0x000000008b400000|  0%| F|  |TAMS 0x000000008b300000, 0x000000008b300000| Untracked 
| 180|0x000000008b400000, 0x000000008b400000, 0x000000008b500000|  0%| F|  |TAMS 0x000000008b400000, 0x000000008b400000| Untracked 
| 181|0x000000008b500000, 0x000000008b500000, 0x000000008b600000|  0%| F|  |TAMS 0x000000008b500000, 0x000000008b500000| Untracked 
| 182|0x000000008b600000, 0x000000008b600000, 0x000000008b700000|  0%| F|  |TAMS 0x000000008b600000, 0x000000008b600000| Untracked 
| 183|0x000000008b700000, 0x000000008b700000, 0x000000008b800000|  0%| F|  |TAMS 0x000000008b700000, 0x000000008b700000| Untracked 
| 184|0x000000008b800000, 0x000000008b800000, 0x000000008b900000|  0%| F|  |TAMS 0x000000008b800000, 0x000000008b800000| Untracked 
| 185|0x000000008b900000, 0x000000008b900000, 0x000000008ba00000|  0%| F|  |TAMS 0x000000008b900000, 0x000000008b900000| Untracked 
| 186|0x000000008ba00000, 0x000000008ba00000, 0x000000008bb00000|  0%| F|  |TAMS 0x000000008ba00000, 0x000000008ba00000| Untracked 
| 187|0x000000008bb00000, 0x000000008bb00000, 0x000000008bc00000|  0%| F|  |TAMS 0x000000008bb00000, 0x000000008bb00000| Untracked 
| 188|0x000000008bc00000, 0x000000008bc00000, 0x000000008bd00000|  0%| F|  |TAMS 0x000000008bc00000, 0x000000008bc00000| Untracked 
| 189|0x000000008bd00000, 0x000000008bd00000, 0x000000008be00000|  0%| F|  |TAMS 0x000000008bd00000, 0x000000008bd00000| Untracked 
| 190|0x000000008be00000, 0x000000008be00000, 0x000000008bf00000|  0%| F|  |TAMS 0x000000008be00000, 0x000000008be00000| Untracked 
| 191|0x000000008bf00000, 0x000000008bf00000, 0x000000008c000000|  0%| F|  |TAMS 0x000000008bf00000, 0x000000008bf00000| Untracked 
| 192|0x000000008c000000, 0x000000008c000000, 0x000000008c100000|  0%| F|  |TAMS 0x000000008c000000, 0x000000008c000000| Untracked 
| 193|0x000000008c100000, 0x000000008c100000, 0x000000008c200000|  0%| F|  |TAMS 0x000000008c100000, 0x000000008c100000| Untracked 
| 194|0x000000008c200000, 0x000000008c200000, 0x000000008c300000|  0%| F|  |TAMS 0x000000008c200000, 0x000000008c200000| Untracked 
| 195|0x000000008c300000, 0x000000008c300000, 0x000000008c400000|  0%| F|  |TAMS 0x000000008c300000, 0x000000008c300000| Untracked 
| 196|0x000000008c400000, 0x000000008c400000, 0x000000008c500000|  0%| F|  |TAMS 0x000000008c400000, 0x000000008c400000| Untracked 
| 197|0x000000008c500000, 0x000000008c500000, 0x000000008c600000|  0%| F|  |TAMS 0x000000008c500000, 0x000000008c500000| Untracked 
| 198|0x000000008c600000, 0x000000008c600000, 0x000000008c700000|  0%| F|  |TAMS 0x000000008c600000, 0x000000008c600000| Untracked 
| 199|0x000000008c700000, 0x000000008c700000, 0x000000008c800000|  0%| F|  |TAMS 0x000000008c700000, 0x000000008c700000| Untracked 
| 200|0x000000008c800000, 0x000000008c800000, 0x000000008c900000|  0%| F|  |TAMS 0x000000008c800000, 0x000000008c800000| Untracked 
| 201|0x000000008c900000, 0x000000008c900000, 0x000000008ca00000|  0%| F|  |TAMS 0x000000008c900000, 0x000000008c900000| Untracked 
| 202|0x000000008ca00000, 0x000000008ca00000, 0x000000008cb00000|  0%| F|  |TAMS 0x000000008ca00000, 0x000000008ca00000| Untracked 
| 203|0x000000008cb00000, 0x000000008cb00000, 0x000000008cc00000|  0%| F|  |TAMS 0x000000008cb00000, 0x000000008cb00000| Untracked 
| 204|0x000000008cc00000, 0x000000008cc00000, 0x000000008cd00000|  0%| F|  |TAMS 0x000000008cc00000, 0x000000008cc00000| Untracked 
| 205|0x000000008cd00000, 0x000000008cd00000, 0x000000008ce00000|  0%| F|  |TAMS 0x000000008cd00000, 0x000000008cd00000| Untracked 
| 206|0x000000008ce00000, 0x000000008ce00000, 0x000000008cf00000|  0%| F|  |TAMS 0x000000008ce00000, 0x000000008ce00000| Untracked 
| 207|0x000000008cf00000, 0x000000008cf00000, 0x000000008d000000|  0%| F|  |TAMS 0x000000008cf00000, 0x000000008cf00000| Untracked 
| 208|0x000000008d000000, 0x000000008d000000, 0x000000008d100000|  0%| F|  |TAMS 0x000000008d000000, 0x000000008d000000| Untracked 
| 209|0x000000008d100000, 0x000000008d100000, 0x000000008d200000|  0%| F|  |TAMS 0x000000008d100000, 0x000000008d100000| Untracked 
| 210|0x000000008d200000, 0x000000008d200000, 0x000000008d300000|  0%| F|  |TAMS 0x000000008d200000, 0x000000008d200000| Untracked 
| 211|0x000000008d300000, 0x000000008d300000, 0x000000008d400000|  0%| F|  |TAMS 0x000000008d300000, 0x000000008d300000| Untracked 
| 212|0x000000008d400000, 0x000000008d400000, 0x000000008d500000|  0%| F|  |TAMS 0x000000008d400000, 0x000000008d400000| Untracked 
| 213|0x000000008d500000, 0x000000008d500000, 0x000000008d600000|  0%| F|  |TAMS 0x000000008d500000, 0x000000008d500000| Untracked 
| 214|0x000000008d600000, 0x000000008d600000, 0x000000008d700000|  0%| F|  |TAMS 0x000000008d600000, 0x000000008d600000| Untracked 
| 215|0x000000008d700000, 0x000000008d700000, 0x000000008d800000|  0%| F|  |TAMS 0x000000008d700000, 0x000000008d700000| Untracked 
| 216|0x000000008d800000, 0x000000008d800000, 0x000000008d900000|  0%| F|  |TAMS 0x000000008d800000, 0x000000008d800000| Untracked 
| 217|0x000000008d900000, 0x000000008d900000, 0x000000008da00000|  0%| F|  |TAMS 0x000000008d900000, 0x000000008d900000| Untracked 
| 218|0x000000008da00000, 0x000000008da00000, 0x000000008db00000|  0%| F|  |TAMS 0x000000008da00000, 0x000000008da00000| Untracked 
| 219|0x000000008db00000, 0x000000008db00000, 0x000000008dc00000|  0%| F|  |TAMS 0x000000008db00000, 0x000000008db00000| Untracked 
| 220|0x000000008dc00000, 0x000000008dc00000, 0x000000008dd00000|  0%| F|  |TAMS 0x000000008dc00000, 0x000000008dc00000| Untracked 
| 221|0x000000008dd00000, 0x000000008dd00000, 0x000000008de00000|  0%| F|  |TAMS 0x000000008dd00000, 0x000000008dd00000| Untracked 
| 222|0x000000008de00000, 0x000000008de00000, 0x000000008df00000|  0%| F|  |TAMS 0x000000008de00000, 0x000000008de00000| Untracked 
| 223|0x000000008df00000, 0x000000008df00000, 0x000000008e000000|  0%| F|  |TAMS 0x000000008df00000, 0x000000008df00000| Untracked 
| 224|0x000000008e000000, 0x000000008e000000, 0x000000008e100000|  0%| F|  |TAMS 0x000000008e000000, 0x000000008e000000| Untracked 
| 225|0x000000008e100000, 0x000000008e100000, 0x000000008e200000|  0%| F|  |TAMS 0x000000008e100000, 0x000000008e100000| Untracked 
| 226|0x000000008e200000, 0x000000008e200000, 0x000000008e300000|  0%| F|  |TAMS 0x000000008e200000, 0x000000008e200000| Untracked 
| 227|0x000000008e300000, 0x000000008e300000, 0x000000008e400000|  0%| F|  |TAMS 0x000000008e300000, 0x000000008e300000| Untracked 
| 228|0x000000008e400000, 0x000000008e400000, 0x000000008e500000|  0%| F|  |TAMS 0x000000008e400000, 0x000000008e400000| Untracked 
| 229|0x000000008e500000, 0x000000008e500000, 0x000000008e600000|  0%| F|  |TAMS 0x000000008e500000, 0x000000008e500000| Untracked 
| 230|0x000000008e600000, 0x000000008e600000, 0x000000008e700000|  0%| F|  |TAMS 0x000000008e600000, 0x000000008e600000| Untracked 
| 231|0x000000008e700000, 0x000000008e700000, 0x000000008e800000|  0%| F|  |TAMS 0x000000008e700000, 0x000000008e700000| Untracked 
| 232|0x000000008e800000, 0x000000008e800000, 0x000000008e900000|  0%| F|  |TAMS 0x000000008e800000, 0x000000008e800000| Untracked 
| 233|0x000000008e900000, 0x000000008e900000, 0x000000008ea00000|  0%| F|  |TAMS 0x000000008e900000, 0x000000008e900000| Untracked 
| 234|0x000000008ea00000, 0x000000008ea00000, 0x000000008eb00000|  0%| F|  |TAMS 0x000000008ea00000, 0x000000008ea00000| Untracked 
| 235|0x000000008eb00000, 0x000000008eb00000, 0x000000008ec00000|  0%| F|  |TAMS 0x000000008eb00000, 0x000000008eb00000| Untracked 
| 236|0x000000008ec00000, 0x000000008ec00000, 0x000000008ed00000|  0%| F|  |TAMS 0x000000008ec00000, 0x000000008ec00000| Untracked 
| 237|0x000000008ed00000, 0x000000008ed00000, 0x000000008ee00000|  0%| F|  |TAMS 0x000000008ed00000, 0x000000008ed00000| Untracked 
| 238|0x000000008ee00000, 0x000000008ee00000, 0x000000008ef00000|  0%| F|  |TAMS 0x000000008ee00000, 0x000000008ee00000| Untracked 
| 239|0x000000008ef00000, 0x000000008ef00000, 0x000000008f000000|  0%| F|  |TAMS 0x000000008ef00000, 0x000000008ef00000| Untracked 
| 240|0x000000008f000000, 0x000000008f000000, 0x000000008f100000|  0%| F|  |TAMS 0x000000008f000000, 0x000000008f000000| Untracked 
| 241|0x000000008f100000, 0x000000008f100000, 0x000000008f200000|  0%| F|  |TAMS 0x000000008f100000, 0x000000008f100000| Untracked 
| 242|0x000000008f200000, 0x000000008f200000, 0x000000008f300000|  0%| F|  |TAMS 0x000000008f200000, 0x000000008f200000| Untracked 
| 243|0x000000008f300000, 0x000000008f300000, 0x000000008f400000|  0%| F|  |TAMS 0x000000008f300000, 0x000000008f300000| Untracked 
| 244|0x000000008f400000, 0x000000008f400000, 0x000000008f500000|  0%| F|  |TAMS 0x000000008f400000, 0x000000008f400000| Untracked 
| 245|0x000000008f500000, 0x000000008f500000, 0x000000008f600000|  0%| F|  |TAMS 0x000000008f500000, 0x000000008f500000| Untracked 
| 246|0x000000008f600000, 0x000000008f600000, 0x000000008f700000|  0%| F|  |TAMS 0x000000008f600000, 0x000000008f600000| Untracked 
| 247|0x000000008f700000, 0x000000008f700000, 0x000000008f800000|  0%| F|  |TAMS 0x000000008f700000, 0x000000008f700000| Untracked 
| 248|0x000000008f800000, 0x000000008f800000, 0x000000008f900000|  0%| F|  |TAMS 0x000000008f800000, 0x000000008f800000| Untracked 
| 249|0x000000008f900000, 0x000000008f900000, 0x000000008fa00000|  0%| F|  |TAMS 0x000000008f900000, 0x000000008f900000| Untracked 
| 250|0x000000008fa00000, 0x000000008fa00000, 0x000000008fb00000|  0%| F|  |TAMS 0x000000008fa00000, 0x000000008fa00000| Untracked 
| 251|0x000000008fb00000, 0x000000008fb00000, 0x000000008fc00000|  0%| F|  |TAMS 0x000000008fb00000, 0x000000008fb00000| Untracked 
| 252|0x000000008fc00000, 0x000000008fc00000, 0x000000008fd00000|  0%| F|  |TAMS 0x000000008fc00000, 0x000000008fc00000| Untracked 
| 253|0x000000008fd00000, 0x000000008fd00000, 0x000000008fe00000|  0%| F|  |TAMS 0x000000008fd00000, 0x000000008fd00000| Untracked 
| 254|0x000000008fe00000, 0x000000008fe00000, 0x000000008ff00000|  0%| F|  |TAMS 0x000000008fe00000, 0x000000008fe00000| Untracked 
| 255|0x000000008ff00000, 0x000000008ff00e38, 0x0000000090000000|  0%| S|CS|TAMS 0x000000008ff00000, 0x000000008ff00000| Complete 
| 256|0x0000000090000000, 0x0000000090000000, 0x0000000090100000|  0%| F|  |TAMS 0x0000000090000000, 0x0000000090000000| Untracked 

Card table byte_map: [0x000001806c3d0000,0x000001806c7d0000] _byte_map_base: 0x000001806bfd0000

Marking Bits (Prev, Next): (CMBitMap*) 0x0000018052c8cfe8, (CMBitMap*) 0x0000018052c8d028
 Prev Bits: [0x000001806cbd0000, 0x000001806ebd0000)
 Next Bits: [0x000001806ebd0000, 0x0000018070bd0000)

Polling page: 0x00000180529d0000

Metaspace:

Usage:
  Non-class:     26.26 MB capacity,    25.62 MB ( 98%) used,   602.59 KB (  2%) free+waste,    55.25 KB ( <1%) overhead. 
      Class:      3.97 MB capacity,     3.37 MB ( 85%) used,   589.62 KB ( 14%) free+waste,    31.81 KB ( <1%) overhead. 
       Both:     30.23 MB capacity,    28.98 MB ( 96%) used,     1.16 MB (  4%) free+waste,    87.06 KB ( <1%) overhead. 

Virtual space:
  Non-class space:       28.00 MB reserved,      26.50 MB ( 95%) committed 
      Class space:        1.00 GB reserved,       4.00 MB ( <1%) committed 
             Both:        1.03 GB reserved,      30.50 MB (  3%) committed 

Chunk freelists:
   Non-Class:  55.00 KB
       Class:  27.00 KB
        Both:  82.00 KB

MaxMetaspaceSize: 17179869184.00 GB
CompressedClassSpaceSize: 1.00 GB

CodeHeap 'non-profiled nmethods': size=120064Kb used=1952Kb max_used=1952Kb free=118111Kb
 bounds [0x0000018064690000, 0x0000018064900000, 0x000001806bbd0000]
CodeHeap 'profiled nmethods': size=120000Kb used=7988Kb max_used=7988Kb free=112011Kb
 bounds [0x000001805d160000, 0x000001805d930000, 0x0000018064690000]
CodeHeap 'non-nmethods': size=5696Kb used=2340Kb max_used=2382Kb free=3355Kb
 bounds [0x000001805cbd0000, 0x000001805ce40000, 0x000001805d160000]
 total_blobs=5337 nmethods=3431 adapters=724
 compilation: enabled
              stopped_count=0, restarted_count=0
 full_count=0

Compilation events (20 events):
Event: 8.575 Thread 0x0000018072fe8800 nmethod 3446 0x0000018064876d90 code [0x0000018064876f20, 0x0000018064876ff8]
Event: 8.575 Thread 0x0000018072fe8800 3448       3       org.apache.commons.text.diff.EditScript::append (22 bytes)
Event: 8.576 Thread 0x0000018072fe8800 nmethod 3448 0x000001805d91f690 code [0x000001805d91f840, 0x000001805d91fa48]
Event: 8.576 Thread 0x0000018072fe8800 3449       3       java.lang.Character::toString (16 bytes)
Event: 8.576 Thread 0x0000018072fe8800 nmethod 3449 0x000001805d91fb10 code [0x000001805d91fcc0, 0x000001805d920008]
Event: 8.576 Thread 0x0000018072fe8800 3450       3       org.apache.commons.text.diff.KeepCommand::accept (11 bytes)
Event: 8.576 Thread 0x0000018072fe8800 nmethod 3450 0x000001805d920110 code [0x000001805d9202c0, 0x000001805d920688]
Event: 8.577 Thread 0x0000018072fe8800 3451       1       org.apache.commons.text.diff.StringsComparator$Snake::getStart (5 bytes)
Event: 8.577 Thread 0x0000018072fe8800 nmethod 3451 0x0000018064877090 code [0x0000018064877220, 0x00000180648772f8]
Event: 8.577 Thread 0x0000018072fe8800 3452       3       com.abb.dias.api.automation.core.diffhmtlhighlighter.FileCommandsVisitor::visitKeepCommand (103 bytes)
Event: 8.579 Thread 0x0000018072fe8800 nmethod 3452 0x000001805d920810 code [0x000001805d920cc0, 0x000001805d923008]
Event: 8.579 Thread 0x0000018072fe8800 3453       3       org.apache.commons.text.diff.StringsComparator::getMiddleSnake (593 bytes)
Event: 8.579 Thread 0x0000018072fdd000 nmethod 3447 0x0000018064877390 code [0x0000018064877540, 0x0000018064877b58]
Event: 8.582 Thread 0x0000018072fe8800 nmethod 3453 0x000001805d923b10 code [0x000001805d923f60, 0x000001805d926608]
Event: 8.582 Thread 0x0000018072fe8800 3455       3       org.apache.commons.text.diff.StringsComparator::buildScript (313 bytes)
Event: 8.585 Thread 0x0000018072fe8800 nmethod 3455 0x000001805d927910 code [0x000001805d927f40, 0x000001805d92ba48]
Event: 8.585 Thread 0x0000018072fe8800 3454       1       org.apache.commons.text.diff.StringsComparator$Snake::getDiag (5 bytes)
Event: 8.585 Thread 0x0000018072fe8800 nmethod 3454 0x0000018064877d10 code [0x0000018064877ea0, 0x0000018064877f78]
Event: 8.671 Thread 0x0000018072fe8800 3456       1       jxl.read.biff.BoundsheetRecord::getName (5 bytes)
Event: 8.671 Thread 0x0000018072fe8800 nmethod 3456 0x0000018064878010 code [0x00000180648781a0, 0x0000018064878278]

GC Heap History (20 events):
Event: 8.372 GC heap after
{Heap after GC invocations=67 (full 31):
 garbage-first heap   total 263168K, used 126624K [0x0000000080000000, 0x0000000100000000)
  region size 1024K, 1 young (1024K), 1 survivors (1024K)
 Metaspace       used 29575K, capacity 30830K, committed 30976K, reserved 1077248K
  class space    used 3440K, capacity 4069K, committed 4096K, reserved 1048576K
}
Event: 8.376 GC heap before
{Heap before GC invocations=67 (full 31):
 garbage-first heap   total 263168K, used 129696K [0x0000000080000000, 0x0000000100000000)
  region size 1024K, 4 young (4096K), 1 survivors (1024K)
 Metaspace       used 29575K, capacity 30830K, committed 30976K, reserved 1077248K
  class space    used 3440K, capacity 4069K, committed 4096K, reserved 1048576K
}
Event: 8.425 GC heap after
{Heap after GC invocations=68 (full 32):
 garbage-first heap   total 263168K, used 127202K [0x0000000080000000, 0x0000000100000000)
  region size 1024K, 0 young (0K), 0 survivors (0K)
 Metaspace       used 29575K, capacity 30830K, committed 30976K, reserved 1077248K
  class space    used 3440K, capacity 4069K, committed 4096K, reserved 1048576K
}
Event: 8.436 GC heap before
{Heap before GC invocations=68 (full 32):
 garbage-first heap   total 263168K, used 127202K [0x0000000080000000, 0x0000000100000000)
  region size 1024K, 1 young (1024K), 0 survivors (0K)
 Metaspace       used 29644K, capacity 30894K, committed 30976K, reserved 1077248K
  class space    used 3444K, capacity 4069K, committed 4096K, reserved 1048576K
}
Event: 8.437 GC heap after
{Heap after GC invocations=69 (full 32):
 garbage-first heap   total 263168K, used 127269K [0x0000000080000000, 0x0000000100000000)
  region size 1024K, 1 young (1024K), 1 survivors (1024K)
 Metaspace       used 29644K, capacity 30894K, committed 30976K, reserved 1077248K
  class space    used 3444K, capacity 4069K, committed 4096K, reserved 1048576K
}
Event: 8.455 GC heap before
{Heap before GC invocations=69 (full 32):
 garbage-first heap   total 263168K, used 134437K [0x0000000080000000, 0x0000000100000000)
  region size 1024K, 2 young (2048K), 1 survivors (1024K)
 Metaspace       used 29644K, capacity 30894K, committed 30976K, reserved 1077248K
  class space    used 3444K, capacity 4069K, committed 4096K, reserved 1048576K
}
Event: 8.513 GC heap after
{Heap after GC invocations=70 (full 33):
 garbage-first heap   total 263168K, used 134433K [0x0000000080000000, 0x0000000100000000)
  region size 1024K, 0 young (0K), 0 survivors (0K)
 Metaspace       used 29644K, capacity 30894K, committed 30976K, reserved 1077248K
  class space    used 3444K, capacity 4069K, committed 4096K, reserved 1048576K
}
Event: 8.514 GC heap before
{Heap before GC invocations=70 (full 33):
 garbage-first heap   total 263168K, used 134433K [0x0000000080000000, 0x0000000100000000)
  region size 1024K, 1 young (1024K), 0 survivors (0K)
 Metaspace       used 29644K, capacity 30894K, committed 30976K, reserved 1077248K
  class space    used 3444K, capacity 4069K, committed 4096K, reserved 1048576K
}
Event: 8.515 GC heap after
{Heap after GC invocations=71 (full 33):
 garbage-first heap   total 263168K, used 134481K [0x0000000080000000, 0x0000000100000000)
  region size 1024K, 1 young (1024K), 1 survivors (1024K)
 Metaspace       used 29644K, capacity 30894K, committed 30976K, reserved 1077248K
  class space    used 3444K, capacity 4069K, committed 4096K, reserved 1048576K
}
Event: 8.518 GC heap before
{Heap before GC invocations=71 (full 33):
 garbage-first heap   total 263168K, used 137553K [0x0000000080000000, 0x0000000100000000)
  region size 1024K, 4 young (4096K), 1 survivors (1024K)
 Metaspace       used 29644K, capacity 30894K, committed 30976K, reserved 1077248K
  class space    used 3444K, capacity 4069K, committed 4096K, reserved 1048576K
}
Event: 8.571 GC heap after
{Heap after GC invocations=72 (full 34):
 garbage-first heap   total 263168K, used 135094K [0x0000000080000000, 0x0000000100000000)
  region size 1024K, 0 young (0K), 0 survivors (0K)
 Metaspace       used 29644K, capacity 30894K, committed 30976K, reserved 1077248K
  class space    used 3444K, capacity 4069K, committed 4096K, reserved 1048576K
}
Event: 8.600 GC heap before
{Heap before GC invocations=72 (full 34):
 garbage-first heap   total 263168K, used 140214K [0x0000000080000000, 0x0000000100000000)
  region size 1024K, 6 young (6144K), 0 survivors (0K)
 Metaspace       used 29678K, capacity 30958K, committed 31232K, reserved 1077248K
  class space    used 3447K, capacity 4069K, committed 4096K, reserved 1048576K
}
Event: 8.601 GC heap after
{Heap after GC invocations=73 (full 34):
 garbage-first heap   total 263168K, used 135136K [0x0000000080000000, 0x0000000100000000)
  region size 1024K, 1 young (1024K), 1 survivors (1024K)
 Metaspace       used 29678K, capacity 30958K, committed 31232K, reserved 1077248K
  class space    used 3447K, capacity 4069K, committed 4096K, reserved 1048576K
}
Event: 8.613 GC heap before
{Heap before GC invocations=73 (full 34):
 garbage-first heap   total 263168K, used 142304K [0x0000000080000000, 0x0000000100000000)
  region size 1024K, 2 young (2048K), 1 survivors (1024K)
 Metaspace       used 29678K, capacity 30958K, committed 31232K, reserved 1077248K
  class space    used 3447K, capacity 4069K, committed 4096K, reserved 1048576K
}
Event: 8.666 GC heap after
{Heap after GC invocations=74 (full 35):
 garbage-first heap   total 263168K, used 142257K [0x0000000080000000, 0x0000000100000000)
  region size 1024K, 0 young (0K), 0 survivors (0K)
 Metaspace       used 29678K, capacity 30958K, committed 31232K, reserved 1077248K
  class space    used 3447K, capacity 4069K, committed 4096K, reserved 1048576K
}
Event: 8.667 GC heap before
{Heap before GC invocations=74 (full 35):
 garbage-first heap   total 263168K, used 142257K [0x0000000080000000, 0x0000000100000000)
  region size 1024K, 1 young (1024K), 0 survivors (0K)
 Metaspace       used 29678K, capacity 30958K, committed 31232K, reserved 1077248K
  class space    used 3447K, capacity 4069K, committed 4096K, reserved 1048576K
}
Event: 8.668 GC heap after
{Heap after GC invocations=75 (full 35):
 garbage-first heap   total 263168K, used 142301K [0x0000000080000000, 0x0000000100000000)
  region size 1024K, 1 young (1024K), 1 survivors (1024K)
 Metaspace       used 29678K, capacity 30958K, committed 31232K, reserved 1077248K
  class space    used 3447K, capacity 4069K, committed 4096K, reserved 1048576K
}
Event: 8.672 GC heap before
{Heap before GC invocations=75 (full 35):
 garbage-first heap   total 263168K, used 145373K [0x0000000080000000, 0x0000000100000000)
  region size 1024K, 4 young (4096K), 1 survivors (1024K)
 Metaspace       used 29678K, capacity 30958K, committed 31232K, reserved 1077248K
  class space    used 3447K, capacity 4069K, committed 4096K, reserved 1048576K
}
Event: 8.723 GC heap after
{Heap after GC invocations=76 (full 36):
 garbage-first heap   total 263168K, used 142917K [0x0000000080000000, 0x0000000100000000)
  region size 1024K, 0 young (0K), 0 survivors (0K)
 Metaspace       used 29678K, capacity 30958K, committed 31232K, reserved 1077248K
  class space    used 3447K, capacity 4069K, committed 4096K, reserved 1048576K
}
Event: 8.738 GC heap before
{Heap before GC invocations=76 (full 36):
 garbage-first heap   total 263168K, used 142917K [0x0000000080000000, 0x0000000100000000)
  region size 1024K, 1 young (1024K), 0 survivors (0K)
 Metaspace       used 29678K, capacity 30958K, committed 31232K, reserved 1077248K
  class space    used 3447K, capacity 4069K, committed 4096K, reserved 1048576K
}

Deoptimization events (20 events):
Event: 7.628 Thread 0x0000018052c4b000 DEOPT PACKING pc=0x000001805d7bfb9b sp=0x000000045f8fcb70
Event: 7.628 Thread 0x0000018052c4b000 DEOPT UNPACKING pc=0x000001805cc1964e sp=0x000000045f8fbff0 mode 0
Event: 7.629 Thread 0x0000018052c4b000 DEOPT PACKING pc=0x000001805d7b9143 sp=0x000000045f8fca80
Event: 7.629 Thread 0x0000018052c4b000 DEOPT UNPACKING pc=0x000001805cc1964e sp=0x000000045f8fbf38 mode 0
Event: 7.629 Thread 0x0000018052c4b000 DEOPT PACKING pc=0x000001805d7bfb9b sp=0x000000045f8fcb70
Event: 7.629 Thread 0x0000018052c4b000 DEOPT UNPACKING pc=0x000001805cc1964e sp=0x000000045f8fbff0 mode 0
Event: 7.629 Thread 0x0000018052c4b000 DEOPT PACKING pc=0x000001805d8e2e06 sp=0x000000045f8fc8c0
Event: 7.629 Thread 0x0000018052c4b000 DEOPT UNPACKING pc=0x000001805cc1964e sp=0x000000045f8fbd58 mode 0
Event: 7.630 Thread 0x0000018052c4b000 DEOPT PACKING pc=0x000001805d8e2e06 sp=0x000000045f8fcb50
Event: 7.630 Thread 0x0000018052c4b000 DEOPT UNPACKING pc=0x000001805cc1964e sp=0x000000045f8fbfe8 mode 0
Event: 7.640 Thread 0x0000018052c4b000 DEOPT PACKING pc=0x000001805d8e303b sp=0x000000045f8fcc40
Event: 7.640 Thread 0x0000018052c4b000 DEOPT UNPACKING pc=0x000001805cc1964e sp=0x000000045f8fc0d8 mode 0
Event: 7.675 Thread 0x0000018052c4b000 Uncommon trap: trap_request=0xffffff45 fr.pc=0x0000018064847324 relative=0x0000000000000ac4
Event: 7.675 Thread 0x0000018052c4b000 Uncommon trap: reason=unstable_if action=reinterpret pc=0x0000018064847324 method=java.util.HashMap.putVal(ILjava/lang/Object;Ljava/lang/Object;ZZ)Ljava/lang/Object; @ 109 c2
Event: 7.675 Thread 0x0000018052c4b000 DEOPT PACKING pc=0x0000018064847324 sp=0x000000045f8fc5d0
Event: 7.675 Thread 0x0000018052c4b000 DEOPT UNPACKING pc=0x000001805cc1912f sp=0x000000045f8fc578 mode 2
Event: 7.675 Thread 0x0000018052c4b000 Uncommon trap: trap_request=0xffffff45 fr.pc=0x0000018064774e4c relative=0x0000000000000a0c
Event: 7.675 Thread 0x0000018052c4b000 Uncommon trap: reason=unstable_if action=reinterpret pc=0x0000018064774e4c method=java.util.HashMap.resize()[Ljava/util/HashMap$Node; @ 203 c2
Event: 7.675 Thread 0x0000018052c4b000 DEOPT PACKING pc=0x0000018064774e4c sp=0x000000045f8fc4f0
Event: 7.675 Thread 0x0000018052c4b000 DEOPT UNPACKING pc=0x000001805cc1912f sp=0x000000045f8fc498 mode 2

Classes unloaded (0 events):
No events

Classes redefined (0 events):
No events

Internal exceptions (20 events):
Event: 6.947 Thread 0x0000018052c4b000 Exception <a 'java/lang/ClassNotFoundException'{0x000000008ba03e40}: org/apache/http/client/methods/HttpExecutionAwareCustomizer> (0x000000008ba03e40) 
thrown [./open/src/hotspot/share/classfile/systemDictionary.cpp, line 226]
Event: 6.948 Thread 0x0000018052c4b000 Exception <a 'java/lang/ClassNotFoundException'{0x000000008ba250f8}: org/apache/http/client/methods/AbortableHttpRequestBeanInfo> (0x000000008ba250f8) 
thrown [./open/src/hotspot/share/classfile/systemDictionary.cpp, line 226]
Event: 6.949 Thread 0x0000018052c4b000 Exception <a 'java/lang/ClassNotFoundException'{0x000000008ba36d30}: org/apache/http/client/methods/AbortableHttpRequestCustomizer> (0x000000008ba36d30) 
thrown [./open/src/hotspot/share/classfile/systemDictionary.cpp, line 226]
Event: 6.950 Thread 0x0000018052c4b000 Exception <a 'java/lang/ClassNotFoundException'{0x000000008ba47080}: java/lang/CloneableBeanInfo> (0x000000008ba47080) 
thrown [./open/src/hotspot/share/classfile/systemDictionary.cpp, line 226]
Event: 6.950 Thread 0x0000018052c4b000 Exception <a 'java/lang/ClassNotFoundException'{0x000000008ba48d68}: java/lang/CloneableCustomizer> (0x000000008ba48d68) 
thrown [./open/src/hotspot/share/classfile/systemDictionary.cpp, line 226]
Event: 6.951 Thread 0x0000018052c4b000 Exception <a 'java/lang/ClassNotFoundException'{0x000000008ba62970}: org/apache/http/HttpRequestBeanInfo> (0x000000008ba62970) 
thrown [./open/src/hotspot/share/classfile/systemDictionary.cpp, line 226]
Event: 6.951 Thread 0x0000018052c4b000 Exception <a 'java/lang/ClassNotFoundException'{0x000000008ba70940}: org/apache/http/HttpRequestCustomizer> (0x000000008ba70940) 
thrown [./open/src/hotspot/share/classfile/systemDictionary.cpp, line 226]
Event: 6.953 Thread 0x0000018052c4b000 Exception <a 'java/lang/ClassNotFoundException'{0x000000008ba90e20}: org/apache/http/client/methods/HttpUriRequestBeanInfo> (0x000000008ba90e20) 
thrown [./open/src/hotspot/share/classfile/systemDictionary.cpp, line 226]
Event: 6.953 Thread 0x0000018052c4b000 Exception <a 'java/lang/ClassNotFoundException'{0x000000008baa1670}: org/apache/http/client/methods/HttpUriRequestCustomizer> (0x000000008baa1670) 
thrown [./open/src/hotspot/share/classfile/systemDictionary.cpp, line 226]
Event: 6.954 Thread 0x0000018052c4b000 Exception <a 'java/lang/ClassNotFoundException'{0x000000008bac25b0}: org/apache/http/client/methods/ConfigurableBeanInfo> (0x000000008bac25b0) 
thrown [./open/src/hotspot/share/classfile/systemDictionary.cpp, line 226]
Event: 6.955 Thread 0x0000018052c4b000 Exception <a 'java/lang/ClassNotFoundException'{0x000000008bad2de0}: org/apache/http/client/methods/ConfigurableCustomizer> (0x000000008bad2de0) 
thrown [./open/src/hotspot/share/classfile/systemDictionary.cpp, line 226]
Event: 6.957 Thread 0x0000018052c4b000 Exception <a 'java/lang/ClassNotFoundException'{0x000000008baf4708}: groovy/runtime/metaclass/[Lorg/apache/http/Header;MetaClass> (0x000000008baf4708) 
thrown [./open/src/hotspot/share/prims/jni.cpp, line 620]
Event: 6.958 Thread 0x0000018052c4b000 Exception <a 'java/lang/ClassNotFoundException'{0x000000008bafa488}: [Lorg/apache/http/Header;BeanInfo> (0x000000008bafa488) 
thrown [./open/src/hotspot/share/prims/jni.cpp, line 620]
Event: 6.958 Thread 0x0000018052c4b000 Exception <a 'java/lang/ClassNotFoundException'{0x000000008bafb248}: [Lorg/apache/http/Header;BeanInfo> (0x000000008bafb248) 
thrown [./open/src/hotspot/share/prims/jni.cpp, line 620]
Event: 6.958 Thread 0x0000018052c4b000 Exception <a 'java/lang/ClassNotFoundException'{0x000000008bafc008}: [Lorg/apache/http/Header;BeanInfo> (0x000000008bafc008) 
thrown [./open/src/hotspot/share/prims/jni.cpp, line 620]
Event: 6.958 Thread 0x0000018052c4b000 Exception <a 'java/lang/ClassNotFoundException'{0x000000008bafce90}: [Lorg/apache/http/Header;Customizer> (0x000000008bafce90) 
thrown [./open/src/hotspot/share/prims/jni.cpp, line 620]
Event: 6.958 Thread 0x0000018052c4b000 Exception <a 'java/lang/ClassNotFoundException'{0x000000008bafdc50}: [Lorg/apache/http/Header;Customizer> (0x000000008bafdc50) 
thrown [./open/src/hotspot/share/prims/jni.cpp, line 620]
Event: 6.958 Thread 0x0000018052c4b000 Exception <a 'java/lang/ClassNotFoundException'{0x000000008bafea10}: [Lorg/apache/http/Header;Customizer> (0x000000008bafea10) 
thrown [./open/src/hotspot/share/prims/jni.cpp, line 620]
Event: 7.186 Thread 0x0000018052c4b000 Exception <a 'java/lang/ClassNotFoundException'{0x000000008b9bf720}: io/restassured/internal/http/ContentTypeExtractorBeanInfo> (0x000000008b9bf720) 
thrown [./open/src/hotspot/share/classfile/systemDictionary.cpp, line 226]
Event: 7.187 Thread 0x0000018052c4b000 Exception <a 'java/lang/ClassNotFoundException'{0x000000008b9d0338}: io/restassured/internal/http/ContentTypeExtractorCustomizer> (0x000000008b9d0338) 
thrown [./open/src/hotspot/share/classfile/systemDictionary.cpp, line 226]

Events (20 events):
Event: 8.373 Executing VM operation: G1TryInitiateConcMark done
Event: 8.376 Executing VM operation: G1CollectFull
Event: 8.425 Executing VM operation: G1CollectFull done
Event: 8.436 Executing VM operation: G1TryInitiateConcMark
Event: 8.437 Executing VM operation: G1TryInitiateConcMark done
Event: 8.455 Executing VM operation: G1CollectFull
Event: 8.514 Executing VM operation: G1CollectFull done
Event: 8.514 Executing VM operation: G1TryInitiateConcMark
Event: 8.515 Executing VM operation: G1TryInitiateConcMark done
Event: 8.518 Executing VM operation: G1CollectFull
Event: 8.571 Executing VM operation: G1CollectFull done
Event: 8.599 Executing VM operation: G1TryInitiateConcMark
Event: 8.601 Executing VM operation: G1TryInitiateConcMark done
Event: 8.613 Executing VM operation: G1CollectFull
Event: 8.667 Executing VM operation: G1CollectFull done
Event: 8.667 Executing VM operation: G1TryInitiateConcMark
Event: 8.668 Executing VM operation: G1TryInitiateConcMark done
Event: 8.672 Executing VM operation: G1CollectFull
Event: 8.724 Executing VM operation: G1CollectFull done
Event: 8.735 Executing VM operation: G1TryInitiateConcMark


Dynamic libraries:
0x00007ff714850000 - 0x00007ff71485f000 	C:\Program Files\Java\jdk-14.0.1\bin\java.exe
0x00007ffc41da0000 - 0x00007ffc41f90000 	C:\WINDOWS\SYSTEM32\ntdll.dll
0x00007ffc403f0000 - 0x00007ffc404a2000 	C:\WINDOWS\System32\KERNEL32.DLL
0x00007ffc3fba0000 - 0x00007ffc3fe44000 	C:\WINDOWS\System32\KERNELBASE.dll
0x00007ffc3f8b0000 - 0x00007ffc3f9aa000 	C:\WINDOWS\System32\ucrtbase.dll
0x00007ffc264a0000 - 0x00007ffc264b5000 	C:\Program Files\Java\jdk-14.0.1\bin\VCRUNTIME140.dll
0x00007ffc264c0000 - 0x00007ffc264d8000 	C:\Program Files\Java\jdk-14.0.1\bin\jli.dll
0x00007ffc40600000 - 0x00007ffc406a3000 	C:\WINDOWS\System32\ADVAPI32.dll
0x00007ffc404b0000 - 0x00007ffc4054e000 	C:\WINDOWS\System32\msvcrt.dll
0x00007ffc408a0000 - 0x00007ffc40937000 	C:\WINDOWS\System32\sechost.dll
0x00007ffc412a0000 - 0x00007ffc413c0000 	C:\WINDOWS\System32\RPCRT4.dll
0x00007ffc413c0000 - 0x00007ffc41555000 	C:\WINDOWS\System32\USER32.dll
0x00007ffc3fb50000 - 0x00007ffc3fb71000 	C:\WINDOWS\System32\win32u.dll
0x00007ffc40740000 - 0x00007ffc40766000 	C:\WINDOWS\System32\GDI32.dll
0x00007ffc3f9b0000 - 0x00007ffc3fb46000 	C:\WINDOWS\System32\gdi32full.dll
0x00007ffc3f810000 - 0x00007ffc3f8ae000 	C:\WINDOWS\System32\msvcp_win.dll
0x00007ffc32120000 - 0x00007ffc323a4000 	C:\WINDOWS\WinSxS\amd64_microsoft.windows.common-controls_6595b64144ccf1df_6.0.18362.1016_none_9e7a36bbe461dae4\COMCTL32.dll
0x00007ffc40db0000 - 0x00007ffc410e5000 	C:\WINDOWS\System32\combase.dll
0x00007ffc3ed70000 - 0x00007ffc3edf0000 	C:\WINDOWS\System32\bcryptPrimitives.dll
0x00007ffc347f0000 - 0x00007ffc347fa000 	C:\WINDOWS\SYSTEM32\VERSION.dll
0x00007ffc41640000 - 0x00007ffc4166e000 	C:\WINDOWS\System32\IMM32.DLL
0x00007ffc206f0000 - 0x00007ffc2078b000 	C:\Program Files\Java\jdk-14.0.1\bin\msvcp140.dll
0x00007ffc03280000 - 0x00007ffc03d9e000 	C:\Program Files\Java\jdk-14.0.1\bin\server\jvm.dll
0x00007ffc41290000 - 0x00007ffc41298000 	C:\WINDOWS\System32\PSAPI.DLL
0x00007ffc30aa0000 - 0x00007ffc30aa9000 	C:\WINDOWS\SYSTEM32\WSOCK32.dll
0x00007ffc406b0000 - 0x00007ffc4071f000 	C:\WINDOWS\System32\WS2_32.dll
0x00007ffc3cba0000 - 0x00007ffc3cbc4000 	C:\WINDOWS\SYSTEM32\WINMM.dll
0x00007ffc3cb70000 - 0x00007ffc3cb9d000 	C:\WINDOWS\SYSTEM32\WINMMBASE.dll
0x00007ffc3ed20000 - 0x00007ffc3ed6a000 	C:\WINDOWS\System32\cfgmgr32.dll
0x00007ffc3ec60000 - 0x00007ffc3ec71000 	C:\WINDOWS\System32\kernel.appcore.dll
0x00007ffc30a30000 - 0x00007ffc30a3a000 	C:\Program Files\Java\jdk-14.0.1\bin\jimage.dll
0x00007ffc32ed0000 - 0x00007ffc330c4000 	C:\WINDOWS\SYSTEM32\DBGHELP.DLL
0x00007ffc32e40000 - 0x00007ffc32e6a000 	C:\WINDOWS\SYSTEM32\dbgcore.DLL
0x00007ffc30970000 - 0x00007ffc30995000 	C:\Program Files\Java\jdk-14.0.1\bin\java.dll
0x00007ffc30a10000 - 0x00007ffc30a26000 	C:\Program Files\Java\jdk-14.0.1\bin\zip.dll
0x00007ffc41670000 - 0x00007ffc41d57000 	C:\WINDOWS\System32\SHELL32.dll
0x00007ffc40550000 - 0x00007ffc405f9000 	C:\WINDOWS\System32\shcore.dll
0x00007ffc3edf0000 - 0x00007ffc3f572000 	C:\WINDOWS\System32\windows.storage.dll
0x00007ffc3ecf0000 - 0x00007ffc3ed13000 	C:\WINDOWS\System32\profapi.dll
0x00007ffc3ec80000 - 0x00007ffc3ecca000 	C:\WINDOWS\System32\powrprof.dll
0x00007ffc3ec50000 - 0x00007ffc3ec60000 	C:\WINDOWS\System32\UMPDC.dll
0x00007ffc401e0000 - 0x00007ffc40232000 	C:\WINDOWS\System32\shlwapi.dll
0x00007ffc3fb80000 - 0x00007ffc3fb97000 	C:\WINDOWS\System32\cryptsp.dll
0x00007ffc30950000 - 0x00007ffc30969000 	C:\Program Files\Java\jdk-14.0.1\bin\net.dll
0x00007ffc34230000 - 0x00007ffc34320000 	C:\WINDOWS\SYSTEM32\WINHTTP.dll
0x00007ffc3e450000 - 0x00007ffc3e4b7000 	C:\WINDOWS\system32\mswsock.dll
0x00007ffc2db60000 - 0x00007ffc2db72000 	C:\Program Files\Java\jdk-14.0.1\bin\nio.dll
0x00007ffc30b30000 - 0x00007ffc30b39000 	C:\Program Files\Java\jdk-14.0.1\bin\management.dll
0x00007ffc30a50000 - 0x00007ffc30a5b000 	C:\Program Files\Java\jdk-14.0.1\bin\management_ext.dll
0x00007ffc29fe0000 - 0x00007ffc29fee000 	C:\Program Files\Java\jdk-14.0.1\bin\sunmscapi.dll
0x00007ffc3f6c0000 - 0x00007ffc3f809000 	C:\WINDOWS\System32\CRYPT32.dll
0x00007ffc3ecd0000 - 0x00007ffc3ece2000 	C:\WINDOWS\System32\MSASN1.dll
0x00007ffc3e720000 - 0x00007ffc3e746000 	C:\WINDOWS\SYSTEM32\ncrypt.dll
0x00007ffc3f690000 - 0x00007ffc3f6b6000 	C:\WINDOWS\System32\bcrypt.dll
0x00007ffc3e6e0000 - 0x00007ffc3e71b000 	C:\WINDOWS\SYSTEM32\NTASN1.dll
0x00007ffc283e0000 - 0x00007ffc28405000 	C:\Program Files\Java\jdk-14.0.1\bin\sunec.dll
0x00007ffc3dfc0000 - 0x00007ffc3dff3000 	C:\WINDOWS\system32\rsaenh.dll
0x00007ffc3eb40000 - 0x00007ffc3eb65000 	C:\WINDOWS\SYSTEM32\USERENV.dll
0x00007ffc3e620000 - 0x00007ffc3e62c000 	C:\WINDOWS\SYSTEM32\CRYPTBASE.dll
0x00007ffc3e160000 - 0x00007ffc3e19a000 	C:\WINDOWS\SYSTEM32\IPHLPAPI.DLL
0x00007ffc40080000 - 0x00007ffc40088000 	C:\WINDOWS\System32\NSI.dll
0x00007ffc34d30000 - 0x00007ffc34d46000 	C:\WINDOWS\SYSTEM32\dhcpcsvc6.DLL
0x00007ffc34d10000 - 0x00007ffc34d2c000 	C:\WINDOWS\SYSTEM32\dhcpcsvc.DLL
0x00007ffc3e1a0000 - 0x00007ffc3e26b000 	C:\WINDOWS\SYSTEM32\DNSAPI.dll
0x00007ffc339a0000 - 0x00007ffc339aa000 	C:\Windows\System32\rasadhlp.dll
0x00007ffc34ac0000 - 0x00007ffc34b37000 	C:\WINDOWS\System32\fwpuclnt.dll
0x00007ffc30940000 - 0x00007ffc30950000 	C:\Program Files\Java\jdk-14.0.1\bin\verify.dll
0x00007ffc3b4c0000 - 0x00007ffc3b4d6000 	C:\WINDOWS\system32\napinsp.dll
0x00007ffc3b4a0000 - 0x00007ffc3b4ba000 	C:\WINDOWS\system32\pnrpnsp.dll
0x00007ffc3b490000 - 0x00007ffc3b49e000 	C:\WINDOWS\System32\winrnr.dll
0x00007ffc3b470000 - 0x00007ffc3b48c000 	C:\WINDOWS\system32\NLAapi.dll
0x00007ffc25a80000 - 0x00007ffc25a95000 	C:\WINDOWS\system32\wshbth.dll

dbghelp: loaded successfully - version: 4.0.5 - missing functions: none
symbol engine: initialized successfully - sym options: 0x614 - pdb path: .;C:\Program Files\Java\jdk-14.0.1\bin;C:\WINDOWS\SYSTEM32;C:\WINDOWS\WinSxS\amd64_microsoft.windows.common-controls_6595b64144ccf1df_6.0.18362.1016_none_9e7a36bbe461dae4;C:\Program Files\Java\jdk-14.0.1\bin\server

VM Arguments:
java_command: C:\Users\qeadmin\AppData\Local\Temp\surefire17910744475874374968\surefirebooter10962578277192323011.jar C:\Users\qeadmin\AppData\Local\Temp\surefire17910744475874374968 2020-09-04T09-23-47_468-jvmRun1 surefire1265963239256151370tmp surefire_04154379813756950521tmp
java_class_path (initial): C:\Users\qeadmin\AppData\Local\Temp\surefire17910744475874374968\surefirebooter10962578277192323011.jar
Launcher Type: SUN_STANDARD

[Global flags]
     intx CICompilerCount                          = 2                                         {product} {ergonomic}
     uint ConcGCThreads                            = 1                                         {product} {ergonomic}
     uint G1ConcRefinementThreads                  = 2                                         {product} {ergonomic}
   size_t G1HeapRegionSize                         = 1048576                                   {product} {ergonomic}
    uintx GCDrainStackTargetSize                   = 64                                        {product} {ergonomic}
   size_t InitialHeapSize                          = 134217728                                 {product} {ergonomic}
   size_t MarkStackSize                            = 4194304                                   {product} {ergonomic}
   size_t MaxHeapSize                              = 2147483648                                {product} {ergonomic}
   size_t MaxNewSize                               = 1287651328                                {product} {ergonomic}
   size_t MinHeapDeltaBytes                        = 1048576                                   {product} {ergonomic}
   size_t MinHeapSize                              = 8388608                                   {product} {ergonomic}
    uintx NonNMethodCodeHeapSize                   = 5826188                                {pd product} {ergonomic}
    uintx NonProfiledCodeHeapSize                  = 122916026                              {pd product} {ergonomic}
    uintx ProfiledCodeHeapSize                     = 122916026                              {pd product} {ergonomic}
    uintx ReservedCodeCacheSize                    = 251658240                              {pd product} {ergonomic}
     bool SegmentedCodeCache                       = true                                      {product} {ergonomic}
   size_t SoftMaxHeapSize                          = 2147483648                             {manageable} {ergonomic}
     bool UseCompressedClassPointers               = true                                 {lp64_product} {ergonomic}
     bool UseCompressedOops                        = true                                 {lp64_product} {ergonomic}
     bool UseG1GC                                  = true                                      {product} {ergonomic}
     bool UseLargePagesIndividualAllocation        = false                                  {pd product} {ergonomic}

Logging:
Log output configuration:
 #0: stdout all=warning uptime,level,tags
 #1: stderr all=off uptime,level,tags

Environment Variables:
JAVA_HOME=C:\Program Files\Java\jdk-14.0.1
PATH=C:\Program Files (x86)\Common Files\Oracle\Java\javapath;C:\WINDOWS\system32;C:\WINDOWS;C:\WINDOWS\System32\Wbem;C:\WINDOWS\System32\WindowsPowerShell\v1.0\;C:\WINDOWS\System32\OpenSSH\;C:\Program Files\PuTTY\;C:\Program Files\Java\jdk-14.0.1\bin;C:\Program Files (x86)\Microsoft SQL Server\150\DTS\Binn\;C:\Program Files\Git\cmd;C:\Program Files\apache-maven-3.6.3\bin;C:\Users\qeadmin\AppData\Local\Microsoft\WindowsApps;
USERNAME=qeadmin
OS=Windows_NT
PROCESSOR_IDENTIFIER=Intel64 Family 6 Model 79 Stepping 1, GenuineIntel



---------------  S Y S T E M  ---------------

OS: Windows 10 , 64 bit Build 18362 (10.0.18362.959)
OS uptime: 2 days 22:55 hours
HyperV virtualization detected

CPU:total 2 (initial active 2) (2 cores per cpu, 1 threads per core) family 6 model 79 stepping 1, cmov, cx8, fxsr, mmx, sse, sse2, sse3, ssse3, sse4.1, sse4.2, popcnt, avx, avx2, aes, clmul, erms, rtm, 3dnowpref, lzcnt, tsc, bmi1, bmi2, adx, fma

Memory: 4k page, system-wide physical 8191M (3134M free)
TotalPageFile size 10239M (AvailPageFile size 428M)
current process WorkingSet (physical memory assigned to process): 362M, peak: 366M
current process commit charge ("private bytes"): 409M, peak: 923M

vm_info: Java HotSpot(TM) 64-Bit Server VM (14.0.1+7) for windows-amd64 JRE (14.0.1+7), built on Mar  5 2020 10:30:14 by "mach5one" with MS VC++ 15.9 (VS2017)

END.
