#
# There is insufficient memory for the Java Runtime Environment to continue.
# Native memory allocation (mmap) failed to map 526385152 bytes for Failed to commit area from 0x000000008fb00000 to 0x00000000af100000 of length 526385152.
# Possible reasons:
#   The system is out of physical RAM or swap space
#   The process is running with CompressedOops enabled, and the Java Heap may be blocking the growth of the native heap
# Possible solutions:
#   Reduce memory load on the system
#   Increase physical memory or swap space
#   Check if swap backing store is full
#   Decrease Java heap size (-Xmx/-Xms)
#   Decrease number of Java threads
#   Decrease Java thread stack sizes (-Xss)
#   Set larger code cache with -XX:ReservedCodeCacheSize=
#   JVM is running with Unscaled Compressed Oops mode in which the Java heap is
#     placed in the first 4GB address space. The Java Heap base address is the
#     maximum limit for the native heap growth. Please use -XX:HeapBaseMinAddress
#     to set the Java Heap base and to place the Java Heap above 4GB virtual address.
# This output file may be truncated or incomplete.
#
#  Out of Memory Error (./open/src/hotspot/os/windows/os_windows.cpp:3315), pid=10524, tid=10764
#
# JRE version: Java(TM) SE Runtime Environment (14.0.1+7) (build 14.0.1+7)
# Java VM: Java HotSpot(TM) 64-Bit Server VM (14.0.1+7, mixed mode, sharing, tiered, compressed oops, g1 gc, windows-amd64)
# No core dump will be written. Minidumps are not enabled by default on client versions of Windows
#

---------------  S U M M A R Y ------------

Command Line: C:\Users\qeadmin\AppData\Local\Temp\surefire3682247429816578464\surefirebooter3694690237020319466.jar C:\Users\qeadmin\AppData\Local\Temp\surefire3682247429816578464 2020-09-04T09-21-56_030-jvmRun1 surefire14368269190985866379tmp surefire_07341609084075054042tmp

Host: Intel(R) Xeon(R) CPU E5-2673 v4 @ 2.30GHz, 2 cores, 7G,  Windows 10 , 64 bit Build 18362 (10.0.18362.959)
Time: Fri Sep  4 09:22:05 2020 India Standard Time elapsed time: 8 seconds (0d 0h 0m 8s)

---------------  T H R E A D  ---------------

Current thread (0x000001d07ef90800):  VMThread "VM Thread" [stack: 0x0000007c1fc00000,0x0000007c1fd00000] [id=10764]

Stack: [0x0000007c1fc00000,0x0000007c1fd00000]
[error occurred during error reporting (printing stack bounds), id 0xc0000005, EXCEPTION_ACCESS_VIOLATION (0xc0000005) at pc=0x000001d06f2010ad]

Native frames: (J=compiled Java code, j=interpreted, Vv=VM code, C=native code)
V  [jvm.dll+0x5f840a]
V  [jvm.dll+0x741e4a]
V  [jvm.dll+0x7435ff]
V  [jvm.dll+0x743ba5]
V  [jvm.dll+0x743b5b]
V  [jvm.dll+0x5f793f]
V  [jvm.dll+0x5f80a8]
C  [ntdll.dll+0xa11cf]
C  [ntdll.dll+0x6a209]
C  [ntdll.dll+0x9fe3e]
C  0x000001d06f2010ad

VM_Operation (0x0000007c1f6fc280): G1TryInitiateConcMark, mode: safepoint, requested by thread 0x000001d066a5a800


---------------  P R O C E S S  ---------------

Threads class SMR info:
_java_thread_list=0x000001d00686e460, length=14, elements={
0x000001d066a5a800, 0x000001d07ef98800, 0x000001d07ef99800, 0x000001d07efb4000,
0x000001d07efb8000, 0x000001d07efb9000, 0x000001d07efc2000, 0x000001d07efc7800,
0x000001d07efc8800, 0x000001d07f8f9000, 0x000001d07f906800, 0x000001d07f9bf800,
0x000001d07fa9a800, 0x000001d008cee800
}

Java Threads: ( => current thread )
  0x000001d066a5a800 JavaThread "main" [_thread_blocked, id=5064, stack(0x0000007c1f600000,0x0000007c1f700000)]
  0x000001d07ef98800 JavaThread "Reference Handler" daemon [_thread_blocked, id=15524, stack(0x0000007c1fd00000,0x0000007c1fe00000)]
  0x000001d07ef99800 JavaThread "Finalizer" daemon [_thread_blocked, id=12876, stack(0x0000007c1fe00000,0x0000007c1ff00000)]
  0x000001d07efb4000 JavaThread "Signal Dispatcher" daemon [_thread_blocked, id=7396, stack(0x0000007c1ff00000,0x0000007c20000000)]
  0x000001d07efb8000 JavaThread "Attach Listener" daemon [_thread_blocked, id=8776, stack(0x0000007c20000000,0x0000007c20100000)]
  0x000001d07efb9000 JavaThread "Service Thread" daemon [_thread_blocked, id=12056, stack(0x0000007c20100000,0x0000007c20200000)]
  0x000001d07efc2000 JavaThread "C2 CompilerThread0" daemon [_thread_blocked, id=4440, stack(0x0000007c20200000,0x0000007c20300000)]
  0x000001d07efc7800 JavaThread "C1 CompilerThread0" daemon [_thread_blocked, id=10568, stack(0x0000007c20300000,0x0000007c20400000)]
  0x000001d07efc8800 JavaThread "Sweeper thread" daemon [_thread_blocked, id=14168, stack(0x0000007c20400000,0x0000007c20500000)]
  0x000001d07f8f9000 JavaThread "Notification Thread" daemon [_thread_blocked, id=15188, stack(0x0000007c20500000,0x0000007c20600000)]
  0x000001d07f906800 JavaThread "Common-Cleaner" daemon [_thread_blocked, id=15380, stack(0x0000007c20700000,0x0000007c20800000)]
  0x000001d07f9bf800 JavaThread "surefire-forkedjvm-command-thread" daemon [_thread_in_native, id=3560, stack(0x0000007c20800000,0x0000007c20900000)]
  0x000001d07fa9a800 JavaThread "surefire-forkedjvm-ping-30s" daemon [_thread_in_native, id=12648, stack(0x0000007c20a00000,0x0000007c20b00000)]
  0x000001d008cee800 JavaThread "Abandoned connection cleanup thread" daemon [_thread_blocked, id=9408, stack(0x0000007c20b00000,0x0000007c20c00000)]

Other Threads:
=>0x000001d07ef90800 VMThread "VM Thread" [stack: 0x0000007c1fc00000,0x0000007c1fd00000] [id=10764]
  0x000001d07f906000 WatcherThread [stack: 0x0000007c20600000,0x0000007c20700000] [id=11036]
  0x000001d066a9b800 GCTaskThread "GC Thread#0" [stack: 0x0000007c1f700000,0x0000007c1f800000] [id=11680]
  0x000001d07fa7f800 GCTaskThread "GC Thread#1" [stack: 0x0000007c20900000,0x0000007c20a00000] [id=16036]
  0x000001d066aae800 ConcurrentGCThread "G1 Main Marker" [stack: 0x0000007c1f800000,0x0000007c1f900000] [id=6940]
  0x000001d066ab1000 ConcurrentGCThread "G1 Conc#0" [stack: 0x0000007c1f900000,0x0000007c1fa00000] [id=15764]
  0x000001d07ee10800 ConcurrentGCThread "G1 Refine#0" [stack: 0x0000007c1fa00000,0x0000007c1fb00000] [id=12920]
  0x000001d066b27800 ConcurrentGCThread "G1 Young RemSet Sampling" [stack: 0x0000007c1fb00000,0x0000007c1fc00000] [id=12424]

Threads with active compile tasks:

VM state:at safepoint (normal execution)

VM Mutex/Monitor currently owned by a thread:  ([mutex/lock_event])
[0x000001d066a58530] Threads_lock - owner thread: 0x000001d07ef90800
[0x000001d066a58650] Heap_lock - owner thread: 0x000001d066a5a800

Heap address: 0x0000000080000000, size: 2048 MB, Compressed Oops mode: 32-bit
Narrow klass base: 0x0000000800000000, Narrow klass shift: 3
Compressed class space size: 1073741824 Address: 0x0000000800b30000

Heap:
 garbage-first heap   total 771072K, used 135137K [0x0000000080000000, 0x0000000100000000)
  region size 1024K, 1 young (1024K), 1 survivors (1024K)
 Metaspace       used 29699K, capacity 31034K, committed 31232K, reserved 1077248K
  class space    used 3445K, capacity 4069K, committed 4096K, reserved 1048576K
Heap Regions: E=young(eden), S=young(survivor), O=old, HS=humongous(starts), HC=humongous(continues), CS=collection set, F=free, OA=open archive, CA=closed archive, TAMS=top-at-mark-start (previous, next)
|   0|0x0000000080000000, 0x00000000800fffe0, 0x0000000080100000| 99%| O|  |TAMS 0x0000000080000000, 0x00000000800fffe0| Untracked 
|   1|0x0000000080100000, 0x00000000801f59c8, 0x0000000080200000| 95%| O|  |TAMS 0x0000000080100000, 0x00000000801f59c8| Untracked 
|   2|0x0000000080200000, 0x00000000802fffa8, 0x0000000080300000| 99%| O|  |TAMS 0x0000000080200000, 0x00000000802fffa8| Untracked 
|   3|0x0000000080300000, 0x00000000803fa6f8, 0x0000000080400000| 97%| O|  |TAMS 0x0000000080300000, 0x00000000803fa6f8| Untracked 
|   4|0x0000000080400000, 0x0000000080500000, 0x0000000080500000|100%|HS|  |TAMS 0x0000000080400000, 0x0000000080500000| Untracked 
|   5|0x0000000080500000, 0x00000000805fd008, 0x0000000080600000| 98%| O|  |TAMS 0x0000000080500000, 0x00000000805fd008| Untracked 
|   6|0x0000000080600000, 0x0000000080700000, 0x0000000080700000|100%|HS|  |TAMS 0x0000000080600000, 0x0000000080700000| Untracked 
|   7|0x0000000080700000, 0x0000000080800000, 0x0000000080800000|100%|HC|  |TAMS 0x0000000080700000, 0x0000000080800000| Untracked 
|   8|0x0000000080800000, 0x0000000080900000, 0x0000000080900000|100%|HC|  |TAMS 0x0000000080800000, 0x0000000080900000| Untracked 
|   9|0x0000000080900000, 0x0000000080a00000, 0x0000000080a00000|100%|HC|  |TAMS 0x0000000080900000, 0x0000000080a00000| Untracked 
|  10|0x0000000080a00000, 0x0000000080b00000, 0x0000000080b00000|100%|HC|  |TAMS 0x0000000080a00000, 0x0000000080b00000| Untracked 
|  11|0x0000000080b00000, 0x0000000080c00000, 0x0000000080c00000|100%|HC|  |TAMS 0x0000000080b00000, 0x0000000080c00000| Untracked 
|  12|0x0000000080c00000, 0x0000000080d00000, 0x0000000080d00000|100%|HS|  |TAMS 0x0000000080c00000, 0x0000000080d00000| Untracked 
|  13|0x0000000080d00000, 0x0000000080dff460, 0x0000000080e00000| 99%| O|  |TAMS 0x0000000080d00000, 0x0000000080dff460| Untracked 
|  14|0x0000000080e00000, 0x0000000080eeafb8, 0x0000000080f00000| 91%| O|  |TAMS 0x0000000080e00000, 0x0000000080eeafb8| Untracked 
|  15|0x0000000080f00000, 0x0000000080ffeef0, 0x0000000081000000| 99%| O|  |TAMS 0x0000000080f00000, 0x0000000080ffeef0| Untracked 
|  16|0x0000000081000000, 0x0000000081100000, 0x0000000081100000|100%|HS|  |TAMS 0x0000000081000000, 0x0000000081100000| Untracked 
|  17|0x0000000081100000, 0x0000000081200000, 0x0000000081200000|100%|HC|  |TAMS 0x0000000081100000, 0x0000000081200000| Untracked 
|  18|0x0000000081200000, 0x0000000081300000, 0x0000000081300000|100%|HC|  |TAMS 0x0000000081200000, 0x0000000081300000| Untracked 
|  19|0x0000000081300000, 0x0000000081400000, 0x0000000081400000|100%|HC|  |TAMS 0x0000000081300000, 0x0000000081400000| Untracked 
|  20|0x0000000081400000, 0x0000000081500000, 0x0000000081500000|100%|HC|  |TAMS 0x0000000081400000, 0x0000000081500000| Untracked 
|  21|0x0000000081500000, 0x0000000081600000, 0x0000000081600000|100%|HC|  |TAMS 0x0000000081500000, 0x0000000081600000| Untracked 
|  22|0x0000000081600000, 0x0000000081700000, 0x0000000081700000|100%|HS|  |TAMS 0x0000000081600000, 0x0000000081700000| Untracked 
|  23|0x0000000081700000, 0x00000000817ffbf8, 0x0000000081800000| 99%| O|  |TAMS 0x0000000081700000, 0x00000000817ffbf8| Untracked 
|  24|0x0000000081800000, 0x00000000818ffa60, 0x0000000081900000| 99%| O|  |TAMS 0x0000000081800000, 0x00000000818ffa60| Untracked 
|  25|0x0000000081900000, 0x0000000081a00000, 0x0000000081a00000|100%| O|  |TAMS 0x0000000081900000, 0x0000000081a00000| Untracked 
|  26|0x0000000081a00000, 0x0000000081b00000, 0x0000000081b00000|100%|HS|  |TAMS 0x0000000081a00000, 0x0000000081b00000| Untracked 
|  27|0x0000000081b00000, 0x0000000081c00000, 0x0000000081c00000|100%|HC|  |TAMS 0x0000000081b00000, 0x0000000081c00000| Untracked 
|  28|0x0000000081c00000, 0x0000000081d00000, 0x0000000081d00000|100%|HC|  |TAMS 0x0000000081c00000, 0x0000000081d00000| Untracked 
|  29|0x0000000081d00000, 0x0000000081e00000, 0x0000000081e00000|100%|HC|  |TAMS 0x0000000081d00000, 0x0000000081e00000| Untracked 
|  30|0x0000000081e00000, 0x0000000081f00000, 0x0000000081f00000|100%|HC|  |TAMS 0x0000000081e00000, 0x0000000081f00000| Untracked 
|  31|0x0000000081f00000, 0x0000000082000000, 0x0000000082000000|100%|HC|  |TAMS 0x0000000081f00000, 0x0000000082000000| Untracked 
|  32|0x0000000082000000, 0x0000000082100000, 0x0000000082100000|100%|HS|  |TAMS 0x0000000082000000, 0x0000000082100000| Untracked 
|  33|0x0000000082100000, 0x00000000821ff958, 0x0000000082200000| 99%| O|  |TAMS 0x0000000082100000, 0x00000000821ff958| Untracked 
|  34|0x0000000082200000, 0x0000000082300000, 0x0000000082300000|100%|HS|  |TAMS 0x0000000082200000, 0x0000000082300000| Untracked 
|  35|0x0000000082300000, 0x0000000082400000, 0x0000000082400000|100%|HC|  |TAMS 0x0000000082300000, 0x0000000082400000| Untracked 
|  36|0x0000000082400000, 0x0000000082500000, 0x0000000082500000|100%|HC|  |TAMS 0x0000000082400000, 0x0000000082500000| Untracked 
|  37|0x0000000082500000, 0x0000000082600000, 0x0000000082600000|100%|HC|  |TAMS 0x0000000082500000, 0x0000000082600000| Untracked 
|  38|0x0000000082600000, 0x0000000082700000, 0x0000000082700000|100%|HC|  |TAMS 0x0000000082600000, 0x0000000082700000| Untracked 
|  39|0x0000000082700000, 0x0000000082800000, 0x0000000082800000|100%|HC|  |TAMS 0x0000000082700000, 0x0000000082800000| Untracked 
|  40|0x0000000082800000, 0x0000000082900000, 0x0000000082900000|100%|HS|  |TAMS 0x0000000082800000, 0x0000000082900000| Untracked 
|  41|0x0000000082900000, 0x00000000829ffe88, 0x0000000082a00000| 99%| O|  |TAMS 0x0000000082900000, 0x00000000829ffe88| Untracked 
|  42|0x0000000082a00000, 0x0000000082b00000, 0x0000000082b00000|100%|HS|  |TAMS 0x0000000082a00000, 0x0000000082b00000| Untracked 
|  43|0x0000000082b00000, 0x0000000082c00000, 0x0000000082c00000|100%|HC|  |TAMS 0x0000000082b00000, 0x0000000082c00000| Untracked 
|  44|0x0000000082c00000, 0x0000000082d00000, 0x0000000082d00000|100%|HC|  |TAMS 0x0000000082c00000, 0x0000000082d00000| Untracked 
|  45|0x0000000082d00000, 0x0000000082e00000, 0x0000000082e00000|100%|HC|  |TAMS 0x0000000082d00000, 0x0000000082e00000| Untracked 
|  46|0x0000000082e00000, 0x0000000082f00000, 0x0000000082f00000|100%|HC|  |TAMS 0x0000000082e00000, 0x0000000082f00000| Untracked 
|  47|0x0000000082f00000, 0x0000000083000000, 0x0000000083000000|100%|HC|  |TAMS 0x0000000082f00000, 0x0000000083000000| Untracked 
|  48|0x0000000083000000, 0x0000000083100000, 0x0000000083100000|100%|HS|  |TAMS 0x0000000083000000, 0x0000000083100000| Untracked 
|  49|0x0000000083100000, 0x0000000083200000, 0x0000000083200000|100%| O|  |TAMS 0x0000000083100000, 0x0000000083200000| Untracked 
|  50|0x0000000083200000, 0x0000000083300000, 0x0000000083300000|100%|HS|  |TAMS 0x0000000083200000, 0x0000000083300000| Untracked 
|  51|0x0000000083300000, 0x0000000083400000, 0x0000000083400000|100%|HC|  |TAMS 0x0000000083300000, 0x0000000083400000| Untracked 
|  52|0x0000000083400000, 0x0000000083500000, 0x0000000083500000|100%|HC|  |TAMS 0x0000000083400000, 0x0000000083500000| Untracked 
|  53|0x0000000083500000, 0x0000000083600000, 0x0000000083600000|100%|HC|  |TAMS 0x0000000083500000, 0x0000000083600000| Untracked 
|  54|0x0000000083600000, 0x0000000083700000, 0x0000000083700000|100%|HC|  |TAMS 0x0000000083600000, 0x0000000083700000| Untracked 
|  55|0x0000000083700000, 0x0000000083800000, 0x0000000083800000|100%|HC|  |TAMS 0x0000000083700000, 0x0000000083800000| Untracked 
|  56|0x0000000083800000, 0x0000000083900000, 0x0000000083900000|100%|HS|  |TAMS 0x0000000083800000, 0x0000000083900000| Untracked 
|  57|0x0000000083900000, 0x0000000083a00000, 0x0000000083a00000|100%| O|  |TAMS 0x0000000083900000, 0x0000000083a00000| Untracked 
|  58|0x0000000083a00000, 0x0000000083b00000, 0x0000000083b00000|100%|HS|  |TAMS 0x0000000083a00000, 0x0000000083b00000| Untracked 
|  59|0x0000000083b00000, 0x0000000083c00000, 0x0000000083c00000|100%|HC|  |TAMS 0x0000000083b00000, 0x0000000083c00000| Untracked 
|  60|0x0000000083c00000, 0x0000000083d00000, 0x0000000083d00000|100%|HC|  |TAMS 0x0000000083c00000, 0x0000000083d00000| Untracked 
|  61|0x0000000083d00000, 0x0000000083e00000, 0x0000000083e00000|100%|HC|  |TAMS 0x0000000083d00000, 0x0000000083e00000| Untracked 
|  62|0x0000000083e00000, 0x0000000083f00000, 0x0000000083f00000|100%|HC|  |TAMS 0x0000000083e00000, 0x0000000083f00000| Untracked 
|  63|0x0000000083f00000, 0x0000000084000000, 0x0000000084000000|100%|HC|  |TAMS 0x0000000083f00000, 0x0000000084000000| Untracked 
|  64|0x0000000084000000, 0x0000000084100000, 0x0000000084100000|100%|HS|  |TAMS 0x0000000084000000, 0x0000000084100000| Untracked 
|  65|0x0000000084100000, 0x00000000841fffe8, 0x0000000084200000| 99%| O|  |TAMS 0x0000000084100000, 0x00000000841fffe8| Untracked 
|  66|0x0000000084200000, 0x0000000084300000, 0x0000000084300000|100%|HS|  |TAMS 0x0000000084200000, 0x0000000084300000| Untracked 
|  67|0x0000000084300000, 0x0000000084400000, 0x0000000084400000|100%|HC|  |TAMS 0x0000000084300000, 0x0000000084400000| Untracked 
|  68|0x0000000084400000, 0x0000000084500000, 0x0000000084500000|100%|HC|  |TAMS 0x0000000084400000, 0x0000000084500000| Untracked 
|  69|0x0000000084500000, 0x0000000084600000, 0x0000000084600000|100%|HC|  |TAMS 0x0000000084500000, 0x0000000084600000| Untracked 
|  70|0x0000000084600000, 0x0000000084700000, 0x0000000084700000|100%|HC|  |TAMS 0x0000000084600000, 0x0000000084700000| Untracked 
|  71|0x0000000084700000, 0x0000000084800000, 0x0000000084800000|100%|HC|  |TAMS 0x0000000084700000, 0x0000000084800000| Untracked 
|  72|0x0000000084800000, 0x0000000084900000, 0x0000000084900000|100%|HS|  |TAMS 0x0000000084800000, 0x0000000084900000| Untracked 
|  73|0x0000000084900000, 0x0000000084a00000, 0x0000000084a00000|100%|HS|  |TAMS 0x0000000084900000, 0x0000000084a00000| Untracked 
|  74|0x0000000084a00000, 0x0000000084b00000, 0x0000000084b00000|100%|HC|  |TAMS 0x0000000084a00000, 0x0000000084b00000| Untracked 
|  75|0x0000000084b00000, 0x0000000084c00000, 0x0000000084c00000|100%|HC|  |TAMS 0x0000000084b00000, 0x0000000084c00000| Untracked 
|  76|0x0000000084c00000, 0x0000000084d00000, 0x0000000084d00000|100%|HC|  |TAMS 0x0000000084c00000, 0x0000000084d00000| Untracked 
|  77|0x0000000084d00000, 0x0000000084e00000, 0x0000000084e00000|100%|HC|  |TAMS 0x0000000084d00000, 0x0000000084e00000| Untracked 
|  78|0x0000000084e00000, 0x0000000084f00000, 0x0000000084f00000|100%|HC|  |TAMS 0x0000000084e00000, 0x0000000084f00000| Untracked 
|  79|0x0000000084f00000, 0x0000000085000000, 0x0000000085000000|100%|HS|  |TAMS 0x0000000084f00000, 0x0000000085000000| Untracked 
|  80|0x0000000085000000, 0x00000000850fffe8, 0x0000000085100000| 99%| O|  |TAMS 0x0000000085000000, 0x00000000850fffe8| Untracked 
|  81|0x0000000085100000, 0x0000000085200000, 0x0000000085200000|100%|HS|  |TAMS 0x0000000085100000, 0x0000000085200000| Untracked 
|  82|0x0000000085200000, 0x0000000085300000, 0x0000000085300000|100%|HC|  |TAMS 0x0000000085200000, 0x0000000085300000| Untracked 
|  83|0x0000000085300000, 0x0000000085400000, 0x0000000085400000|100%|HC|  |TAMS 0x0000000085300000, 0x0000000085400000| Untracked 
|  84|0x0000000085400000, 0x0000000085500000, 0x0000000085500000|100%|HC|  |TAMS 0x0000000085400000, 0x0000000085500000| Untracked 
|  85|0x0000000085500000, 0x0000000085600000, 0x0000000085600000|100%|HC|  |TAMS 0x0000000085500000, 0x0000000085600000| Untracked 
|  86|0x0000000085600000, 0x0000000085700000, 0x0000000085700000|100%|HC|  |TAMS 0x0000000085600000, 0x0000000085700000| Untracked 
|  87|0x0000000085700000, 0x0000000085800000, 0x0000000085800000|100%|HS|  |TAMS 0x0000000085700000, 0x0000000085800000| Untracked 
|  88|0x0000000085800000, 0x0000000085900000, 0x0000000085900000|100%|HS|  |TAMS 0x0000000085800000, 0x0000000085900000| Untracked 
|  89|0x0000000085900000, 0x0000000085a00000, 0x0000000085a00000|100%|HC|  |TAMS 0x0000000085900000, 0x0000000085a00000| Untracked 
|  90|0x0000000085a00000, 0x0000000085b00000, 0x0000000085b00000|100%|HC|  |TAMS 0x0000000085a00000, 0x0000000085b00000| Untracked 
|  91|0x0000000085b00000, 0x0000000085c00000, 0x0000000085c00000|100%|HC|  |TAMS 0x0000000085b00000, 0x0000000085c00000| Untracked 
|  92|0x0000000085c00000, 0x0000000085d00000, 0x0000000085d00000|100%|HC|  |TAMS 0x0000000085c00000, 0x0000000085d00000| Untracked 
|  93|0x0000000085d00000, 0x0000000085e00000, 0x0000000085e00000|100%|HC|  |TAMS 0x0000000085d00000, 0x0000000085e00000| Untracked 
|  94|0x0000000085e00000, 0x0000000085f00000, 0x0000000085f00000|100%|HS|  |TAMS 0x0000000085e00000, 0x0000000085f00000| Untracked 
|  95|0x0000000085f00000, 0x0000000085fffff0, 0x0000000086000000| 99%| O|  |TAMS 0x0000000085f00000, 0x0000000085fffff0| Untracked 
|  96|0x0000000086000000, 0x00000000860ffff0, 0x0000000086100000| 99%| O|  |TAMS 0x0000000086000000, 0x00000000860ffff0| Untracked 
|  97|0x0000000086100000, 0x00000000861ffff8, 0x0000000086200000| 99%| O|  |TAMS 0x0000000086100000, 0x00000000861ffff8| Untracked 
|  98|0x0000000086200000, 0x00000000862ffff0, 0x0000000086300000| 99%| O|  |TAMS 0x0000000086200000, 0x00000000862ffff0| Untracked 
|  99|0x0000000086300000, 0x00000000863fffe8, 0x0000000086400000| 99%| O|  |TAMS 0x0000000086300000, 0x00000000863fffe8| Untracked 
| 100|0x0000000086400000, 0x00000000864fffd0, 0x0000000086500000| 99%| O|  |TAMS 0x0000000086400000, 0x00000000864fffd0| Untracked 
| 101|0x0000000086500000, 0x0000000086600000, 0x0000000086600000|100%| O|  |TAMS 0x0000000086500000, 0x0000000086600000| Untracked 
| 102|0x0000000086600000, 0x00000000866fffc8, 0x0000000086700000| 99%| O|  |TAMS 0x0000000086600000, 0x00000000866fffc8| Untracked 
| 103|0x0000000086700000, 0x00000000867ffff8, 0x0000000086800000| 99%| O|  |TAMS 0x0000000086700000, 0x00000000867ffff8| Untracked 
| 104|0x0000000086800000, 0x00000000868fffb8, 0x0000000086900000| 99%| O|  |TAMS 0x0000000086800000, 0x00000000868fffb8| Untracked 
| 105|0x0000000086900000, 0x00000000869fffc8, 0x0000000086a00000| 99%| O|  |TAMS 0x0000000086900000, 0x00000000869fffc8| Untracked 
| 106|0x0000000086a00000, 0x0000000086affff0, 0x0000000086b00000| 99%| O|  |TAMS 0x0000000086a00000, 0x0000000086affff0| Untracked 
| 107|0x0000000086b00000, 0x0000000086c00000, 0x0000000086c00000|100%|HS|  |TAMS 0x0000000086b00000, 0x0000000086c00000| Untracked 
| 108|0x0000000086c00000, 0x0000000086d00000, 0x0000000086d00000|100%|HC|  |TAMS 0x0000000086c00000, 0x0000000086d00000| Untracked 
| 109|0x0000000086d00000, 0x0000000086e00000, 0x0000000086e00000|100%|HC|  |TAMS 0x0000000086d00000, 0x0000000086e00000| Untracked 
| 110|0x0000000086e00000, 0x0000000086f00000, 0x0000000086f00000|100%|HC|  |TAMS 0x0000000086e00000, 0x0000000086f00000| Untracked 
| 111|0x0000000086f00000, 0x0000000087000000, 0x0000000087000000|100%|HC|  |TAMS 0x0000000086f00000, 0x0000000087000000| Untracked 
| 112|0x0000000087000000, 0x0000000087100000, 0x0000000087100000|100%|HC|  |TAMS 0x0000000087000000, 0x0000000087100000| Untracked 
| 113|0x0000000087100000, 0x00000000871fffd0, 0x0000000087200000| 99%| O|  |TAMS 0x0000000087100000, 0x00000000871fffd0| Untracked 
| 114|0x0000000087200000, 0x00000000872ffdd0, 0x0000000087300000| 99%| O|  |TAMS 0x0000000087200000, 0x00000000872ffdd0| Untracked 
| 115|0x0000000087300000, 0x00000000873ff4a0, 0x0000000087400000| 99%| O|  |TAMS 0x0000000087300000, 0x00000000873ff4a0| Untracked 
| 116|0x0000000087400000, 0x0000000087500000, 0x0000000087500000|100%|HS|  |TAMS 0x0000000087400000, 0x0000000087500000| Untracked 
| 117|0x0000000087500000, 0x00000000875ff6a8, 0x0000000087600000| 99%| O|  |TAMS 0x0000000087500000, 0x00000000875ff6a8| Untracked 
| 118|0x0000000087600000, 0x0000000087700000, 0x0000000087700000|100%|HS|  |TAMS 0x0000000087600000, 0x0000000087700000| Untracked 
| 119|0x0000000087700000, 0x0000000087702808, 0x0000000087800000|  0%| O|  |TAMS 0x0000000087700000, 0x0000000087702808| Untracked 
| 120|0x0000000087800000, 0x0000000087800000, 0x0000000087900000|  0%| F|  |TAMS 0x0000000087800000, 0x0000000087800000| Untracked 
| 121|0x0000000087900000, 0x0000000087900000, 0x0000000087a00000|  0%| F|  |TAMS 0x0000000087900000, 0x0000000087900000| Untracked 
| 122|0x0000000087a00000, 0x0000000087a00000, 0x0000000087b00000|  0%| F|  |TAMS 0x0000000087a00000, 0x0000000087a00000| Untracked 
| 123|0x0000000087b00000, 0x0000000087c00000, 0x0000000087c00000|100%|HS|  |TAMS 0x0000000087b00000, 0x0000000087c00000| Untracked 
| 124|0x0000000087c00000, 0x0000000087d00000, 0x0000000087d00000|100%|HC|  |TAMS 0x0000000087c00000, 0x0000000087d00000| Untracked 
| 125|0x0000000087d00000, 0x0000000087e00000, 0x0000000087e00000|100%|HC|  |TAMS 0x0000000087d00000, 0x0000000087e00000| Untracked 
| 126|0x0000000087e00000, 0x0000000087f00000, 0x0000000087f00000|100%|HC|  |TAMS 0x0000000087e00000, 0x0000000087f00000| Untracked 
| 127|0x0000000087f00000, 0x0000000088000000, 0x0000000088000000|100%|HC|  |TAMS 0x0000000087f00000, 0x0000000088000000| Untracked 
| 128|0x0000000088000000, 0x0000000088100000, 0x0000000088100000|100%|HC|  |TAMS 0x0000000088000000, 0x0000000088100000| Untracked 
| 129|0x0000000088100000, 0x0000000088200000, 0x0000000088200000|100%|HS|  |TAMS 0x0000000088100000, 0x0000000088200000| Untracked 
| 130|0x0000000088200000, 0x0000000088300000, 0x0000000088300000|100%|HS|  |TAMS 0x0000000088200000, 0x0000000088300000| Untracked 
| 131|0x0000000088300000, 0x0000000088400000, 0x0000000088400000|100%|HC|  |TAMS 0x0000000088300000, 0x0000000088400000| Untracked 
| 132|0x0000000088400000, 0x0000000088500000, 0x0000000088500000|100%|HC|  |TAMS 0x0000000088400000, 0x0000000088500000| Untracked 
| 133|0x0000000088500000, 0x0000000088600000, 0x0000000088600000|100%|HC|  |TAMS 0x0000000088500000, 0x0000000088600000| Untracked 
| 134|0x0000000088600000, 0x0000000088700000, 0x0000000088700000|100%|HC|  |TAMS 0x0000000088600000, 0x0000000088700000| Untracked 
| 135|0x0000000088700000, 0x0000000088800000, 0x0000000088800000|100%|HC|  |TAMS 0x0000000088700000, 0x0000000088800000| Untracked 
| 136|0x0000000088800000, 0x0000000088800000, 0x0000000088900000|  0%| F|  |TAMS 0x0000000088800000, 0x0000000088800000| Untracked 
| 137|0x0000000088900000, 0x0000000088900000, 0x0000000088a00000|  0%| F|  |TAMS 0x0000000088900000, 0x0000000088900000| Untracked 
| 138|0x0000000088a00000, 0x0000000088a00000, 0x0000000088b00000|  0%| F|  |TAMS 0x0000000088a00000, 0x0000000088a00000| Untracked 
| 139|0x0000000088b00000, 0x0000000088b00000, 0x0000000088c00000|  0%| F|  |TAMS 0x0000000088b00000, 0x0000000088b00000| Untracked 
| 140|0x0000000088c00000, 0x0000000088c00000, 0x0000000088d00000|  0%| F|  |TAMS 0x0000000088c00000, 0x0000000088c00000| Untracked 
| 141|0x0000000088d00000, 0x0000000088d00000, 0x0000000088e00000|  0%| F|  |TAMS 0x0000000088d00000, 0x0000000088d00000| Untracked 
| 142|0x0000000088e00000, 0x0000000088e00000, 0x0000000088f00000|  0%| F|  |TAMS 0x0000000088e00000, 0x0000000088e00000| Untracked 
| 143|0x0000000088f00000, 0x0000000088f00000, 0x0000000089000000|  0%| F|  |TAMS 0x0000000088f00000, 0x0000000088f00000| Untracked 
| 144|0x0000000089000000, 0x0000000089000000, 0x0000000089100000|  0%| F|  |TAMS 0x0000000089000000, 0x0000000089000000| Untracked 
| 145|0x0000000089100000, 0x0000000089100000, 0x0000000089200000|  0%| F|  |TAMS 0x0000000089100000, 0x0000000089100000| Untracked 
| 146|0x0000000089200000, 0x0000000089200000, 0x0000000089300000|  0%| F|  |TAMS 0x0000000089200000, 0x0000000089200000| Untracked 
| 147|0x0000000089300000, 0x0000000089300000, 0x0000000089400000|  0%| F|  |TAMS 0x0000000089300000, 0x0000000089300000| Untracked 
| 148|0x0000000089400000, 0x0000000089400000, 0x0000000089500000|  0%| F|  |TAMS 0x0000000089400000, 0x0000000089400000| Untracked 
| 149|0x0000000089500000, 0x0000000089500000, 0x0000000089600000|  0%| F|  |TAMS 0x0000000089500000, 0x0000000089500000| Untracked 
| 150|0x0000000089600000, 0x0000000089600000, 0x0000000089700000|  0%| F|  |TAMS 0x0000000089600000, 0x0000000089600000| Untracked 
| 151|0x0000000089700000, 0x0000000089700000, 0x0000000089800000|  0%| F|  |TAMS 0x0000000089700000, 0x0000000089700000| Untracked 
| 152|0x0000000089800000, 0x0000000089800000, 0x0000000089900000|  0%| F|  |TAMS 0x0000000089800000, 0x0000000089800000| Untracked 
| 153|0x0000000089900000, 0x0000000089900000, 0x0000000089a00000|  0%| F|  |TAMS 0x0000000089900000, 0x0000000089900000| Untracked 
| 154|0x0000000089a00000, 0x0000000089a00000, 0x0000000089b00000|  0%| F|  |TAMS 0x0000000089a00000, 0x0000000089a00000| Untracked 
| 155|0x0000000089b00000, 0x0000000089b00000, 0x0000000089c00000|  0%| F|  |TAMS 0x0000000089b00000, 0x0000000089b00000| Untracked 
| 156|0x0000000089c00000, 0x0000000089c00000, 0x0000000089d00000|  0%| F|  |TAMS 0x0000000089c00000, 0x0000000089c00000| Untracked 
| 157|0x0000000089d00000, 0x0000000089d00000, 0x0000000089e00000|  0%| F|  |TAMS 0x0000000089d00000, 0x0000000089d00000| Untracked 
| 158|0x0000000089e00000, 0x0000000089e00000, 0x0000000089f00000|  0%| F|  |TAMS 0x0000000089e00000, 0x0000000089e00000| Untracked 
| 159|0x0000000089f00000, 0x0000000089f00000, 0x000000008a000000|  0%| F|  |TAMS 0x0000000089f00000, 0x0000000089f00000| Untracked 
| 160|0x000000008a000000, 0x000000008a000000, 0x000000008a100000|  0%| F|  |TAMS 0x000000008a000000, 0x000000008a000000| Untracked 
| 161|0x000000008a100000, 0x000000008a100000, 0x000000008a200000|  0%| F|  |TAMS 0x000000008a100000, 0x000000008a100000| Untracked 
| 162|0x000000008a200000, 0x000000008a200000, 0x000000008a300000|  0%| F|  |TAMS 0x000000008a200000, 0x000000008a200000| Untracked 
| 163|0x000000008a300000, 0x000000008a300000, 0x000000008a400000|  0%| F|  |TAMS 0x000000008a300000, 0x000000008a300000| Untracked 
| 164|0x000000008a400000, 0x000000008a400000, 0x000000008a500000|  0%| F|  |TAMS 0x000000008a400000, 0x000000008a400000| Untracked 
| 165|0x000000008a500000, 0x000000008a500000, 0x000000008a600000|  0%| F|  |TAMS 0x000000008a500000, 0x000000008a500000| Untracked 
| 166|0x000000008a600000, 0x000000008a600000, 0x000000008a700000|  0%| F|  |TAMS 0x000000008a600000, 0x000000008a600000| Untracked 
| 167|0x000000008a700000, 0x000000008a700000, 0x000000008a800000|  0%| F|  |TAMS 0x000000008a700000, 0x000000008a700000| Untracked 
| 168|0x000000008a800000, 0x000000008a800000, 0x000000008a900000|  0%| F|  |TAMS 0x000000008a800000, 0x000000008a800000| Untracked 
| 169|0x000000008a900000, 0x000000008a900000, 0x000000008aa00000|  0%| F|  |TAMS 0x000000008a900000, 0x000000008a900000| Untracked 
| 170|0x000000008aa00000, 0x000000008aa00000, 0x000000008ab00000|  0%| F|  |TAMS 0x000000008aa00000, 0x000000008aa00000| Untracked 
| 171|0x000000008ab00000, 0x000000008ab00000, 0x000000008ac00000|  0%| F|  |TAMS 0x000000008ab00000, 0x000000008ab00000| Untracked 
| 172|0x000000008ac00000, 0x000000008ac00000, 0x000000008ad00000|  0%| F|  |TAMS 0x000000008ac00000, 0x000000008ac00000| Untracked 
| 173|0x000000008ad00000, 0x000000008ad00000, 0x000000008ae00000|  0%| F|  |TAMS 0x000000008ad00000, 0x000000008ad00000| Untracked 
| 174|0x000000008ae00000, 0x000000008ae00000, 0x000000008af00000|  0%| F|  |TAMS 0x000000008ae00000, 0x000000008ae00000| Untracked 
| 175|0x000000008af00000, 0x000000008af00000, 0x000000008b000000|  0%| F|  |TAMS 0x000000008af00000, 0x000000008af00000| Untracked 
| 176|0x000000008b000000, 0x000000008b000000, 0x000000008b100000|  0%| F|  |TAMS 0x000000008b000000, 0x000000008b000000| Untracked 
| 177|0x000000008b100000, 0x000000008b100000, 0x000000008b200000|  0%| F|  |TAMS 0x000000008b100000, 0x000000008b100000| Untracked 
| 178|0x000000008b200000, 0x000000008b200000, 0x000000008b300000|  0%| F|  |TAMS 0x000000008b200000, 0x000000008b200000| Untracked 
| 179|0x000000008b300000, 0x000000008b300000, 0x000000008b400000|  0%| F|  |TAMS 0x000000008b300000, 0x000000008b300000| Untracked 
| 180|0x000000008b400000, 0x000000008b4203d0, 0x000000008b500000| 12%| O|  |TAMS 0x000000008b400000, 0x000000008b4203d0| Untracked 
| 181|0x000000008b500000, 0x000000008b500000, 0x000000008b600000|  0%| F|  |TAMS 0x000000008b500000, 0x000000008b500000| Untracked 
| 182|0x000000008b600000, 0x000000008b600000, 0x000000008b700000|  0%| F|  |TAMS 0x000000008b600000, 0x000000008b600000| Untracked 
| 183|0x000000008b700000, 0x000000008b700000, 0x000000008b800000|  0%| F|  |TAMS 0x000000008b700000, 0x000000008b700000| Untracked 
| 184|0x000000008b800000, 0x000000008b800000, 0x000000008b900000|  0%| F|  |TAMS 0x000000008b800000, 0x000000008b800000| Untracked 
| 185|0x000000008b900000, 0x000000008b900000, 0x000000008ba00000|  0%| F|  |TAMS 0x000000008b900000, 0x000000008b900000| Untracked 
| 186|0x000000008ba00000, 0x000000008ba00000, 0x000000008bb00000|  0%| F|  |TAMS 0x000000008ba00000, 0x000000008ba00000| Untracked 
| 187|0x000000008bb00000, 0x000000008bb00000, 0x000000008bc00000|  0%| F|  |TAMS 0x000000008bb00000, 0x000000008bb00000| Untracked 
| 188|0x000000008bc00000, 0x000000008bc00000, 0x000000008bd00000|  0%| F|  |TAMS 0x000000008bc00000, 0x000000008bc00000| Untracked 
| 189|0x000000008bd00000, 0x000000008bd00000, 0x000000008be00000|  0%| F|  |TAMS 0x000000008bd00000, 0x000000008bd00000| Untracked 
| 190|0x000000008be00000, 0x000000008be00000, 0x000000008bf00000|  0%| F|  |TAMS 0x000000008be00000, 0x000000008be00000| Untracked 
| 191|0x000000008bf00000, 0x000000008bf00000, 0x000000008c000000|  0%| F|  |TAMS 0x000000008bf00000, 0x000000008bf00000| Untracked 
| 192|0x000000008c000000, 0x000000008c000000, 0x000000008c100000|  0%| F|  |TAMS 0x000000008c000000, 0x000000008c000000| Untracked 
| 193|0x000000008c100000, 0x000000008c100000, 0x000000008c200000|  0%| F|  |TAMS 0x000000008c100000, 0x000000008c100000| Untracked 
| 194|0x000000008c200000, 0x000000008c200000, 0x000000008c300000|  0%| F|  |TAMS 0x000000008c200000, 0x000000008c200000| Untracked 
| 195|0x000000008c300000, 0x000000008c300000, 0x000000008c400000|  0%| F|  |TAMS 0x000000008c300000, 0x000000008c300000| Untracked 
| 196|0x000000008c400000, 0x000000008c400000, 0x000000008c500000|  0%| F|  |TAMS 0x000000008c400000, 0x000000008c400000| Untracked 
| 197|0x000000008c500000, 0x000000008c500000, 0x000000008c600000|  0%| F|  |TAMS 0x000000008c500000, 0x000000008c500000| Untracked 
| 198|0x000000008c600000, 0x000000008c600000, 0x000000008c700000|  0%| F|  |TAMS 0x000000008c600000, 0x000000008c600000| Untracked 
| 199|0x000000008c700000, 0x000000008c700000, 0x000000008c800000|  0%| F|  |TAMS 0x000000008c700000, 0x000000008c700000| Untracked 
| 200|0x000000008c800000, 0x000000008c800000, 0x000000008c900000|  0%| F|  |TAMS 0x000000008c800000, 0x000000008c800000| Untracked 
| 201|0x000000008c900000, 0x000000008c900000, 0x000000008ca00000|  0%| F|  |TAMS 0x000000008c900000, 0x000000008c900000| Untracked 
| 202|0x000000008ca00000, 0x000000008ca00000, 0x000000008cb00000|  0%| F|  |TAMS 0x000000008ca00000, 0x000000008ca00000| Untracked 
| 203|0x000000008cb00000, 0x000000008cb00000, 0x000000008cc00000|  0%| F|  |TAMS 0x000000008cb00000, 0x000000008cb00000| Untracked 
| 204|0x000000008cc00000, 0x000000008cc00000, 0x000000008cd00000|  0%| F|  |TAMS 0x000000008cc00000, 0x000000008cc00000| Untracked 
| 205|0x000000008cd00000, 0x000000008cd00000, 0x000000008ce00000|  0%| F|  |TAMS 0x000000008cd00000, 0x000000008cd00000| Untracked 
| 206|0x000000008ce00000, 0x000000008ce00000, 0x000000008cf00000|  0%| F|  |TAMS 0x000000008ce00000, 0x000000008ce00000| Untracked 
| 207|0x000000008cf00000, 0x000000008cf00000, 0x000000008d000000|  0%| F|  |TAMS 0x000000008cf00000, 0x000000008cf00000| Untracked 
| 208|0x000000008d000000, 0x000000008d000000, 0x000000008d100000|  0%| F|  |TAMS 0x000000008d000000, 0x000000008d000000| Untracked 
| 209|0x000000008d100000, 0x000000008d100000, 0x000000008d200000|  0%| F|  |TAMS 0x000000008d100000, 0x000000008d100000| Untracked 
| 210|0x000000008d200000, 0x000000008d200000, 0x000000008d300000|  0%| F|  |TAMS 0x000000008d200000, 0x000000008d200000| Untracked 
| 211|0x000000008d300000, 0x000000008d300000, 0x000000008d400000|  0%| F|  |TAMS 0x000000008d300000, 0x000000008d300000| Untracked 
| 212|0x000000008d400000, 0x000000008d400000, 0x000000008d500000|  0%| F|  |TAMS 0x000000008d400000, 0x000000008d400000| Untracked 
| 213|0x000000008d500000, 0x000000008d500000, 0x000000008d600000|  0%| F|  |TAMS 0x000000008d500000, 0x000000008d500000| Untracked 
| 214|0x000000008d600000, 0x000000008d600000, 0x000000008d700000|  0%| F|  |TAMS 0x000000008d600000, 0x000000008d600000| Untracked 
| 215|0x000000008d700000, 0x000000008d700000, 0x000000008d800000|  0%| F|  |TAMS 0x000000008d700000, 0x000000008d700000| Untracked 
| 216|0x000000008d800000, 0x000000008d800000, 0x000000008d900000|  0%| F|  |TAMS 0x000000008d800000, 0x000000008d800000| Untracked 
| 217|0x000000008d900000, 0x000000008d900000, 0x000000008da00000|  0%| F|  |TAMS 0x000000008d900000, 0x000000008d900000| Untracked 
| 218|0x000000008da00000, 0x000000008da00000, 0x000000008db00000|  0%| F|  |TAMS 0x000000008da00000, 0x000000008da00000| Untracked 
| 219|0x000000008db00000, 0x000000008db00000, 0x000000008dc00000|  0%| F|  |TAMS 0x000000008db00000, 0x000000008db00000| Untracked 
| 220|0x000000008dc00000, 0x000000008dc00000, 0x000000008dd00000|  0%| F|  |TAMS 0x000000008dc00000, 0x000000008dc00000| Untracked 
| 221|0x000000008dd00000, 0x000000008dd00000, 0x000000008de00000|  0%| F|  |TAMS 0x000000008dd00000, 0x000000008dd00000| Untracked 
| 222|0x000000008de00000, 0x000000008de00000, 0x000000008df00000|  0%| F|  |TAMS 0x000000008de00000, 0x000000008de00000| Untracked 
| 223|0x000000008df00000, 0x000000008df00000, 0x000000008e000000|  0%| F|  |TAMS 0x000000008df00000, 0x000000008df00000| Untracked 
| 224|0x000000008e000000, 0x000000008e000000, 0x000000008e100000|  0%| F|  |TAMS 0x000000008e000000, 0x000000008e000000| Untracked 
| 225|0x000000008e100000, 0x000000008e100000, 0x000000008e200000|  0%| F|  |TAMS 0x000000008e100000, 0x000000008e100000| Untracked 
| 226|0x000000008e200000, 0x000000008e200000, 0x000000008e300000|  0%| F|  |TAMS 0x000000008e200000, 0x000000008e200000| Untracked 
| 227|0x000000008e300000, 0x000000008e300000, 0x000000008e400000|  0%| F|  |TAMS 0x000000008e300000, 0x000000008e300000| Untracked 
| 228|0x000000008e400000, 0x000000008e400000, 0x000000008e500000|  0%| F|  |TAMS 0x000000008e400000, 0x000000008e400000| Untracked 
| 229|0x000000008e500000, 0x000000008e500000, 0x000000008e600000|  0%| F|  |TAMS 0x000000008e500000, 0x000000008e500000| Untracked 
| 230|0x000000008e600000, 0x000000008e600000, 0x000000008e700000|  0%| F|  |TAMS 0x000000008e600000, 0x000000008e600000| Untracked 
| 231|0x000000008e700000, 0x000000008e700000, 0x000000008e800000|  0%| F|  |TAMS 0x000000008e700000, 0x000000008e700000| Untracked 
| 232|0x000000008e800000, 0x000000008e800000, 0x000000008e900000|  0%| F|  |TAMS 0x000000008e800000, 0x000000008e800000| Untracked 
| 233|0x000000008e900000, 0x000000008e900000, 0x000000008ea00000|  0%| F|  |TAMS 0x000000008e900000, 0x000000008e900000| Untracked 
| 234|0x000000008ea00000, 0x000000008ea00000, 0x000000008eb00000|  0%| F|  |TAMS 0x000000008ea00000, 0x000000008ea00000| Untracked 
| 235|0x000000008eb00000, 0x000000008eb00000, 0x000000008ec00000|  0%| F|  |TAMS 0x000000008eb00000, 0x000000008eb00000| Untracked 
| 236|0x000000008ec00000, 0x000000008ec00000, 0x000000008ed00000|  0%| F|  |TAMS 0x000000008ec00000, 0x000000008ec00000| Untracked 
| 237|0x000000008ed00000, 0x000000008ed00000, 0x000000008ee00000|  0%| F|  |TAMS 0x000000008ed00000, 0x000000008ed00000| Untracked 
| 238|0x000000008ee00000, 0x000000008ee00000, 0x000000008ef00000|  0%| F|  |TAMS 0x000000008ee00000, 0x000000008ee00000| Untracked 
| 239|0x000000008ef00000, 0x000000008ef00000, 0x000000008f000000|  0%| F|  |TAMS 0x000000008ef00000, 0x000000008ef00000| Untracked 
| 240|0x000000008f000000, 0x000000008f000000, 0x000000008f100000|  0%| F|  |TAMS 0x000000008f000000, 0x000000008f000000| Untracked 
| 241|0x000000008f100000, 0x000000008f100000, 0x000000008f200000|  0%| F|  |TAMS 0x000000008f100000, 0x000000008f100000| Untracked 
| 242|0x000000008f200000, 0x000000008f200000, 0x000000008f300000|  0%| F|  |TAMS 0x000000008f200000, 0x000000008f200000| Untracked 
| 243|0x000000008f300000, 0x000000008f300000, 0x000000008f400000|  0%| F|  |TAMS 0x000000008f300000, 0x000000008f300000| Untracked 
| 244|0x000000008f400000, 0x000000008f4021f0, 0x000000008f500000|  0%| S|CS|TAMS 0x000000008f400000, 0x000000008f400000| Complete 
| 245|0x000000008f500000, 0x000000008f500000, 0x000000008f600000|  0%| F|  |TAMS 0x000000008f500000, 0x000000008f500000| Untracked 
| 246|0x000000008f600000, 0x000000008f600000, 0x000000008f700000|  0%| F|  |TAMS 0x000000008f600000, 0x000000008f600000| Untracked 
| 247|0x000000008f700000, 0x000000008f700000, 0x000000008f800000|  0%| F|  |TAMS 0x000000008f700000, 0x000000008f700000| Untracked 
| 248|0x000000008f800000, 0x000000008f800000, 0x000000008f900000|  0%| F|  |TAMS 0x000000008f800000, 0x000000008f800000| Untracked 
| 249|0x000000008f900000, 0x000000008f900000, 0x000000008fa00000|  0%| F|  |TAMS 0x000000008f900000, 0x000000008f900000| Untracked 
| 250|0x000000008fa00000, 0x000000008fa00000, 0x000000008fb00000|  0%| F|  |TAMS 0x000000008fa00000, 0x000000008fa00000| Untracked 

Card table byte_map: [0x000001d07e600000,0x000001d07ea00000] _byte_map_base: 0x000001d07e200000

Marking Bits (Prev, Next): (CMBitMap*) 0x000001d066a9c6a8, (CMBitMap*) 0x000001d066a9c6e8
 Prev Bits: [0x000001d000000000, 0x000001d002000000)
 Next Bits: [0x000001d002000000, 0x000001d004000000)

Polling page: 0x000001d066230000

Metaspace:

Usage:
  Non-class:     26.33 MB capacity,    25.64 MB ( 97%) used,   654.70 KB (  2%) free+waste,    55.50 KB ( <1%) overhead. 
      Class:      3.97 MB capacity,     3.36 MB ( 85%) used,   592.08 KB ( 15%) free+waste,    31.81 KB ( <1%) overhead. 
       Both:     30.31 MB capacity,    29.00 MB ( 96%) used,     1.22 MB (  4%) free+waste,    87.31 KB ( <1%) overhead. 

Virtual space:
  Non-class space:       28.00 MB reserved,      26.50 MB ( 95%) committed 
      Class space:        1.00 GB reserved,       4.00 MB ( <1%) committed 
             Both:        1.03 GB reserved,      30.50 MB (  3%) committed 

Chunk freelists:
   Non-Class:  43.00 KB
       Class:  27.00 KB
        Both:  70.00 KB

MaxMetaspaceSize: 17179869184.00 GB
CompressedClassSpaceSize: 1.00 GB

CodeHeap 'non-profiled nmethods': size=120064Kb used=1937Kb max_used=1937Kb free=118127Kb
 bounds [0x000001d076cc0000, 0x000001d076f30000, 0x000001d07e200000]
CodeHeap 'profiled nmethods': size=120000Kb used=8127Kb max_used=8127Kb free=111872Kb
 bounds [0x000001d06f790000, 0x000001d06ff80000, 0x000001d076cc0000]
CodeHeap 'non-nmethods': size=5696Kb used=2342Kb max_used=2383Kb free=3353Kb
 bounds [0x000001d06f200000, 0x000001d06f470000, 0x000001d06f790000]
 total_blobs=5445 nmethods=3463 adapters=724
 compilation: enabled
              stopped_count=0, restarted_count=0
 full_count=0

Compilation events (20 events):
Event: 8.409 Thread 0x000001d07efc7800 nmethod 3467 0x000001d06ff71c90 code [0x000001d06ff71e40, 0x000001d06ff72078]
Event: 8.409 Thread 0x000001d07efc7800 3468       3       org.apache.commons.text.diff.EditScript::append (22 bytes)
Event: 8.409 Thread 0x000001d07efc7800 nmethod 3468 0x000001d06ff72190 code [0x000001d06ff72340, 0x000001d06ff72548]
Event: 8.410 Thread 0x000001d07efc7800 3469       1       org.apache.commons.text.diff.EditCommand::getObject (5 bytes)
Event: 8.410 Thread 0x000001d07efc7800 nmethod 3469 0x000001d076ea3190 code [0x000001d076ea3320, 0x000001d076ea33f8]
Event: 8.410 Thread 0x000001d07efc7800 3470       3       java.lang.Character::toString (16 bytes)
Event: 8.410 Thread 0x000001d07efc7800 nmethod 3470 0x000001d06ff72610 code [0x000001d06ff727c0, 0x000001d06ff72b08]
Event: 8.410 Thread 0x000001d07efc7800 3471       3       org.apache.commons.text.diff.KeepCommand::accept (11 bytes)
Event: 8.411 Thread 0x000001d07efc7800 nmethod 3471 0x000001d06ff72c10 code [0x000001d06ff72dc0, 0x000001d06ff73188]
Event: 8.411 Thread 0x000001d07efc7800 3472       1       org.apache.commons.text.diff.StringsComparator$Snake::getStart (5 bytes)
Event: 8.411 Thread 0x000001d07efc7800 nmethod 3472 0x000001d076ea3490 code [0x000001d076ea3620, 0x000001d076ea36f8]
Event: 8.411 Thread 0x000001d07efc7800 3473       3       com.abb.dias.api.automation.core.diffhmtlhighlighter.FileCommandsVisitor::visitKeepCommand (103 bytes)
Event: 8.413 Thread 0x000001d07efc2000 nmethod 3464 0x000001d076ea3790 code [0x000001d076ea3940, 0x000001d076ea3f58]
Event: 8.413 Thread 0x000001d07efc7800 nmethod 3473 0x000001d06ff73310 code [0x000001d06ff737c0, 0x000001d06ff75b08]
Event: 8.414 Thread 0x000001d07efc7800 3474       3       org.apache.commons.text.diff.StringsComparator::getMiddleSnake (593 bytes)
Event: 8.417 Thread 0x000001d07efc7800 nmethod 3474 0x000001d06ff76610 code [0x000001d06ff76a60, 0x000001d06ff79108]
Event: 8.417 Thread 0x000001d07efc7800 3476       3       org.apache.commons.text.diff.StringsComparator::buildScript (313 bytes)
Event: 8.420 Thread 0x000001d07efc7800 nmethod 3476 0x000001d06ff7a410 code [0x000001d06ff7aa40, 0x000001d06ff7e548]
Event: 8.420 Thread 0x000001d07efc7800 3475       1       org.apache.commons.text.diff.StringsComparator$Snake::getDiag (5 bytes)
Event: 8.420 Thread 0x000001d07efc7800 nmethod 3475 0x000001d076ea4110 code [0x000001d076ea42a0, 0x000001d076ea4378]

GC Heap History (20 events):
Event: 8.093 GC heap after
{Heap after GC invocations=65 (full 29):
 garbage-first heap   total 257024K, used 119292K [0x0000000080000000, 0x0000000100000000)
  region size 1024K, 1 young (1024K), 1 survivors (1024K)
 Metaspace       used 29595K, capacity 30906K, committed 30976K, reserved 1077248K
  class space    used 3438K, capacity 4069K, committed 4096K, reserved 1048576K
}
Event: 8.123 GC heap before
{Heap before GC invocations=65 (full 29):
 garbage-first heap   total 257024K, used 122364K [0x0000000080000000, 0x0000000100000000)
  region size 1024K, 4 young (4096K), 1 survivors (1024K)
 Metaspace       used 29595K, capacity 30906K, committed 30976K, reserved 1077248K
  class space    used 3438K, capacity 4069K, committed 4096K, reserved 1048576K
}
Event: 8.173 GC heap after
{Heap after GC invocations=66 (full 30):
 garbage-first heap   total 257024K, used 119397K [0x0000000080000000, 0x0000000100000000)
  region size 1024K, 0 young (0K), 0 survivors (0K)
 Metaspace       used 29595K, capacity 30906K, committed 30976K, reserved 1077248K
  class space    used 3438K, capacity 4069K, committed 4096K, reserved 1048576K
}
Event: 8.174 GC heap before
{Heap before GC invocations=66 (full 30):
 garbage-first heap   total 257024K, used 119397K [0x0000000080000000, 0x0000000100000000)
  region size 1024K, 1 young (1024K), 0 survivors (0K)
 Metaspace       used 29595K, capacity 30906K, committed 30976K, reserved 1077248K
  class space    used 3438K, capacity 4069K, committed 4096K, reserved 1048576K
}
Event: 8.175 GC heap after
{Heap after GC invocations=67 (full 30):
 garbage-first heap   total 257024K, used 119567K [0x0000000080000000, 0x0000000100000000)
  region size 1024K, 1 young (1024K), 1 survivors (1024K)
 Metaspace       used 29595K, capacity 30906K, committed 30976K, reserved 1077248K
  class space    used 3438K, capacity 4069K, committed 4096K, reserved 1048576K
}
Event: 8.188 GC heap before
{Heap before GC invocations=67 (full 30):
 garbage-first heap   total 257024K, used 126735K [0x0000000080000000, 0x0000000100000000)
  region size 1024K, 2 young (2048K), 1 survivors (1024K)
 Metaspace       used 29595K, capacity 30906K, committed 30976K, reserved 1077248K
  class space    used 3438K, capacity 4069K, committed 4096K, reserved 1048576K
}
Event: 8.234 GC heap after
{Heap after GC invocations=68 (full 31):
 garbage-first heap   total 257024K, used 126576K [0x0000000080000000, 0x0000000100000000)
  region size 1024K, 0 young (0K), 0 survivors (0K)
 Metaspace       used 29595K, capacity 30906K, committed 30976K, reserved 1077248K
  class space    used 3438K, capacity 4069K, committed 4096K, reserved 1048576K
}
Event: 8.235 GC heap before
{Heap before GC invocations=68 (full 31):
 garbage-first heap   total 257024K, used 126576K [0x0000000080000000, 0x0000000100000000)
  region size 1024K, 1 young (1024K), 0 survivors (0K)
 Metaspace       used 29595K, capacity 30906K, committed 30976K, reserved 1077248K
  class space    used 3438K, capacity 4069K, committed 4096K, reserved 1048576K
}
Event: 8.236 GC heap after
{Heap after GC invocations=69 (full 31):
 garbage-first heap   total 257024K, used 126661K [0x0000000080000000, 0x0000000100000000)
  region size 1024K, 1 young (1024K), 1 survivors (1024K)
 Metaspace       used 29595K, capacity 30906K, committed 30976K, reserved 1077248K
  class space    used 3438K, capacity 4069K, committed 4096K, reserved 1048576K
}
Event: 8.239 GC heap before
{Heap before GC invocations=69 (full 31):
 garbage-first heap   total 257024K, used 129733K [0x0000000080000000, 0x0000000100000000)
  region size 1024K, 4 young (4096K), 1 survivors (1024K)
 Metaspace       used 29595K, capacity 30906K, committed 30976K, reserved 1077248K
  class space    used 3438K, capacity 4069K, committed 4096K, reserved 1048576K
}
Event: 8.286 GC heap after
{Heap after GC invocations=70 (full 32):
 garbage-first heap   total 257024K, used 127237K [0x0000000080000000, 0x0000000100000000)
  region size 1024K, 0 young (0K), 0 survivors (0K)
 Metaspace       used 29595K, capacity 30906K, committed 30976K, reserved 1077248K
  class space    used 3438K, capacity 4069K, committed 4096K, reserved 1048576K
}
Event: 8.294 GC heap before
{Heap before GC invocations=70 (full 32):
 garbage-first heap   total 257024K, used 127237K [0x0000000080000000, 0x0000000100000000)
  region size 1024K, 1 young (1024K), 0 survivors (0K)
 Metaspace       used 29665K, capacity 30970K, committed 31232K, reserved 1077248K
  class space    used 3441K, capacity 4069K, committed 4096K, reserved 1048576K
}
Event: 8.295 GC heap after
{Heap after GC invocations=71 (full 32):
 garbage-first heap   total 257024K, used 127305K [0x0000000080000000, 0x0000000100000000)
  region size 1024K, 1 young (1024K), 1 survivors (1024K)
 Metaspace       used 29665K, capacity 30970K, committed 31232K, reserved 1077248K
  class space    used 3441K, capacity 4069K, committed 4096K, reserved 1048576K
}
Event: 8.303 GC heap before
{Heap before GC invocations=71 (full 32):
 garbage-first heap   total 257024K, used 134473K [0x0000000080000000, 0x0000000100000000)
  region size 1024K, 2 young (2048K), 1 survivors (1024K)
 Metaspace       used 29665K, capacity 30970K, committed 31232K, reserved 1077248K
  class space    used 3441K, capacity 4069K, committed 4096K, reserved 1048576K
}
Event: 8.353 GC heap after
{Heap after GC invocations=72 (full 33):
 garbage-first heap   total 257024K, used 134468K [0x0000000080000000, 0x0000000100000000)
  region size 1024K, 0 young (0K), 0 survivors (0K)
 Metaspace       used 29665K, capacity 30970K, committed 31232K, reserved 1077248K
  class space    used 3441K, capacity 4069K, committed 4096K, reserved 1048576K
}
Event: 8.354 GC heap before
{Heap before GC invocations=72 (full 33):
 garbage-first heap   total 257024K, used 134468K [0x0000000080000000, 0x0000000100000000)
  region size 1024K, 1 young (1024K), 0 survivors (0K)
 Metaspace       used 29665K, capacity 30970K, committed 31232K, reserved 1077248K
  class space    used 3441K, capacity 4069K, committed 4096K, reserved 1048576K
}
Event: 8.355 GC heap after
{Heap after GC invocations=73 (full 33):
 garbage-first heap   total 257024K, used 134516K [0x0000000080000000, 0x0000000100000000)
  region size 1024K, 1 young (1024K), 1 survivors (1024K)
 Metaspace       used 29665K, capacity 30970K, committed 31232K, reserved 1077248K
  class space    used 3441K, capacity 4069K, committed 4096K, reserved 1048576K
}
Event: 8.359 GC heap before
{Heap before GC invocations=73 (full 33):
 garbage-first heap   total 257024K, used 137588K [0x0000000080000000, 0x0000000100000000)
  region size 1024K, 4 young (4096K), 1 survivors (1024K)
 Metaspace       used 29666K, capacity 30970K, committed 31232K, reserved 1077248K
  class space    used 3441K, capacity 4069K, committed 4096K, reserved 1048576K
}
Event: 8.405 GC heap after
{Heap after GC invocations=74 (full 34):
 garbage-first heap   total 257024K, used 135129K [0x0000000080000000, 0x0000000100000000)
  region size 1024K, 0 young (0K), 0 survivors (0K)
 Metaspace       used 29666K, capacity 30970K, committed 31232K, reserved 1077248K
  class space    used 3441K, capacity 4069K, committed 4096K, reserved 1048576K
}
Event: 8.424 GC heap before
{Heap before GC invocations=74 (full 34):
 garbage-first heap   total 257024K, used 140249K [0x0000000080000000, 0x0000000100000000)
  region size 1024K, 6 young (6144K), 0 survivors (0K)
 Metaspace       used 29699K, capacity 31034K, committed 31232K, reserved 1077248K
  class space    used 3445K, capacity 4069K, committed 4096K, reserved 1048576K
}

Deoptimization events (20 events):
Event: 7.681 Thread 0x000001d066a5a800 Uncommon trap: trap_request=0xffffffbe fr.pc=0x000001d076e83acc relative=0x000000000000062c
Event: 7.681 Thread 0x000001d066a5a800 Uncommon trap: reason=profile_predicate action=maybe_recompile pc=0x000001d076e83acc method=java.util.regex.Pattern$Slice.match(Ljava/util/regex/Matcher;ILjava/lang/CharSequence;)Z @ 18 c2
Event: 7.681 Thread 0x000001d066a5a800 DEOPT PACKING pc=0x000001d076e83acc sp=0x0000007c1f6fc720
Event: 7.681 Thread 0x000001d066a5a800 DEOPT UNPACKING pc=0x000001d06f24912f sp=0x0000007c1f6fc6a0 mode 2
Event: 7.685 Thread 0x000001d066a5a800 DEOPT PACKING pc=0x000001d06ff26986 sp=0x0000007c1f6fc690
Event: 7.685 Thread 0x000001d066a5a800 DEOPT UNPACKING pc=0x000001d06f24964e sp=0x0000007c1f6fbb28 mode 0
Event: 7.737 Thread 0x000001d066a5a800 DEOPT PACKING pc=0x000001d06ff26986 sp=0x0000007c1f6fc540
Event: 7.737 Thread 0x000001d066a5a800 DEOPT UNPACKING pc=0x000001d06f24964e sp=0x0000007c1f6fb9d8 mode 0
Event: 7.737 Thread 0x000001d066a5a800 DEOPT PACKING pc=0x000001d06ff26986 sp=0x0000007c1f6fc790
Event: 7.737 Thread 0x000001d066a5a800 DEOPT UNPACKING pc=0x000001d06f24964e sp=0x0000007c1f6fbc28 mode 0
Event: 7.740 Thread 0x000001d066a5a800 DEOPT PACKING pc=0x000001d06ff26bbb sp=0x0000007c1f6fc880
Event: 7.740 Thread 0x000001d066a5a800 DEOPT UNPACKING pc=0x000001d06f24964e sp=0x0000007c1f6fbd18 mode 0
Event: 7.747 Thread 0x000001d066a5a800 Uncommon trap: trap_request=0xffffff45 fr.pc=0x000001d076e61424 relative=0x0000000000000ac4
Event: 7.747 Thread 0x000001d066a5a800 Uncommon trap: reason=unstable_if action=reinterpret pc=0x000001d076e61424 method=java.util.HashMap.putVal(ILjava/lang/Object;Ljava/lang/Object;ZZ)Ljava/lang/Object; @ 109 c2
Event: 7.747 Thread 0x000001d066a5a800 DEOPT PACKING pc=0x000001d076e61424 sp=0x0000007c1f6fc210
Event: 7.747 Thread 0x000001d066a5a800 DEOPT UNPACKING pc=0x000001d06f24912f sp=0x0000007c1f6fc1b8 mode 2
Event: 7.748 Thread 0x000001d066a5a800 Uncommon trap: trap_request=0xffffff45 fr.pc=0x000001d076da6954 relative=0x0000000000000a14
Event: 7.748 Thread 0x000001d066a5a800 Uncommon trap: reason=unstable_if action=reinterpret pc=0x000001d076da6954 method=java.util.HashMap.resize()[Ljava/util/HashMap$Node; @ 203 c2
Event: 7.748 Thread 0x000001d066a5a800 DEOPT PACKING pc=0x000001d076da6954 sp=0x0000007c1f6fc130
Event: 7.748 Thread 0x000001d066a5a800 DEOPT UNPACKING pc=0x000001d06f24912f sp=0x0000007c1f6fc0d8 mode 2

Classes unloaded (0 events):
No events

Classes redefined (0 events):
No events

Internal exceptions (20 events):
Event: 7.253 Thread 0x000001d066a5a800 Exception <a 'java/lang/ClassNotFoundException'{0x000000008b23ac98}: org/apache/http/client/methods/HttpExecutionAwareCustomizer> (0x000000008b23ac98) 
thrown [./open/src/hotspot/share/classfile/systemDictionary.cpp, line 226]
Event: 7.254 Thread 0x000001d066a5a800 Exception <a 'java/lang/ClassNotFoundException'{0x000000008b25dbd0}: org/apache/http/client/methods/AbortableHttpRequestBeanInfo> (0x000000008b25dbd0) 
thrown [./open/src/hotspot/share/classfile/systemDictionary.cpp, line 226]
Event: 7.255 Thread 0x000001d066a5a800 Exception <a 'java/lang/ClassNotFoundException'{0x000000008b270b08}: org/apache/http/client/methods/AbortableHttpRequestCustomizer> (0x000000008b270b08) 
thrown [./open/src/hotspot/share/classfile/systemDictionary.cpp, line 226]
Event: 7.255 Thread 0x000001d066a5a800 Exception <a 'java/lang/ClassNotFoundException'{0x000000008b281b08}: java/lang/CloneableBeanInfo> (0x000000008b281b08) 
thrown [./open/src/hotspot/share/classfile/systemDictionary.cpp, line 226]
Event: 7.256 Thread 0x000001d066a5a800 Exception <a 'java/lang/ClassNotFoundException'{0x000000008b2837f0}: java/lang/CloneableCustomizer> (0x000000008b2837f0) 
thrown [./open/src/hotspot/share/classfile/systemDictionary.cpp, line 226]
Event: 7.257 Thread 0x000001d066a5a800 Exception <a 'java/lang/ClassNotFoundException'{0x000000008b29f078}: org/apache/http/HttpRequestBeanInfo> (0x000000008b29f078) 
thrown [./open/src/hotspot/share/classfile/systemDictionary.cpp, line 226]
Event: 7.257 Thread 0x000001d066a5a800 Exception <a 'java/lang/ClassNotFoundException'{0x000000008b2ae348}: org/apache/http/HttpRequestCustomizer> (0x000000008b2ae348) 
thrown [./open/src/hotspot/share/classfile/systemDictionary.cpp, line 226]
Event: 7.259 Thread 0x000001d066a5a800 Exception <a 'java/lang/ClassNotFoundException'{0x000000008b2d0260}: org/apache/http/client/methods/HttpUriRequestBeanInfo> (0x000000008b2d0260) 
thrown [./open/src/hotspot/share/classfile/systemDictionary.cpp, line 226]
Event: 7.259 Thread 0x000001d066a5a800 Exception <a 'java/lang/ClassNotFoundException'{0x000000008b2e1db0}: org/apache/http/client/methods/HttpUriRequestCustomizer> (0x000000008b2e1db0) 
thrown [./open/src/hotspot/share/classfile/systemDictionary.cpp, line 226]
Event: 7.260 Thread 0x000001d066a5a800 Exception <a 'java/lang/ClassNotFoundException'{0x000000008b104e58}: org/apache/http/client/methods/ConfigurableBeanInfo> (0x000000008b104e58) 
thrown [./open/src/hotspot/share/classfile/systemDictionary.cpp, line 226]
Event: 7.261 Thread 0x000001d066a5a800 Exception <a 'java/lang/ClassNotFoundException'{0x000000008b116988}: org/apache/http/client/methods/ConfigurableCustomizer> (0x000000008b116988) 
thrown [./open/src/hotspot/share/classfile/systemDictionary.cpp, line 226]
Event: 7.263 Thread 0x000001d066a5a800 Exception <a 'java/lang/ClassNotFoundException'{0x000000008b138fa0}: groovy/runtime/metaclass/[Lorg/apache/http/Header;MetaClass> (0x000000008b138fa0) 
thrown [./open/src/hotspot/share/prims/jni.cpp, line 620]
Event: 7.263 Thread 0x000001d066a5a800 Exception <a 'java/lang/ClassNotFoundException'{0x000000008b13ed20}: [Lorg/apache/http/Header;BeanInfo> (0x000000008b13ed20) 
thrown [./open/src/hotspot/share/prims/jni.cpp, line 620]
Event: 7.263 Thread 0x000001d066a5a800 Exception <a 'java/lang/ClassNotFoundException'{0x000000008b13fae0}: [Lorg/apache/http/Header;BeanInfo> (0x000000008b13fae0) 
thrown [./open/src/hotspot/share/prims/jni.cpp, line 620]
Event: 7.263 Thread 0x000001d066a5a800 Exception <a 'java/lang/ClassNotFoundException'{0x000000008b1408a0}: [Lorg/apache/http/Header;BeanInfo> (0x000000008b1408a0) 
thrown [./open/src/hotspot/share/prims/jni.cpp, line 620]
Event: 7.263 Thread 0x000001d066a5a800 Exception <a 'java/lang/ClassNotFoundException'{0x000000008b141728}: [Lorg/apache/http/Header;Customizer> (0x000000008b141728) 
thrown [./open/src/hotspot/share/prims/jni.cpp, line 620]
Event: 7.263 Thread 0x000001d066a5a800 Exception <a 'java/lang/ClassNotFoundException'{0x000000008b1424e8}: [Lorg/apache/http/Header;Customizer> (0x000000008b1424e8) 
thrown [./open/src/hotspot/share/prims/jni.cpp, line 620]
Event: 7.263 Thread 0x000001d066a5a800 Exception <a 'java/lang/ClassNotFoundException'{0x000000008b1432a8}: [Lorg/apache/http/Header;Customizer> (0x000000008b1432a8) 
thrown [./open/src/hotspot/share/prims/jni.cpp, line 620]
Event: 7.443 Thread 0x000001d066a5a800 Exception <a 'java/lang/ClassNotFoundException'{0x000000008b009608}: io/restassured/internal/http/ContentTypeExtractorBeanInfo> (0x000000008b009608) 
thrown [./open/src/hotspot/share/classfile/systemDictionary.cpp, line 226]
Event: 7.443 Thread 0x000001d066a5a800 Exception <a 'java/lang/ClassNotFoundException'{0x000000008b01b520}: io/restassured/internal/http/ContentTypeExtractorCustomizer> (0x000000008b01b520) 
thrown [./open/src/hotspot/share/classfile/systemDictionary.cpp, line 226]

Events (20 events):
Event: 8.093 Executing VM operation: G1TryInitiateConcMark done
Event: 8.123 Executing VM operation: G1CollectFull
Event: 8.173 Executing VM operation: G1CollectFull done
Event: 8.174 Executing VM operation: G1TryInitiateConcMark
Event: 8.175 Executing VM operation: G1TryInitiateConcMark done
Event: 8.188 Executing VM operation: G1CollectFull
Event: 8.234 Executing VM operation: G1CollectFull done
Event: 8.235 Executing VM operation: G1TryInitiateConcMark
Event: 8.237 Executing VM operation: G1TryInitiateConcMark done
Event: 8.239 Executing VM operation: G1CollectFull
Event: 8.286 Executing VM operation: G1CollectFull done
Event: 8.293 Executing VM operation: G1TryInitiateConcMark
Event: 8.295 Executing VM operation: G1TryInitiateConcMark done
Event: 8.303 Executing VM operation: G1CollectFull
Event: 8.353 Executing VM operation: G1CollectFull done
Event: 8.354 Executing VM operation: G1TryInitiateConcMark
Event: 8.356 Executing VM operation: G1TryInitiateConcMark done
Event: 8.359 Executing VM operation: G1CollectFull
Event: 8.405 Executing VM operation: G1CollectFull done
Event: 8.424 Executing VM operation: G1TryInitiateConcMark


Dynamic libraries:
0x00007ff714850000 - 0x00007ff71485f000 	C:\Program Files\Java\jdk-14.0.1\bin\java.exe
0x00007ffc41da0000 - 0x00007ffc41f90000 	C:\WINDOWS\SYSTEM32\ntdll.dll
0x00007ffc403f0000 - 0x00007ffc404a2000 	C:\WINDOWS\System32\KERNEL32.DLL
0x00007ffc3fba0000 - 0x00007ffc3fe44000 	C:\WINDOWS\System32\KERNELBASE.dll
0x00007ffc3f8b0000 - 0x00007ffc3f9aa000 	C:\WINDOWS\System32\ucrtbase.dll
0x00007ffc25c70000 - 0x00007ffc25c85000 	C:\Program Files\Java\jdk-14.0.1\bin\VCRUNTIME140.dll
0x00007ffc26050000 - 0x00007ffc26068000 	C:\Program Files\Java\jdk-14.0.1\bin\jli.dll
0x00007ffc40600000 - 0x00007ffc406a3000 	C:\WINDOWS\System32\ADVAPI32.dll
0x00007ffc404b0000 - 0x00007ffc4054e000 	C:\WINDOWS\System32\msvcrt.dll
0x00007ffc408a0000 - 0x00007ffc40937000 	C:\WINDOWS\System32\sechost.dll
0x00007ffc412a0000 - 0x00007ffc413c0000 	C:\WINDOWS\System32\RPCRT4.dll
0x00007ffc413c0000 - 0x00007ffc41555000 	C:\WINDOWS\System32\USER32.dll
0x00007ffc3fb50000 - 0x00007ffc3fb71000 	C:\WINDOWS\System32\win32u.dll
0x00007ffc40740000 - 0x00007ffc40766000 	C:\WINDOWS\System32\GDI32.dll
0x00007ffc3f9b0000 - 0x00007ffc3fb46000 	C:\WINDOWS\System32\gdi32full.dll
0x00007ffc3f810000 - 0x00007ffc3f8ae000 	C:\WINDOWS\System32\msvcp_win.dll
0x00007ffc32120000 - 0x00007ffc323a4000 	C:\WINDOWS\WinSxS\amd64_microsoft.windows.common-controls_6595b64144ccf1df_6.0.18362.1016_none_9e7a36bbe461dae4\COMCTL32.dll
0x00007ffc40db0000 - 0x00007ffc410e5000 	C:\WINDOWS\System32\combase.dll
0x00007ffc3ed70000 - 0x00007ffc3edf0000 	C:\WINDOWS\System32\bcryptPrimitives.dll
0x00007ffc347f0000 - 0x00007ffc347fa000 	C:\WINDOWS\SYSTEM32\VERSION.dll
0x00007ffc41640000 - 0x00007ffc4166e000 	C:\WINDOWS\System32\IMM32.DLL
0x00007ffc170e0000 - 0x00007ffc1717b000 	C:\Program Files\Java\jdk-14.0.1\bin\msvcp140.dll
0x00007ffc03280000 - 0x00007ffc03d9e000 	C:\Program Files\Java\jdk-14.0.1\bin\server\jvm.dll
0x00007ffc41290000 - 0x00007ffc41298000 	C:\WINDOWS\System32\PSAPI.DLL
0x00007ffc30aa0000 - 0x00007ffc30aa9000 	C:\WINDOWS\SYSTEM32\WSOCK32.dll
0x00007ffc406b0000 - 0x00007ffc4071f000 	C:\WINDOWS\System32\WS2_32.dll
0x00007ffc3cba0000 - 0x00007ffc3cbc4000 	C:\WINDOWS\SYSTEM32\WINMM.dll
0x00007ffc3cb70000 - 0x00007ffc3cb9d000 	C:\WINDOWS\SYSTEM32\WINMMBASE.dll
0x00007ffc3ed20000 - 0x00007ffc3ed6a000 	C:\WINDOWS\System32\cfgmgr32.dll
0x00007ffc3ec60000 - 0x00007ffc3ec71000 	C:\WINDOWS\System32\kernel.appcore.dll
0x00007ffc30a30000 - 0x00007ffc30a3a000 	C:\Program Files\Java\jdk-14.0.1\bin\jimage.dll
0x00007ffc32ed0000 - 0x00007ffc330c4000 	C:\WINDOWS\SYSTEM32\DBGHELP.DLL
0x00007ffc32e40000 - 0x00007ffc32e6a000 	C:\WINDOWS\SYSTEM32\dbgcore.DLL
0x00007ffc30970000 - 0x00007ffc30995000 	C:\Program Files\Java\jdk-14.0.1\bin\java.dll
0x00007ffc30a10000 - 0x00007ffc30a26000 	C:\Program Files\Java\jdk-14.0.1\bin\zip.dll
0x00007ffc41670000 - 0x00007ffc41d57000 	C:\WINDOWS\System32\SHELL32.dll
0x00007ffc40550000 - 0x00007ffc405f9000 	C:\WINDOWS\System32\shcore.dll
0x00007ffc3edf0000 - 0x00007ffc3f572000 	C:\WINDOWS\System32\windows.storage.dll
0x00007ffc3ecf0000 - 0x00007ffc3ed13000 	C:\WINDOWS\System32\profapi.dll
0x00007ffc3ec80000 - 0x00007ffc3ecca000 	C:\WINDOWS\System32\powrprof.dll
0x00007ffc3ec50000 - 0x00007ffc3ec60000 	C:\WINDOWS\System32\UMPDC.dll
0x00007ffc401e0000 - 0x00007ffc40232000 	C:\WINDOWS\System32\shlwapi.dll
0x00007ffc3fb80000 - 0x00007ffc3fb97000 	C:\WINDOWS\System32\cryptsp.dll
0x00007ffc30950000 - 0x00007ffc30969000 	C:\Program Files\Java\jdk-14.0.1\bin\net.dll
0x00007ffc34230000 - 0x00007ffc34320000 	C:\WINDOWS\SYSTEM32\WINHTTP.dll
0x00007ffc3e450000 - 0x00007ffc3e4b7000 	C:\WINDOWS\system32\mswsock.dll
0x00007ffc2db60000 - 0x00007ffc2db72000 	C:\Program Files\Java\jdk-14.0.1\bin\nio.dll
0x00007ffc30b30000 - 0x00007ffc30b39000 	C:\Program Files\Java\jdk-14.0.1\bin\management.dll
0x00007ffc30a50000 - 0x00007ffc30a5b000 	C:\Program Files\Java\jdk-14.0.1\bin\management_ext.dll
0x00007ffc29fe0000 - 0x00007ffc29fee000 	C:\Program Files\Java\jdk-14.0.1\bin\sunmscapi.dll
0x00007ffc3f6c0000 - 0x00007ffc3f809000 	C:\WINDOWS\System32\CRYPT32.dll
0x00007ffc3ecd0000 - 0x00007ffc3ece2000 	C:\WINDOWS\System32\MSASN1.dll
0x00007ffc3e720000 - 0x00007ffc3e746000 	C:\WINDOWS\SYSTEM32\ncrypt.dll
0x00007ffc3f690000 - 0x00007ffc3f6b6000 	C:\WINDOWS\System32\bcrypt.dll
0x00007ffc3e6e0000 - 0x00007ffc3e71b000 	C:\WINDOWS\SYSTEM32\NTASN1.dll
0x00007ffc283e0000 - 0x00007ffc28405000 	C:\Program Files\Java\jdk-14.0.1\bin\sunec.dll
0x00007ffc3dfc0000 - 0x00007ffc3dff3000 	C:\WINDOWS\system32\rsaenh.dll
0x00007ffc3eb40000 - 0x00007ffc3eb65000 	C:\WINDOWS\SYSTEM32\USERENV.dll
0x00007ffc3e620000 - 0x00007ffc3e62c000 	C:\WINDOWS\SYSTEM32\CRYPTBASE.dll
0x00007ffc3e160000 - 0x00007ffc3e19a000 	C:\WINDOWS\SYSTEM32\IPHLPAPI.DLL
0x00007ffc40080000 - 0x00007ffc40088000 	C:\WINDOWS\System32\NSI.dll
0x00007ffc34d30000 - 0x00007ffc34d46000 	C:\WINDOWS\SYSTEM32\dhcpcsvc6.DLL
0x00007ffc34d10000 - 0x00007ffc34d2c000 	C:\WINDOWS\SYSTEM32\dhcpcsvc.DLL
0x00007ffc3e1a0000 - 0x00007ffc3e26b000 	C:\WINDOWS\SYSTEM32\DNSAPI.dll
0x00007ffc339a0000 - 0x00007ffc339aa000 	C:\Windows\System32\rasadhlp.dll
0x00007ffc34ac0000 - 0x00007ffc34b37000 	C:\WINDOWS\System32\fwpuclnt.dll
0x00007ffc30940000 - 0x00007ffc30950000 	C:\Program Files\Java\jdk-14.0.1\bin\verify.dll
0x00007ffc3b4c0000 - 0x00007ffc3b4d6000 	C:\WINDOWS\system32\napinsp.dll
0x00007ffc3b4a0000 - 0x00007ffc3b4ba000 	C:\WINDOWS\system32\pnrpnsp.dll
0x00007ffc3b490000 - 0x00007ffc3b49e000 	C:\WINDOWS\System32\winrnr.dll
0x00007ffc3b470000 - 0x00007ffc3b48c000 	C:\WINDOWS\system32\NLAapi.dll
0x00007ffc25a80000 - 0x00007ffc25a95000 	C:\WINDOWS\system32\wshbth.dll

dbghelp: loaded successfully - version: 4.0.5 - missing functions: none
symbol engine: initialized successfully - sym options: 0x614 - pdb path: .;C:\Program Files\Java\jdk-14.0.1\bin;C:\WINDOWS\SYSTEM32;C:\WINDOWS\WinSxS\amd64_microsoft.windows.common-controls_6595b64144ccf1df_6.0.18362.1016_none_9e7a36bbe461dae4;C:\Program Files\Java\jdk-14.0.1\bin\server

VM Arguments:
java_command: C:\Users\qeadmin\AppData\Local\Temp\surefire3682247429816578464\surefirebooter3694690237020319466.jar C:\Users\qeadmin\AppData\Local\Temp\surefire3682247429816578464 2020-09-04T09-21-56_030-jvmRun1 surefire14368269190985866379tmp surefire_07341609084075054042tmp
java_class_path (initial): C:\Users\qeadmin\AppData\Local\Temp\surefire3682247429816578464\surefirebooter3694690237020319466.jar
Launcher Type: SUN_STANDARD

[Global flags]
     intx CICompilerCount                          = 2                                         {product} {ergonomic}
     uint ConcGCThreads                            = 1                                         {product} {ergonomic}
     uint G1ConcRefinementThreads                  = 2                                         {product} {ergonomic}
   size_t G1HeapRegionSize                         = 1048576                                   {product} {ergonomic}
    uintx GCDrainStackTargetSize                   = 64                                        {product} {ergonomic}
   size_t InitialHeapSize                          = 134217728                                 {product} {ergonomic}
   size_t MarkStackSize                            = 4194304                                   {product} {ergonomic}
   size_t MaxHeapSize                              = 2147483648                                {product} {ergonomic}
   size_t MaxNewSize                               = 1287651328                                {product} {ergonomic}
   size_t MinHeapDeltaBytes                        = 1048576                                   {product} {ergonomic}
   size_t MinHeapSize                              = 8388608                                   {product} {ergonomic}
    uintx NonNMethodCodeHeapSize                   = 5826188                                {pd product} {ergonomic}
    uintx NonProfiledCodeHeapSize                  = 122916026                              {pd product} {ergonomic}
    uintx ProfiledCodeHeapSize                     = 122916026                              {pd product} {ergonomic}
    uintx ReservedCodeCacheSize                    = 251658240                              {pd product} {ergonomic}
     bool SegmentedCodeCache                       = true                                      {product} {ergonomic}
   size_t SoftMaxHeapSize                          = 2147483648                             {manageable} {ergonomic}
     bool UseCompressedClassPointers               = true                                 {lp64_product} {ergonomic}
     bool UseCompressedOops                        = true                                 {lp64_product} {ergonomic}
     bool UseG1GC                                  = true                                      {product} {ergonomic}
     bool UseLargePagesIndividualAllocation        = false                                  {pd product} {ergonomic}

Logging:
Log output configuration:
 #0: stdout all=warning uptime,level,tags
 #1: stderr all=off uptime,level,tags

Environment Variables:
JAVA_HOME=C:\Program Files\Java\jdk-14.0.1
PATH=C:\Program Files (x86)\Common Files\Oracle\Java\javapath;C:\WINDOWS\system32;C:\WINDOWS;C:\WINDOWS\System32\Wbem;C:\WINDOWS\System32\WindowsPowerShell\v1.0\;C:\WINDOWS\System32\OpenSSH\;C:\Program Files\PuTTY\;C:\Program Files\Java\jdk-14.0.1\bin;C:\Program Files (x86)\Microsoft SQL Server\150\DTS\Binn\;C:\Program Files\Git\cmd;C:\Program Files\apache-maven-3.6.3\bin;C:\Users\qeadmin\AppData\Local\Microsoft\WindowsApps;
USERNAME=qeadmin
OS=Windows_NT
PROCESSOR_IDENTIFIER=Intel64 Family 6 Model 79 Stepping 1, GenuineIntel



---------------  S Y S T E M  ---------------

OS: Windows 10 , 64 bit Build 18362 (10.0.18362.959)
OS uptime: 2 days 22:53 hours
HyperV virtualization detected

CPU:total 2 (initial active 2) (2 cores per cpu, 1 threads per core) family 6 model 79 stepping 1, cmov, cx8, fxsr, mmx, sse, sse2, sse3, ssse3, sse4.1, sse4.2, popcnt, avx, avx2, aes, clmul, erms, rtm, 3dnowpref, lzcnt, tsc, bmi1, bmi2, adx, fma

Memory: 4k page, system-wide physical 8191M (3131M free)
TotalPageFile size 10239M (AvailPageFile size 424M)
current process WorkingSet (physical memory assigned to process): 369M, peak: 373M
current process commit charge ("private bytes"): 407M, peak: 909M

vm_info: Java HotSpot(TM) 64-Bit Server VM (14.0.1+7) for windows-amd64 JRE (14.0.1+7), built on Mar  5 2020 10:30:14 by "mach5one" with MS VC++ 15.9 (VS2017)

END.
