#
# There is insufficient memory for the Java Runtime Environment to continue.
# Native memory allocation (mmap) failed to map 708837376 bytes for Failed to commit area from 0x0000000096600000 to 0x00000000c0a00000 of length 708837376.
# Possible reasons:
#   The system is out of physical RAM or swap space
#   The process is running with CompressedOops enabled, and the Java Heap may be blocking the growth of the native heap
# Possible solutions:
#   Reduce memory load on the system
#   Increase physical memory or swap space
#   Check if swap backing store is full
#   Decrease Java heap size (-Xmx/-Xms)
#   Decrease number of Java threads
#   Decrease Java thread stack sizes (-Xss)
#   Set larger code cache with -XX:ReservedCodeCacheSize=
#   JVM is running with Unscaled Compressed Oops mode in which the Java heap is
#     placed in the first 4GB address space. The Java Heap base address is the
#     maximum limit for the native heap growth. Please use -XX:HeapBaseMinAddress
#     to set the Java Heap base and to place the Java Heap above 4GB virtual address.
# This output file may be truncated or incomplete.
#
#  Out of Memory Error (./open/src/hotspot/os/windows/os_windows.cpp:3315), pid=15612, tid=6708
#
# JRE version: Java(TM) SE Runtime Environment (14.0.1+7) (build 14.0.1+7)
# Java VM: Java HotSpot(TM) 64-Bit Server VM (14.0.1+7, mixed mode, sharing, tiered, compressed oops, g1 gc, windows-amd64)
# No core dump will be written. Minidumps are not enabled by default on client versions of Windows
#

---------------  S U M M A R Y ------------

Command Line: C:\Users\qeadmin\AppData\Local\Temp\surefire11596036950307807839\surefirebooter16513183527483171868.jar C:\Users\qeadmin\AppData\Local\Temp\surefire11596036950307807839 2020-09-04T09-29-54_997-jvmRun1 surefire611103444482283044tmp surefire_05807716748188169929tmp

Host: Intel(R) Xeon(R) CPU E5-2673 v4 @ 2.30GHz, 2 cores, 7G,  Windows 10 , 64 bit Build 18362 (10.0.18362.959)
Time: Fri Sep  4 09:30:07 2020 India Standard Time elapsed time: 11 seconds (0d 0h 0m 11s)

---------------  T H R E A D  ---------------

Current thread (0x0000024bdc79e000):  VMThread "VM Thread" [stack: 0x0000009995800000,0x0000009995900000] [id=6708]

Stack: [0x0000009995800000,0x0000009995900000]
[error occurred during error reporting (printing stack bounds), id 0xc0000005, EXCEPTION_ACCESS_VIOLATION (0xc0000005) at pc=0x0000024bc6a110ad]

Native frames: (J=compiled Java code, j=interpreted, Vv=VM code, C=native code)
V  [jvm.dll+0x5f840a]
V  [jvm.dll+0x741e4a]
V  [jvm.dll+0x7435ff]
V  [jvm.dll+0x743ba5]
V  [jvm.dll+0x743b5b]
V  [jvm.dll+0x5f793f]
V  [jvm.dll+0x5f80a8]
C  [ntdll.dll+0xa11cf]
C  [ntdll.dll+0x6a209]
C  [ntdll.dll+0x9fe3e]
C  0x0000024bc6a110ad

VM_Operation (0x00000099952fd030): G1TryInitiateConcMark, mode: safepoint, requested by thread 0x0000024bbe26a000


---------------  P R O C E S S  ---------------

Threads class SMR info:
_java_thread_list=0x0000024be147f5d0, length=14, elements={
0x0000024bbe26a000, 0x0000024bdc7a5000, 0x0000024bdc7a7800, 0x0000024bdc7c2000,
0x0000024bdc7c6800, 0x0000024bdc7c7800, 0x0000024bdc7c8800, 0x0000024bdc7ca000,
0x0000024bdc7cc800, 0x0000024bdd0f7000, 0x0000024bdd100000, 0x0000024bdd17d800,
0x0000024bdd2cd000, 0x0000024bde506000
}

Java Threads: ( => current thread )
  0x0000024bbe26a000 JavaThread "main" [_thread_blocked, id=7908, stack(0x0000009995200000,0x0000009995300000)]
  0x0000024bdc7a5000 JavaThread "Reference Handler" daemon [_thread_blocked, id=15520, stack(0x0000009995900000,0x0000009995a00000)]
  0x0000024bdc7a7800 JavaThread "Finalizer" daemon [_thread_blocked, id=10436, stack(0x0000009995a00000,0x0000009995b00000)]
  0x0000024bdc7c2000 JavaThread "Signal Dispatcher" daemon [_thread_blocked, id=11476, stack(0x0000009995b00000,0x0000009995c00000)]
  0x0000024bdc7c6800 JavaThread "Attach Listener" daemon [_thread_blocked, id=2756, stack(0x0000009995c00000,0x0000009995d00000)]
  0x0000024bdc7c7800 JavaThread "Service Thread" daemon [_thread_blocked, id=12184, stack(0x0000009995d00000,0x0000009995e00000)]
  0x0000024bdc7c8800 JavaThread "C2 CompilerThread0" daemon [_thread_blocked, id=11712, stack(0x0000009995e00000,0x0000009995f00000)]
  0x0000024bdc7ca000 JavaThread "C1 CompilerThread0" daemon [_thread_blocked, id=7728, stack(0x0000009995f00000,0x0000009996000000)]
  0x0000024bdc7cc800 JavaThread "Sweeper thread" daemon [_thread_blocked, id=15376, stack(0x0000009996000000,0x0000009996100000)]
  0x0000024bdd0f7000 JavaThread "Notification Thread" daemon [_thread_blocked, id=14784, stack(0x0000009996100000,0x0000009996200000)]
  0x0000024bdd100000 JavaThread "Common-Cleaner" daemon [_thread_blocked, id=4740, stack(0x0000009996300000,0x0000009996400000)]
  0x0000024bdd17d800 JavaThread "surefire-forkedjvm-command-thread" daemon [_thread_in_native, id=13012, stack(0x0000009996400000,0x0000009996500000)]
  0x0000024bdd2cd000 JavaThread "surefire-forkedjvm-ping-30s" daemon [_thread_blocked, id=10840, stack(0x0000009996600000,0x0000009996700000)]
  0x0000024bde506000 JavaThread "Abandoned connection cleanup thread" daemon [_thread_blocked, id=15200, stack(0x0000009996700000,0x0000009996800000)]

Other Threads:
=>0x0000024bdc79e000 VMThread "VM Thread" [stack: 0x0000009995800000,0x0000009995900000] [id=6708]
  0x0000024bdd0ff000 WatcherThread [stack: 0x0000009996200000,0x0000009996300000] [id=12092]
  0x0000024bbe2aa800 GCTaskThread "GC Thread#0" [stack: 0x0000009995300000,0x0000009995400000] [id=5852]
  0x0000024bdd2ab800 GCTaskThread "GC Thread#1" [stack: 0x0000009996500000,0x0000009996600000] [id=7352]
  0x0000024bbe2bc800 ConcurrentGCThread "G1 Main Marker" [stack: 0x0000009995400000,0x0000009995500000] [id=11316]
  0x0000024bbe2bd800 ConcurrentGCThread "G1 Conc#0" [stack: 0x0000009995500000,0x0000009995600000] [id=11176]
  0x0000024bdc620800 ConcurrentGCThread "G1 Refine#0" [stack: 0x0000009995600000,0x0000009995700000] [id=11696]
  0x0000024bbe330800 ConcurrentGCThread "G1 Young RemSet Sampling" [stack: 0x0000009995700000,0x0000009995800000] [id=5732]

Threads with active compile tasks:

VM state:at safepoint (normal execution)

VM Mutex/Monitor currently owned by a thread:  ([mutex/lock_event])
[0x0000024bbe266f40] Threads_lock - owner thread: 0x0000024bdc79e000
[0x0000024bbe2679f0] Heap_lock - owner thread: 0x0000024bbe26a000

Heap address: 0x0000000080000000, size: 2048 MB, Compressed Oops mode: 32-bit
Narrow klass base: 0x0000000800000000, Narrow klass shift: 3
Compressed class space size: 1073741824 Address: 0x0000000800b30000

Heap:
 garbage-first heap   total 1058816K, used 175540K [0x0000000080000000, 0x0000000100000000)
  region size 1024K, 1 young (1024K), 1 survivors (1024K)
 Metaspace       used 30213K, capacity 31600K, committed 31872K, reserved 1077248K
  class space    used 3479K, capacity 4125K, committed 4224K, reserved 1048576K
Heap Regions: E=young(eden), S=young(survivor), O=old, HS=humongous(starts), HC=humongous(continues), CS=collection set, F=free, OA=open archive, CA=closed archive, TAMS=top-at-mark-start (previous, next)
|   0|0x0000000080000000, 0x00000000800fffd8, 0x0000000080100000| 99%| O|  |TAMS 0x0000000080000000, 0x00000000800fffd8| Untracked 
|   1|0x0000000080100000, 0x00000000801fe368, 0x0000000080200000| 99%| O|  |TAMS 0x0000000080100000, 0x00000000801fe368| Untracked 
|   2|0x0000000080200000, 0x00000000802ffff8, 0x0000000080300000| 99%| O|  |TAMS 0x0000000080200000, 0x00000000802ffff8| Untracked 
|   3|0x0000000080300000, 0x00000000803fffe8, 0x0000000080400000| 99%| O|  |TAMS 0x0000000080300000, 0x00000000803fffe8| Untracked 
|   4|0x0000000080400000, 0x0000000080500000, 0x0000000080500000|100%|HS|  |TAMS 0x0000000080400000, 0x0000000080500000| Untracked 
|   5|0x0000000080500000, 0x00000000805fffe8, 0x0000000080600000| 99%| O|  |TAMS 0x0000000080500000, 0x00000000805fffe8| Untracked 
|   6|0x0000000080600000, 0x0000000080700000, 0x0000000080700000|100%|HS|  |TAMS 0x0000000080600000, 0x0000000080700000| Untracked 
|   7|0x0000000080700000, 0x0000000080800000, 0x0000000080800000|100%|HC|  |TAMS 0x0000000080700000, 0x0000000080800000| Untracked 
|   8|0x0000000080800000, 0x0000000080900000, 0x0000000080900000|100%|HC|  |TAMS 0x0000000080800000, 0x0000000080900000| Untracked 
|   9|0x0000000080900000, 0x0000000080a00000, 0x0000000080a00000|100%|HC|  |TAMS 0x0000000080900000, 0x0000000080a00000| Untracked 
|  10|0x0000000080a00000, 0x0000000080b00000, 0x0000000080b00000|100%|HC|  |TAMS 0x0000000080a00000, 0x0000000080b00000| Untracked 
|  11|0x0000000080b00000, 0x0000000080c00000, 0x0000000080c00000|100%|HC|  |TAMS 0x0000000080b00000, 0x0000000080c00000| Untracked 
|  12|0x0000000080c00000, 0x0000000080d00000, 0x0000000080d00000|100%|HS|  |TAMS 0x0000000080c00000, 0x0000000080d00000| Untracked 
|  13|0x0000000080d00000, 0x0000000080dedd38, 0x0000000080e00000| 92%| O|  |TAMS 0x0000000080d00000, 0x0000000080dedd38| Untracked 
|  14|0x0000000080e00000, 0x0000000080effa40, 0x0000000080f00000| 99%| O|  |TAMS 0x0000000080e00000, 0x0000000080effa40| Untracked 
|  15|0x0000000080f00000, 0x0000000080fff830, 0x0000000081000000| 99%| O|  |TAMS 0x0000000080f00000, 0x0000000080fff830| Untracked 
|  16|0x0000000081000000, 0x00000000810ffff8, 0x0000000081100000| 99%| O|  |TAMS 0x0000000081000000, 0x00000000810ffff8| Untracked 
|  17|0x0000000081100000, 0x0000000081200000, 0x0000000081200000|100%| O|  |TAMS 0x0000000081100000, 0x0000000081200000| Untracked 
|  18|0x0000000081200000, 0x0000000081300000, 0x0000000081300000|100%|HS|  |TAMS 0x0000000081200000, 0x0000000081300000| Untracked 
|  19|0x0000000081300000, 0x0000000081400000, 0x0000000081400000|100%|HC|  |TAMS 0x0000000081300000, 0x0000000081400000| Untracked 
|  20|0x0000000081400000, 0x0000000081500000, 0x0000000081500000|100%|HC|  |TAMS 0x0000000081400000, 0x0000000081500000| Untracked 
|  21|0x0000000081500000, 0x0000000081600000, 0x0000000081600000|100%|HC|  |TAMS 0x0000000081500000, 0x0000000081600000| Untracked 
|  22|0x0000000081600000, 0x0000000081700000, 0x0000000081700000|100%|HC|  |TAMS 0x0000000081600000, 0x0000000081700000| Untracked 
|  23|0x0000000081700000, 0x0000000081800000, 0x0000000081800000|100%|HC|  |TAMS 0x0000000081700000, 0x0000000081800000| Untracked 
|  24|0x0000000081800000, 0x0000000081900000, 0x0000000081900000|100%|HS|  |TAMS 0x0000000081800000, 0x0000000081900000| Untracked 
|  25|0x0000000081900000, 0x00000000819fff70, 0x0000000081a00000| 99%| O|  |TAMS 0x0000000081900000, 0x00000000819fff70| Untracked 
|  26|0x0000000081a00000, 0x0000000081afffb0, 0x0000000081b00000| 99%| O|  |TAMS 0x0000000081a00000, 0x0000000081afffb0| Untracked 
|  27|0x0000000081b00000, 0x0000000081c00000, 0x0000000081c00000|100%|HS|  |TAMS 0x0000000081b00000, 0x0000000081c00000| Untracked 
|  28|0x0000000081c00000, 0x0000000081d00000, 0x0000000081d00000|100%|HC|  |TAMS 0x0000000081c00000, 0x0000000081d00000| Untracked 
|  29|0x0000000081d00000, 0x0000000081e00000, 0x0000000081e00000|100%|HC|  |TAMS 0x0000000081d00000, 0x0000000081e00000| Untracked 
|  30|0x0000000081e00000, 0x0000000081f00000, 0x0000000081f00000|100%|HC|  |TAMS 0x0000000081e00000, 0x0000000081f00000| Untracked 
|  31|0x0000000081f00000, 0x0000000082000000, 0x0000000082000000|100%|HC|  |TAMS 0x0000000081f00000, 0x0000000082000000| Untracked 
|  32|0x0000000082000000, 0x0000000082100000, 0x0000000082100000|100%|HC|  |TAMS 0x0000000082000000, 0x0000000082100000| Untracked 
|  33|0x0000000082100000, 0x0000000082200000, 0x0000000082200000|100%|HS|  |TAMS 0x0000000082100000, 0x0000000082200000| Untracked 
|  34|0x0000000082200000, 0x0000000082300000, 0x0000000082300000|100%|HS|  |TAMS 0x0000000082200000, 0x0000000082300000| Untracked 
|  35|0x0000000082300000, 0x00000000823fffe0, 0x0000000082400000| 99%| O|  |TAMS 0x0000000082300000, 0x00000000823fffe0| Untracked 
|  36|0x0000000082400000, 0x00000000824fffb0, 0x0000000082500000| 99%| O|  |TAMS 0x0000000082400000, 0x00000000824fffb0| Untracked 
|  37|0x0000000082500000, 0x0000000082600000, 0x0000000082600000|100%|HS|  |TAMS 0x0000000082500000, 0x0000000082600000| Untracked 
|  38|0x0000000082600000, 0x0000000082700000, 0x0000000082700000|100%|HS|  |TAMS 0x0000000082600000, 0x0000000082700000| Untracked 
|  39|0x0000000082700000, 0x0000000082800000, 0x0000000082800000|100%|HS|  |TAMS 0x0000000082700000, 0x0000000082800000| Untracked 
|  40|0x0000000082800000, 0x0000000082900000, 0x0000000082900000|100%|HS|  |TAMS 0x0000000082800000, 0x0000000082900000| Untracked 
|  41|0x0000000082900000, 0x0000000082a00000, 0x0000000082a00000|100%|HC|  |TAMS 0x0000000082900000, 0x0000000082a00000| Untracked 
|  42|0x0000000082a00000, 0x0000000082b00000, 0x0000000082b00000|100%|HC|  |TAMS 0x0000000082a00000, 0x0000000082b00000| Untracked 
|  43|0x0000000082b00000, 0x0000000082c00000, 0x0000000082c00000|100%|HC|  |TAMS 0x0000000082b00000, 0x0000000082c00000| Untracked 
|  44|0x0000000082c00000, 0x0000000082d00000, 0x0000000082d00000|100%|HC|  |TAMS 0x0000000082c00000, 0x0000000082d00000| Untracked 
|  45|0x0000000082d00000, 0x0000000082e00000, 0x0000000082e00000|100%|HC|  |TAMS 0x0000000082d00000, 0x0000000082e00000| Untracked 
|  46|0x0000000082e00000, 0x0000000082f00000, 0x0000000082f00000|100%|HS|  |TAMS 0x0000000082e00000, 0x0000000082f00000| Untracked 
|  47|0x0000000082f00000, 0x0000000083000000, 0x0000000083000000|100%|HC|  |TAMS 0x0000000082f00000, 0x0000000083000000| Untracked 
|  48|0x0000000083000000, 0x0000000083100000, 0x0000000083100000|100%|HC|  |TAMS 0x0000000083000000, 0x0000000083100000| Untracked 
|  49|0x0000000083100000, 0x0000000083200000, 0x0000000083200000|100%|HC|  |TAMS 0x0000000083100000, 0x0000000083200000| Untracked 
|  50|0x0000000083200000, 0x0000000083300000, 0x0000000083300000|100%|HC|  |TAMS 0x0000000083200000, 0x0000000083300000| Untracked 
|  51|0x0000000083300000, 0x0000000083400000, 0x0000000083400000|100%|HC|  |TAMS 0x0000000083300000, 0x0000000083400000| Untracked 
|  52|0x0000000083400000, 0x0000000083500000, 0x0000000083500000|100%|HS|  |TAMS 0x0000000083400000, 0x0000000083500000| Untracked 
|  53|0x0000000083500000, 0x0000000083600000, 0x0000000083600000|100%|HC|  |TAMS 0x0000000083500000, 0x0000000083600000| Untracked 
|  54|0x0000000083600000, 0x0000000083700000, 0x0000000083700000|100%|HC|  |TAMS 0x0000000083600000, 0x0000000083700000| Untracked 
|  55|0x0000000083700000, 0x0000000083800000, 0x0000000083800000|100%|HC|  |TAMS 0x0000000083700000, 0x0000000083800000| Untracked 
|  56|0x0000000083800000, 0x0000000083900000, 0x0000000083900000|100%|HC|  |TAMS 0x0000000083800000, 0x0000000083900000| Untracked 
|  57|0x0000000083900000, 0x0000000083a00000, 0x0000000083a00000|100%|HC|  |TAMS 0x0000000083900000, 0x0000000083a00000| Untracked 
|  58|0x0000000083a00000, 0x0000000083b00000, 0x0000000083b00000|100%|HS|  |TAMS 0x0000000083a00000, 0x0000000083b00000| Untracked 
|  59|0x0000000083b00000, 0x0000000083c00000, 0x0000000083c00000|100%|HC|  |TAMS 0x0000000083b00000, 0x0000000083c00000| Untracked 
|  60|0x0000000083c00000, 0x0000000083d00000, 0x0000000083d00000|100%|HC|  |TAMS 0x0000000083c00000, 0x0000000083d00000| Untracked 
|  61|0x0000000083d00000, 0x0000000083e00000, 0x0000000083e00000|100%|HC|  |TAMS 0x0000000083d00000, 0x0000000083e00000| Untracked 
|  62|0x0000000083e00000, 0x0000000083f00000, 0x0000000083f00000|100%|HC|  |TAMS 0x0000000083e00000, 0x0000000083f00000| Untracked 
|  63|0x0000000083f00000, 0x0000000084000000, 0x0000000084000000|100%|HC|  |TAMS 0x0000000083f00000, 0x0000000084000000| Untracked 
|  64|0x0000000084000000, 0x00000000840fffb0, 0x0000000084100000| 99%| O|  |TAMS 0x0000000084000000, 0x00000000840fffb0| Untracked 
|  65|0x0000000084100000, 0x0000000084200000, 0x0000000084200000|100%|HS|  |TAMS 0x0000000084100000, 0x0000000084200000| Untracked 
|  66|0x0000000084200000, 0x00000000842ffff8, 0x0000000084300000| 99%| O|  |TAMS 0x0000000084200000, 0x00000000842ffff8| Untracked 
|  67|0x0000000084300000, 0x0000000084400000, 0x0000000084400000|100%|HS|  |TAMS 0x0000000084300000, 0x0000000084400000| Untracked 
|  68|0x0000000084400000, 0x0000000084500000, 0x0000000084500000|100%|HC|  |TAMS 0x0000000084400000, 0x0000000084500000| Untracked 
|  69|0x0000000084500000, 0x0000000084600000, 0x0000000084600000|100%|HC|  |TAMS 0x0000000084500000, 0x0000000084600000| Untracked 
|  70|0x0000000084600000, 0x0000000084700000, 0x0000000084700000|100%|HC|  |TAMS 0x0000000084600000, 0x0000000084700000| Untracked 
|  71|0x0000000084700000, 0x0000000084800000, 0x0000000084800000|100%|HC|  |TAMS 0x0000000084700000, 0x0000000084800000| Untracked 
|  72|0x0000000084800000, 0x0000000084900000, 0x0000000084900000|100%|HC|  |TAMS 0x0000000084800000, 0x0000000084900000| Untracked 
|  73|0x0000000084900000, 0x0000000084a00000, 0x0000000084a00000|100%|HS|  |TAMS 0x0000000084900000, 0x0000000084a00000| Untracked 
|  74|0x0000000084a00000, 0x0000000084b00000, 0x0000000084b00000|100%|HC|  |TAMS 0x0000000084a00000, 0x0000000084b00000| Untracked 
|  75|0x0000000084b00000, 0x0000000084c00000, 0x0000000084c00000|100%|HC|  |TAMS 0x0000000084b00000, 0x0000000084c00000| Untracked 
|  76|0x0000000084c00000, 0x0000000084d00000, 0x0000000084d00000|100%|HC|  |TAMS 0x0000000084c00000, 0x0000000084d00000| Untracked 
|  77|0x0000000084d00000, 0x0000000084e00000, 0x0000000084e00000|100%|HC|  |TAMS 0x0000000084d00000, 0x0000000084e00000| Untracked 
|  78|0x0000000084e00000, 0x0000000084f00000, 0x0000000084f00000|100%|HC|  |TAMS 0x0000000084e00000, 0x0000000084f00000| Untracked 
|  79|0x0000000084f00000, 0x0000000085000000, 0x0000000085000000|100%|HS|  |TAMS 0x0000000084f00000, 0x0000000085000000| Untracked 
|  80|0x0000000085000000, 0x00000000850ffbf0, 0x0000000085100000| 99%| O|  |TAMS 0x0000000085000000, 0x00000000850ffbf0| Untracked 
|  81|0x0000000085100000, 0x0000000085200000, 0x0000000085200000|100%|HS|  |TAMS 0x0000000085100000, 0x0000000085200000| Untracked 
|  82|0x0000000085200000, 0x0000000085300000, 0x0000000085300000|100%|HC|  |TAMS 0x0000000085200000, 0x0000000085300000| Untracked 
|  83|0x0000000085300000, 0x0000000085400000, 0x0000000085400000|100%|HC|  |TAMS 0x0000000085300000, 0x0000000085400000| Untracked 
|  84|0x0000000085400000, 0x0000000085500000, 0x0000000085500000|100%|HC|  |TAMS 0x0000000085400000, 0x0000000085500000| Untracked 
|  85|0x0000000085500000, 0x0000000085600000, 0x0000000085600000|100%|HC|  |TAMS 0x0000000085500000, 0x0000000085600000| Untracked 
|  86|0x0000000085600000, 0x0000000085700000, 0x0000000085700000|100%|HC|  |TAMS 0x0000000085600000, 0x0000000085700000| Untracked 
|  87|0x0000000085700000, 0x0000000085800000, 0x0000000085800000|100%|HS|  |TAMS 0x0000000085700000, 0x0000000085800000| Untracked 
|  88|0x0000000085800000, 0x00000000858fffb8, 0x0000000085900000| 99%| O|  |TAMS 0x0000000085800000, 0x00000000858fffb8| Untracked 
|  89|0x0000000085900000, 0x0000000085a00000, 0x0000000085a00000|100%|HS|  |TAMS 0x0000000085900000, 0x0000000085a00000| Untracked 
|  90|0x0000000085a00000, 0x0000000085b00000, 0x0000000085b00000|100%|HC|  |TAMS 0x0000000085a00000, 0x0000000085b00000| Untracked 
|  91|0x0000000085b00000, 0x0000000085c00000, 0x0000000085c00000|100%|HC|  |TAMS 0x0000000085b00000, 0x0000000085c00000| Untracked 
|  92|0x0000000085c00000, 0x0000000085d00000, 0x0000000085d00000|100%|HC|  |TAMS 0x0000000085c00000, 0x0000000085d00000| Untracked 
|  93|0x0000000085d00000, 0x0000000085e00000, 0x0000000085e00000|100%|HC|  |TAMS 0x0000000085d00000, 0x0000000085e00000| Untracked 
|  94|0x0000000085e00000, 0x0000000085f00000, 0x0000000085f00000|100%|HC|  |TAMS 0x0000000085e00000, 0x0000000085f00000| Untracked 
|  95|0x0000000085f00000, 0x0000000086000000, 0x0000000086000000|100%|HS|  |TAMS 0x0000000085f00000, 0x0000000086000000| Untracked 
|  96|0x0000000086000000, 0x00000000860fffd0, 0x0000000086100000| 99%| O|  |TAMS 0x0000000086000000, 0x00000000860fffd0| Untracked 
|  97|0x0000000086100000, 0x00000000861ffff0, 0x0000000086200000| 99%| O|  |TAMS 0x0000000086100000, 0x00000000861ffff0| Untracked 
|  98|0x0000000086200000, 0x00000000862fffe8, 0x0000000086300000| 99%| O|  |TAMS 0x0000000086200000, 0x00000000862fffe8| Untracked 
|  99|0x0000000086300000, 0x0000000086400000, 0x0000000086400000|100%| O|  |TAMS 0x0000000086300000, 0x0000000086400000| Untracked 
| 100|0x0000000086400000, 0x00000000864fffe8, 0x0000000086500000| 99%| O|  |TAMS 0x0000000086400000, 0x00000000864fffe8| Untracked 
| 101|0x0000000086500000, 0x00000000865fffe8, 0x0000000086600000| 99%| O|  |TAMS 0x0000000086500000, 0x00000000865fffe8| Untracked 
| 102|0x0000000086600000, 0x0000000086700000, 0x0000000086700000|100%| O|  |TAMS 0x0000000086600000, 0x0000000086700000| Untracked 
| 103|0x0000000086700000, 0x00000000867ffff0, 0x0000000086800000| 99%| O|  |TAMS 0x0000000086700000, 0x00000000867ffff0| Untracked 
| 104|0x0000000086800000, 0x0000000086900000, 0x0000000086900000|100%| O|  |TAMS 0x0000000086800000, 0x0000000086900000| Untracked 
| 105|0x0000000086900000, 0x00000000869fffe8, 0x0000000086a00000| 99%| O|  |TAMS 0x0000000086900000, 0x00000000869fffe8| Untracked 
| 106|0x0000000086a00000, 0x0000000086b00000, 0x0000000086b00000|100%|HS|  |TAMS 0x0000000086a00000, 0x0000000086b00000| Untracked 
| 107|0x0000000086b00000, 0x0000000086bfffe8, 0x0000000086c00000| 99%| O|  |TAMS 0x0000000086b00000, 0x0000000086bfffe8| Untracked 
| 108|0x0000000086c00000, 0x0000000086d00000, 0x0000000086d00000|100%| O|  |TAMS 0x0000000086c00000, 0x0000000086d00000| Untracked 
| 109|0x0000000086d00000, 0x0000000086e00000, 0x0000000086e00000|100%| O|  |TAMS 0x0000000086d00000, 0x0000000086e00000| Untracked 
| 110|0x0000000086e00000, 0x0000000086f00000, 0x0000000086f00000|100%|HS|  |TAMS 0x0000000086e00000, 0x0000000086f00000| Untracked 
| 111|0x0000000086f00000, 0x0000000086fffd48, 0x0000000087000000| 99%| O|  |TAMS 0x0000000086f00000, 0x0000000086fffd48| Untracked 
| 112|0x0000000087000000, 0x00000000870ffd98, 0x0000000087100000| 99%| O|  |TAMS 0x0000000087000000, 0x00000000870ffd98| Untracked 
| 113|0x0000000087100000, 0x0000000087200000, 0x0000000087200000|100%|HS|  |TAMS 0x0000000087100000, 0x0000000087200000| Untracked 
| 114|0x0000000087200000, 0x0000000087300000, 0x0000000087300000|100%|HS|  |TAMS 0x0000000087200000, 0x0000000087300000| Untracked 
| 115|0x0000000087300000, 0x0000000087400000, 0x0000000087400000|100%|HS|  |TAMS 0x0000000087300000, 0x0000000087400000| Untracked 
| 116|0x0000000087400000, 0x0000000087500000, 0x0000000087500000|100%|HC|  |TAMS 0x0000000087400000, 0x0000000087500000| Untracked 
| 117|0x0000000087500000, 0x0000000087600000, 0x0000000087600000|100%|HC|  |TAMS 0x0000000087500000, 0x0000000087600000| Untracked 
| 118|0x0000000087600000, 0x0000000087700000, 0x0000000087700000|100%|HC|  |TAMS 0x0000000087600000, 0x0000000087700000| Untracked 
| 119|0x0000000087700000, 0x0000000087800000, 0x0000000087800000|100%|HC|  |TAMS 0x0000000087700000, 0x0000000087800000| Untracked 
| 120|0x0000000087800000, 0x0000000087900000, 0x0000000087900000|100%|HC|  |TAMS 0x0000000087800000, 0x0000000087900000| Untracked 
| 121|0x0000000087900000, 0x0000000087a00000, 0x0000000087a00000|100%|HS|  |TAMS 0x0000000087900000, 0x0000000087a00000| Untracked 
| 122|0x0000000087a00000, 0x0000000087b00000, 0x0000000087b00000|100%|HC|  |TAMS 0x0000000087a00000, 0x0000000087b00000| Untracked 
| 123|0x0000000087b00000, 0x0000000087c00000, 0x0000000087c00000|100%|HC|  |TAMS 0x0000000087b00000, 0x0000000087c00000| Untracked 
| 124|0x0000000087c00000, 0x0000000087d00000, 0x0000000087d00000|100%|HC|  |TAMS 0x0000000087c00000, 0x0000000087d00000| Untracked 
| 125|0x0000000087d00000, 0x0000000087e00000, 0x0000000087e00000|100%|HC|  |TAMS 0x0000000087d00000, 0x0000000087e00000| Untracked 
| 126|0x0000000087e00000, 0x0000000087f00000, 0x0000000087f00000|100%|HC|  |TAMS 0x0000000087e00000, 0x0000000087f00000| Untracked 
| 127|0x0000000087f00000, 0x0000000088000000, 0x0000000088000000|100%|HS|  |TAMS 0x0000000087f00000, 0x0000000088000000| Untracked 
| 128|0x0000000088000000, 0x0000000088100000, 0x0000000088100000|100%|HC|  |TAMS 0x0000000088000000, 0x0000000088100000| Untracked 
| 129|0x0000000088100000, 0x0000000088200000, 0x0000000088200000|100%|HC|  |TAMS 0x0000000088100000, 0x0000000088200000| Untracked 
| 130|0x0000000088200000, 0x0000000088300000, 0x0000000088300000|100%|HC|  |TAMS 0x0000000088200000, 0x0000000088300000| Untracked 
| 131|0x0000000088300000, 0x0000000088400000, 0x0000000088400000|100%|HC|  |TAMS 0x0000000088300000, 0x0000000088400000| Untracked 
| 132|0x0000000088400000, 0x0000000088500000, 0x0000000088500000|100%|HC|  |TAMS 0x0000000088400000, 0x0000000088500000| Untracked 
| 133|0x0000000088500000, 0x00000000885fffd8, 0x0000000088600000| 99%| O|  |TAMS 0x0000000088500000, 0x00000000885fffd8| Untracked 
| 134|0x0000000088600000, 0x0000000088700000, 0x0000000088700000|100%|HS|  |TAMS 0x0000000088600000, 0x0000000088700000| Untracked 
| 135|0x0000000088700000, 0x0000000088800000, 0x0000000088800000|100%|HS|  |TAMS 0x0000000088700000, 0x0000000088800000| Untracked 
| 136|0x0000000088800000, 0x0000000088900000, 0x0000000088900000|100%|HC|  |TAMS 0x0000000088800000, 0x0000000088900000| Untracked 
| 137|0x0000000088900000, 0x0000000088a00000, 0x0000000088a00000|100%|HC|  |TAMS 0x0000000088900000, 0x0000000088a00000| Untracked 
| 138|0x0000000088a00000, 0x0000000088b00000, 0x0000000088b00000|100%|HC|  |TAMS 0x0000000088a00000, 0x0000000088b00000| Untracked 
| 139|0x0000000088b00000, 0x0000000088c00000, 0x0000000088c00000|100%|HC|  |TAMS 0x0000000088b00000, 0x0000000088c00000| Untracked 
| 140|0x0000000088c00000, 0x0000000088d00000, 0x0000000088d00000|100%|HC|  |TAMS 0x0000000088c00000, 0x0000000088d00000| Untracked 
| 141|0x0000000088d00000, 0x0000000088dff140, 0x0000000088e00000| 99%| O|  |TAMS 0x0000000088d00000, 0x0000000088dff140| Untracked 
| 142|0x0000000088e00000, 0x0000000088efffc8, 0x0000000088f00000| 99%| O|  |TAMS 0x0000000088e00000, 0x0000000088efffc8| Untracked 
| 143|0x0000000088f00000, 0x0000000089000000, 0x0000000089000000|100%|HS|  |TAMS 0x0000000088f00000, 0x0000000089000000| Untracked 
| 144|0x0000000089000000, 0x0000000089100000, 0x0000000089100000|100%|HC|  |TAMS 0x0000000089000000, 0x0000000089100000| Untracked 
| 145|0x0000000089100000, 0x0000000089200000, 0x0000000089200000|100%|HC|  |TAMS 0x0000000089100000, 0x0000000089200000| Untracked 
| 146|0x0000000089200000, 0x0000000089300000, 0x0000000089300000|100%|HC|  |TAMS 0x0000000089200000, 0x0000000089300000| Untracked 
| 147|0x0000000089300000, 0x0000000089400000, 0x0000000089400000|100%|HC|  |TAMS 0x0000000089300000, 0x0000000089400000| Untracked 
| 148|0x0000000089400000, 0x0000000089500000, 0x0000000089500000|100%|HC|  |TAMS 0x0000000089400000, 0x0000000089500000| Untracked 
| 149|0x0000000089500000, 0x0000000089600000, 0x0000000089600000|100%|HS|  |TAMS 0x0000000089500000, 0x0000000089600000| Untracked 
| 150|0x0000000089600000, 0x0000000089700000, 0x0000000089700000|100%|HC|  |TAMS 0x0000000089600000, 0x0000000089700000| Untracked 
| 151|0x0000000089700000, 0x0000000089800000, 0x0000000089800000|100%|HC|  |TAMS 0x0000000089700000, 0x0000000089800000| Untracked 
| 152|0x0000000089800000, 0x0000000089900000, 0x0000000089900000|100%|HC|  |TAMS 0x0000000089800000, 0x0000000089900000| Untracked 
| 153|0x0000000089900000, 0x0000000089a00000, 0x0000000089a00000|100%|HC|  |TAMS 0x0000000089900000, 0x0000000089a00000| Untracked 
| 154|0x0000000089a00000, 0x0000000089b00000, 0x0000000089b00000|100%|HC|  |TAMS 0x0000000089a00000, 0x0000000089b00000| Untracked 
| 155|0x0000000089b00000, 0x0000000089c00000, 0x0000000089c00000|100%|HS|  |TAMS 0x0000000089b00000, 0x0000000089c00000| Untracked 
| 156|0x0000000089c00000, 0x0000000089d00000, 0x0000000089d00000|100%|HS|  |TAMS 0x0000000089c00000, 0x0000000089d00000| Untracked 
| 157|0x0000000089d00000, 0x0000000089d321c0, 0x0000000089e00000| 19%| O|  |TAMS 0x0000000089d00000, 0x0000000089d321c0| Untracked 
| 158|0x0000000089e00000, 0x0000000089f00000, 0x0000000089f00000|100%|HS|  |TAMS 0x0000000089e00000, 0x0000000089f00000| Untracked 
| 159|0x0000000089f00000, 0x000000008a000000, 0x000000008a000000|100%|HC|  |TAMS 0x0000000089f00000, 0x000000008a000000| Untracked 
| 160|0x000000008a000000, 0x000000008a100000, 0x000000008a100000|100%|HC|  |TAMS 0x000000008a000000, 0x000000008a100000| Untracked 
| 161|0x000000008a100000, 0x000000008a200000, 0x000000008a200000|100%|HC|  |TAMS 0x000000008a100000, 0x000000008a200000| Untracked 
| 162|0x000000008a200000, 0x000000008a300000, 0x000000008a300000|100%|HC|  |TAMS 0x000000008a200000, 0x000000008a300000| Untracked 
| 163|0x000000008a300000, 0x000000008a400000, 0x000000008a400000|100%|HC|  |TAMS 0x000000008a300000, 0x000000008a400000| Untracked 
| 164|0x000000008a400000, 0x000000008a455240, 0x000000008a500000| 33%| O|  |TAMS 0x000000008a400000, 0x000000008a455240| Untracked 
| 165|0x000000008a500000, 0x000000008a500000, 0x000000008a600000|  0%| F|  |TAMS 0x000000008a500000, 0x000000008a500000| Untracked 
| 166|0x000000008a600000, 0x000000008a600000, 0x000000008a700000|  0%| F|  |TAMS 0x000000008a600000, 0x000000008a600000| Untracked 
| 167|0x000000008a700000, 0x000000008a700000, 0x000000008a800000|  0%| F|  |TAMS 0x000000008a700000, 0x000000008a700000| Untracked 
| 168|0x000000008a800000, 0x000000008a800000, 0x000000008a900000|  0%| F|  |TAMS 0x000000008a800000, 0x000000008a800000| Untracked 
| 169|0x000000008a900000, 0x000000008a900000, 0x000000008aa00000|  0%| F|  |TAMS 0x000000008a900000, 0x000000008a900000| Untracked 
| 170|0x000000008aa00000, 0x000000008aa00000, 0x000000008ab00000|  0%| F|  |TAMS 0x000000008aa00000, 0x000000008aa00000| Untracked 
| 171|0x000000008ab00000, 0x000000008ac00000, 0x000000008ac00000|100%|HS|  |TAMS 0x000000008ab00000, 0x000000008ac00000| Untracked 
| 172|0x000000008ac00000, 0x000000008ad00000, 0x000000008ad00000|100%|HC|  |TAMS 0x000000008ac00000, 0x000000008ad00000| Untracked 
| 173|0x000000008ad00000, 0x000000008ae00000, 0x000000008ae00000|100%|HC|  |TAMS 0x000000008ad00000, 0x000000008ae00000| Untracked 
| 174|0x000000008ae00000, 0x000000008af00000, 0x000000008af00000|100%|HC|  |TAMS 0x000000008ae00000, 0x000000008af00000| Untracked 
| 175|0x000000008af00000, 0x000000008b000000, 0x000000008b000000|100%|HC|  |TAMS 0x000000008af00000, 0x000000008b000000| Untracked 
| 176|0x000000008b000000, 0x000000008b100000, 0x000000008b100000|100%|HC|  |TAMS 0x000000008b000000, 0x000000008b100000| Untracked 
| 177|0x000000008b100000, 0x000000008b200000, 0x000000008b200000|100%|HS|  |TAMS 0x000000008b100000, 0x000000008b200000| Untracked 
| 178|0x000000008b200000, 0x000000008b200000, 0x000000008b300000|  0%| F|  |TAMS 0x000000008b200000, 0x000000008b200000| Untracked 
| 179|0x000000008b300000, 0x000000008b300000, 0x000000008b400000|  0%| F|  |TAMS 0x000000008b300000, 0x000000008b300000| Untracked 
| 180|0x000000008b400000, 0x000000008b400000, 0x000000008b500000|  0%| F|  |TAMS 0x000000008b400000, 0x000000008b400000| Untracked 
| 181|0x000000008b500000, 0x000000008b500000, 0x000000008b600000|  0%| F|  |TAMS 0x000000008b500000, 0x000000008b500000| Untracked 
| 182|0x000000008b600000, 0x000000008b600000, 0x000000008b700000|  0%| F|  |TAMS 0x000000008b600000, 0x000000008b600000| Untracked 
| 183|0x000000008b700000, 0x000000008b700000, 0x000000008b800000|  0%| F|  |TAMS 0x000000008b700000, 0x000000008b700000| Untracked 
| 184|0x000000008b800000, 0x000000008b800000, 0x000000008b900000|  0%| F|  |TAMS 0x000000008b800000, 0x000000008b800000| Untracked 
| 185|0x000000008b900000, 0x000000008b900000, 0x000000008ba00000|  0%| F|  |TAMS 0x000000008b900000, 0x000000008b900000| Untracked 
| 186|0x000000008ba00000, 0x000000008ba00000, 0x000000008bb00000|  0%| F|  |TAMS 0x000000008ba00000, 0x000000008ba00000| Untracked 
| 187|0x000000008bb00000, 0x000000008bb00000, 0x000000008bc00000|  0%| F|  |TAMS 0x000000008bb00000, 0x000000008bb00000| Untracked 
| 188|0x000000008bc00000, 0x000000008bc00000, 0x000000008bd00000|  0%| F|  |TAMS 0x000000008bc00000, 0x000000008bc00000| Untracked 
| 189|0x000000008bd00000, 0x000000008bd00000, 0x000000008be00000|  0%| F|  |TAMS 0x000000008bd00000, 0x000000008bd00000| Untracked 
| 190|0x000000008be00000, 0x000000008be00000, 0x000000008bf00000|  0%| F|  |TAMS 0x000000008be00000, 0x000000008be00000| Untracked 
| 191|0x000000008bf00000, 0x000000008bf00000, 0x000000008c000000|  0%| F|  |TAMS 0x000000008bf00000, 0x000000008bf00000| Untracked 
| 192|0x000000008c000000, 0x000000008c000000, 0x000000008c100000|  0%| F|  |TAMS 0x000000008c000000, 0x000000008c000000| Untracked 
| 193|0x000000008c100000, 0x000000008c100000, 0x000000008c200000|  0%| F|  |TAMS 0x000000008c100000, 0x000000008c100000| Untracked 
| 194|0x000000008c200000, 0x000000008c200000, 0x000000008c300000|  0%| F|  |TAMS 0x000000008c200000, 0x000000008c200000| Untracked 
| 195|0x000000008c300000, 0x000000008c300000, 0x000000008c400000|  0%| F|  |TAMS 0x000000008c300000, 0x000000008c300000| Untracked 
| 196|0x000000008c400000, 0x000000008c400000, 0x000000008c500000|  0%| F|  |TAMS 0x000000008c400000, 0x000000008c400000| Untracked 
| 197|0x000000008c500000, 0x000000008c500000, 0x000000008c600000|  0%| F|  |TAMS 0x000000008c500000, 0x000000008c500000| Untracked 
| 198|0x000000008c600000, 0x000000008c600000, 0x000000008c700000|  0%| F|  |TAMS 0x000000008c600000, 0x000000008c600000| Untracked 
| 199|0x000000008c700000, 0x000000008c700000, 0x000000008c800000|  0%| F|  |TAMS 0x000000008c700000, 0x000000008c700000| Untracked 
| 200|0x000000008c800000, 0x000000008c800000, 0x000000008c900000|  0%| F|  |TAMS 0x000000008c800000, 0x000000008c800000| Untracked 
| 201|0x000000008c900000, 0x000000008c900000, 0x000000008ca00000|  0%| F|  |TAMS 0x000000008c900000, 0x000000008c900000| Untracked 
| 202|0x000000008ca00000, 0x000000008ca00000, 0x000000008cb00000|  0%| F|  |TAMS 0x000000008ca00000, 0x000000008ca00000| Untracked 
| 203|0x000000008cb00000, 0x000000008cb00000, 0x000000008cc00000|  0%| F|  |TAMS 0x000000008cb00000, 0x000000008cb00000| Untracked 
| 204|0x000000008cc00000, 0x000000008cc00000, 0x000000008cd00000|  0%| F|  |TAMS 0x000000008cc00000, 0x000000008cc00000| Untracked 
| 205|0x000000008cd00000, 0x000000008cd00000, 0x000000008ce00000|  0%| F|  |TAMS 0x000000008cd00000, 0x000000008cd00000| Untracked 
| 206|0x000000008ce00000, 0x000000008ce00000, 0x000000008cf00000|  0%| F|  |TAMS 0x000000008ce00000, 0x000000008ce00000| Untracked 
| 207|0x000000008cf00000, 0x000000008cf00000, 0x000000008d000000|  0%| F|  |TAMS 0x000000008cf00000, 0x000000008cf00000| Untracked 
| 208|0x000000008d000000, 0x000000008d000000, 0x000000008d100000|  0%| F|  |TAMS 0x000000008d000000, 0x000000008d000000| Untracked 
| 209|0x000000008d100000, 0x000000008d100000, 0x000000008d200000|  0%| F|  |TAMS 0x000000008d100000, 0x000000008d100000| Untracked 
| 210|0x000000008d200000, 0x000000008d200000, 0x000000008d300000|  0%| F|  |TAMS 0x000000008d200000, 0x000000008d200000| Untracked 
| 211|0x000000008d300000, 0x000000008d300000, 0x000000008d400000|  0%| F|  |TAMS 0x000000008d300000, 0x000000008d300000| Untracked 
| 212|0x000000008d400000, 0x000000008d400000, 0x000000008d500000|  0%| F|  |TAMS 0x000000008d400000, 0x000000008d400000| Untracked 
| 213|0x000000008d500000, 0x000000008d500000, 0x000000008d600000|  0%| F|  |TAMS 0x000000008d500000, 0x000000008d500000| Untracked 
| 214|0x000000008d600000, 0x000000008d600000, 0x000000008d700000|  0%| F|  |TAMS 0x000000008d600000, 0x000000008d600000| Untracked 
| 215|0x000000008d700000, 0x000000008d700000, 0x000000008d800000|  0%| F|  |TAMS 0x000000008d700000, 0x000000008d700000| Untracked 
| 216|0x000000008d800000, 0x000000008d800000, 0x000000008d900000|  0%| F|  |TAMS 0x000000008d800000, 0x000000008d800000| Untracked 
| 217|0x000000008d900000, 0x000000008d900000, 0x000000008da00000|  0%| F|  |TAMS 0x000000008d900000, 0x000000008d900000| Untracked 
| 218|0x000000008da00000, 0x000000008da00000, 0x000000008db00000|  0%| F|  |TAMS 0x000000008da00000, 0x000000008da00000| Untracked 
| 219|0x000000008db00000, 0x000000008db00000, 0x000000008dc00000|  0%| F|  |TAMS 0x000000008db00000, 0x000000008db00000| Untracked 
| 220|0x000000008dc00000, 0x000000008dc00000, 0x000000008dd00000|  0%| F|  |TAMS 0x000000008dc00000, 0x000000008dc00000| Untracked 
| 221|0x000000008dd00000, 0x000000008dd00000, 0x000000008de00000|  0%| F|  |TAMS 0x000000008dd00000, 0x000000008dd00000| Untracked 
| 222|0x000000008de00000, 0x000000008de00000, 0x000000008df00000|  0%| F|  |TAMS 0x000000008de00000, 0x000000008de00000| Untracked 
| 223|0x000000008df00000, 0x000000008df00000, 0x000000008e000000|  0%| F|  |TAMS 0x000000008df00000, 0x000000008df00000| Untracked 
| 224|0x000000008e000000, 0x000000008e000000, 0x000000008e100000|  0%| F|  |TAMS 0x000000008e000000, 0x000000008e000000| Untracked 
| 225|0x000000008e100000, 0x000000008e100000, 0x000000008e200000|  0%| F|  |TAMS 0x000000008e100000, 0x000000008e100000| Untracked 
| 226|0x000000008e200000, 0x000000008e200000, 0x000000008e300000|  0%| F|  |TAMS 0x000000008e200000, 0x000000008e200000| Untracked 
| 227|0x000000008e300000, 0x000000008e300000, 0x000000008e400000|  0%| F|  |TAMS 0x000000008e300000, 0x000000008e300000| Untracked 
| 228|0x000000008e400000, 0x000000008e400000, 0x000000008e500000|  0%| F|  |TAMS 0x000000008e400000, 0x000000008e400000| Untracked 
| 229|0x000000008e500000, 0x000000008e500000, 0x000000008e600000|  0%| F|  |TAMS 0x000000008e500000, 0x000000008e500000| Untracked 
| 230|0x000000008e600000, 0x000000008e600000, 0x000000008e700000|  0%| F|  |TAMS 0x000000008e600000, 0x000000008e600000| Untracked 
| 231|0x000000008e700000, 0x000000008e700000, 0x000000008e800000|  0%| F|  |TAMS 0x000000008e700000, 0x000000008e700000| Untracked 
| 232|0x000000008e800000, 0x000000008e800000, 0x000000008e900000|  0%| F|  |TAMS 0x000000008e800000, 0x000000008e800000| Untracked 
| 233|0x000000008e900000, 0x000000008e900000, 0x000000008ea00000|  0%| F|  |TAMS 0x000000008e900000, 0x000000008e900000| Untracked 
| 234|0x000000008ea00000, 0x000000008ea00000, 0x000000008eb00000|  0%| F|  |TAMS 0x000000008ea00000, 0x000000008ea00000| Untracked 
| 235|0x000000008eb00000, 0x000000008eb00000, 0x000000008ec00000|  0%| F|  |TAMS 0x000000008eb00000, 0x000000008eb00000| Untracked 
| 236|0x000000008ec00000, 0x000000008ec00000, 0x000000008ed00000|  0%| F|  |TAMS 0x000000008ec00000, 0x000000008ec00000| Untracked 
| 237|0x000000008ed00000, 0x000000008ed00000, 0x000000008ee00000|  0%| F|  |TAMS 0x000000008ed00000, 0x000000008ed00000| Untracked 
| 238|0x000000008ee00000, 0x000000008ee00000, 0x000000008ef00000|  0%| F|  |TAMS 0x000000008ee00000, 0x000000008ee00000| Untracked 
| 239|0x000000008ef00000, 0x000000008ef00000, 0x000000008f000000|  0%| F|  |TAMS 0x000000008ef00000, 0x000000008ef00000| Untracked 
| 240|0x000000008f000000, 0x000000008f000000, 0x000000008f100000|  0%| F|  |TAMS 0x000000008f000000, 0x000000008f000000| Untracked 
| 241|0x000000008f100000, 0x000000008f100000, 0x000000008f200000|  0%| F|  |TAMS 0x000000008f100000, 0x000000008f100000| Untracked 
| 242|0x000000008f200000, 0x000000008f200000, 0x000000008f300000|  0%| F|  |TAMS 0x000000008f200000, 0x000000008f200000| Untracked 
| 243|0x000000008f300000, 0x000000008f300000, 0x000000008f400000|  0%| F|  |TAMS 0x000000008f300000, 0x000000008f300000| Untracked 
| 244|0x000000008f400000, 0x000000008f400000, 0x000000008f500000|  0%| F|  |TAMS 0x000000008f400000, 0x000000008f400000| Untracked 
| 245|0x000000008f500000, 0x000000008f500000, 0x000000008f600000|  0%| F|  |TAMS 0x000000008f500000, 0x000000008f500000| Untracked 
| 246|0x000000008f600000, 0x000000008f600000, 0x000000008f700000|  0%| F|  |TAMS 0x000000008f600000, 0x000000008f600000| Untracked 
| 247|0x000000008f700000, 0x000000008f700000, 0x000000008f800000|  0%| F|  |TAMS 0x000000008f700000, 0x000000008f700000| Untracked 
| 248|0x000000008f800000, 0x000000008f800000, 0x000000008f900000|  0%| F|  |TAMS 0x000000008f800000, 0x000000008f800000| Untracked 
| 249|0x000000008f900000, 0x000000008f900000, 0x000000008fa00000|  0%| F|  |TAMS 0x000000008f900000, 0x000000008f900000| Untracked 
| 250|0x000000008fa00000, 0x000000008fa00000, 0x000000008fb00000|  0%| F|  |TAMS 0x000000008fa00000, 0x000000008fa00000| Untracked 
| 251|0x000000008fb00000, 0x000000008fb00000, 0x000000008fc00000|  0%| F|  |TAMS 0x000000008fb00000, 0x000000008fb00000| Untracked 
| 252|0x000000008fc00000, 0x000000008fc00000, 0x000000008fd00000|  0%| F|  |TAMS 0x000000008fc00000, 0x000000008fc00000| Untracked 
| 253|0x000000008fd00000, 0x000000008fd00000, 0x000000008fe00000|  0%| F|  |TAMS 0x000000008fd00000, 0x000000008fd00000| Untracked 
| 254|0x000000008fe00000, 0x000000008fe00000, 0x000000008ff00000|  0%| F|  |TAMS 0x000000008fe00000, 0x000000008fe00000| Untracked 
| 255|0x000000008ff00000, 0x000000008ff00000, 0x0000000090000000|  0%| F|  |TAMS 0x000000008ff00000, 0x000000008ff00000| Untracked 
| 256|0x0000000090000000, 0x0000000090000000, 0x0000000090100000|  0%| F|  |TAMS 0x0000000090000000, 0x0000000090000000| Untracked 
| 257|0x0000000090100000, 0x0000000090100000, 0x0000000090200000|  0%| F|  |TAMS 0x0000000090100000, 0x0000000090100000| Untracked 
| 258|0x0000000090200000, 0x0000000090200000, 0x0000000090300000|  0%| F|  |TAMS 0x0000000090200000, 0x0000000090200000| Untracked 
| 259|0x0000000090300000, 0x0000000090300000, 0x0000000090400000|  0%| F|  |TAMS 0x0000000090300000, 0x0000000090300000| Untracked 
| 260|0x0000000090400000, 0x0000000090400000, 0x0000000090500000|  0%| F|  |TAMS 0x0000000090400000, 0x0000000090400000| Untracked 
| 261|0x0000000090500000, 0x0000000090500000, 0x0000000090600000|  0%| F|  |TAMS 0x0000000090500000, 0x0000000090500000| Untracked 
| 262|0x0000000090600000, 0x0000000090600000, 0x0000000090700000|  0%| F|  |TAMS 0x0000000090600000, 0x0000000090600000| Untracked 
| 263|0x0000000090700000, 0x0000000090700000, 0x0000000090800000|  0%| F|  |TAMS 0x0000000090700000, 0x0000000090700000| Untracked 
| 264|0x0000000090800000, 0x0000000090800000, 0x0000000090900000|  0%| F|  |TAMS 0x0000000090800000, 0x0000000090800000| Untracked 
| 265|0x0000000090900000, 0x0000000090900000, 0x0000000090a00000|  0%| F|  |TAMS 0x0000000090900000, 0x0000000090900000| Untracked 
| 266|0x0000000090a00000, 0x0000000090a00000, 0x0000000090b00000|  0%| F|  |TAMS 0x0000000090a00000, 0x0000000090a00000| Untracked 
| 267|0x0000000090b00000, 0x0000000090b00000, 0x0000000090c00000|  0%| F|  |TAMS 0x0000000090b00000, 0x0000000090b00000| Untracked 
| 268|0x0000000090c00000, 0x0000000090c00000, 0x0000000090d00000|  0%| F|  |TAMS 0x0000000090c00000, 0x0000000090c00000| Untracked 
| 269|0x0000000090d00000, 0x0000000090d00000, 0x0000000090e00000|  0%| F|  |TAMS 0x0000000090d00000, 0x0000000090d00000| Untracked 
| 270|0x0000000090e00000, 0x0000000090e00000, 0x0000000090f00000|  0%| F|  |TAMS 0x0000000090e00000, 0x0000000090e00000| Untracked 
| 271|0x0000000090f00000, 0x0000000090f00000, 0x0000000091000000|  0%| F|  |TAMS 0x0000000090f00000, 0x0000000090f00000| Untracked 
| 272|0x0000000091000000, 0x0000000091000000, 0x0000000091100000|  0%| F|  |TAMS 0x0000000091000000, 0x0000000091000000| Untracked 
| 273|0x0000000091100000, 0x0000000091100000, 0x0000000091200000|  0%| F|  |TAMS 0x0000000091100000, 0x0000000091100000| Untracked 
| 274|0x0000000091200000, 0x0000000091200000, 0x0000000091300000|  0%| F|  |TAMS 0x0000000091200000, 0x0000000091200000| Untracked 
| 275|0x0000000091300000, 0x0000000091300000, 0x0000000091400000|  0%| F|  |TAMS 0x0000000091300000, 0x0000000091300000| Untracked 
| 276|0x0000000091400000, 0x0000000091400000, 0x0000000091500000|  0%| F|  |TAMS 0x0000000091400000, 0x0000000091400000| Untracked 
| 277|0x0000000091500000, 0x0000000091500000, 0x0000000091600000|  0%| F|  |TAMS 0x0000000091500000, 0x0000000091500000| Untracked 
| 278|0x0000000091600000, 0x0000000091600000, 0x0000000091700000|  0%| F|  |TAMS 0x0000000091600000, 0x0000000091600000| Untracked 
| 279|0x0000000091700000, 0x0000000091700000, 0x0000000091800000|  0%| F|  |TAMS 0x0000000091700000, 0x0000000091700000| Untracked 
| 280|0x0000000091800000, 0x0000000091800000, 0x0000000091900000|  0%| F|  |TAMS 0x0000000091800000, 0x0000000091800000| Untracked 
| 281|0x0000000091900000, 0x0000000091900000, 0x0000000091a00000|  0%| F|  |TAMS 0x0000000091900000, 0x0000000091900000| Untracked 
| 282|0x0000000091a00000, 0x0000000091a00000, 0x0000000091b00000|  0%| F|  |TAMS 0x0000000091a00000, 0x0000000091a00000| Untracked 
| 283|0x0000000091b00000, 0x0000000091b00000, 0x0000000091c00000|  0%| F|  |TAMS 0x0000000091b00000, 0x0000000091b00000| Untracked 
| 284|0x0000000091c00000, 0x0000000091c00000, 0x0000000091d00000|  0%| F|  |TAMS 0x0000000091c00000, 0x0000000091c00000| Untracked 
| 285|0x0000000091d00000, 0x0000000091d00000, 0x0000000091e00000|  0%| F|  |TAMS 0x0000000091d00000, 0x0000000091d00000| Untracked 
| 286|0x0000000091e00000, 0x0000000091e00000, 0x0000000091f00000|  0%| F|  |TAMS 0x0000000091e00000, 0x0000000091e00000| Untracked 
| 287|0x0000000091f00000, 0x0000000091f00000, 0x0000000092000000|  0%| F|  |TAMS 0x0000000091f00000, 0x0000000091f00000| Untracked 
| 288|0x0000000092000000, 0x0000000092000000, 0x0000000092100000|  0%| F|  |TAMS 0x0000000092000000, 0x0000000092000000| Untracked 
| 289|0x0000000092100000, 0x0000000092100000, 0x0000000092200000|  0%| F|  |TAMS 0x0000000092100000, 0x0000000092100000| Untracked 
| 290|0x0000000092200000, 0x0000000092200000, 0x0000000092300000|  0%| F|  |TAMS 0x0000000092200000, 0x0000000092200000| Untracked 
| 291|0x0000000092300000, 0x0000000092300000, 0x0000000092400000|  0%| F|  |TAMS 0x0000000092300000, 0x0000000092300000| Untracked 
| 292|0x0000000092400000, 0x0000000092400000, 0x0000000092500000|  0%| F|  |TAMS 0x0000000092400000, 0x0000000092400000| Untracked 
| 293|0x0000000092500000, 0x0000000092500000, 0x0000000092600000|  0%| F|  |TAMS 0x0000000092500000, 0x0000000092500000| Untracked 
| 294|0x0000000092600000, 0x0000000092600000, 0x0000000092700000|  0%| F|  |TAMS 0x0000000092600000, 0x0000000092600000| Untracked 
| 295|0x0000000092700000, 0x0000000092700000, 0x0000000092800000|  0%| F|  |TAMS 0x0000000092700000, 0x0000000092700000| Untracked 
| 296|0x0000000092800000, 0x0000000092800000, 0x0000000092900000|  0%| F|  |TAMS 0x0000000092800000, 0x0000000092800000| Untracked 
| 297|0x0000000092900000, 0x0000000092900000, 0x0000000092a00000|  0%| F|  |TAMS 0x0000000092900000, 0x0000000092900000| Untracked 
| 298|0x0000000092a00000, 0x0000000092a00000, 0x0000000092b00000|  0%| F|  |TAMS 0x0000000092a00000, 0x0000000092a00000| Untracked 
| 299|0x0000000092b00000, 0x0000000092b00000, 0x0000000092c00000|  0%| F|  |TAMS 0x0000000092b00000, 0x0000000092b00000| Untracked 
| 300|0x0000000092c00000, 0x0000000092c00000, 0x0000000092d00000|  0%| F|  |TAMS 0x0000000092c00000, 0x0000000092c00000| Untracked 
| 301|0x0000000092d00000, 0x0000000092d00000, 0x0000000092e00000|  0%| F|  |TAMS 0x0000000092d00000, 0x0000000092d00000| Untracked 
| 302|0x0000000092e00000, 0x0000000092e00000, 0x0000000092f00000|  0%| F|  |TAMS 0x0000000092e00000, 0x0000000092e00000| Untracked 
| 303|0x0000000092f00000, 0x0000000092f00000, 0x0000000093000000|  0%| F|  |TAMS 0x0000000092f00000, 0x0000000092f00000| Untracked 
| 304|0x0000000093000000, 0x0000000093000000, 0x0000000093100000|  0%| F|  |TAMS 0x0000000093000000, 0x0000000093000000| Untracked 
| 305|0x0000000093100000, 0x0000000093100000, 0x0000000093200000|  0%| F|  |TAMS 0x0000000093100000, 0x0000000093100000| Untracked 
| 306|0x0000000093200000, 0x0000000093200000, 0x0000000093300000|  0%| F|  |TAMS 0x0000000093200000, 0x0000000093200000| Untracked 
| 307|0x0000000093300000, 0x0000000093300000, 0x0000000093400000|  0%| F|  |TAMS 0x0000000093300000, 0x0000000093300000| Untracked 
| 308|0x0000000093400000, 0x0000000093400000, 0x0000000093500000|  0%| F|  |TAMS 0x0000000093400000, 0x0000000093400000| Untracked 
| 309|0x0000000093500000, 0x0000000093500000, 0x0000000093600000|  0%| F|  |TAMS 0x0000000093500000, 0x0000000093500000| Untracked 
| 310|0x0000000093600000, 0x0000000093600000, 0x0000000093700000|  0%| F|  |TAMS 0x0000000093600000, 0x0000000093600000| Untracked 
| 311|0x0000000093700000, 0x0000000093700000, 0x0000000093800000|  0%| F|  |TAMS 0x0000000093700000, 0x0000000093700000| Untracked 
| 312|0x0000000093800000, 0x0000000093800000, 0x0000000093900000|  0%| F|  |TAMS 0x0000000093800000, 0x0000000093800000| Untracked 
| 313|0x0000000093900000, 0x0000000093900000, 0x0000000093a00000|  0%| F|  |TAMS 0x0000000093900000, 0x0000000093900000| Untracked 
| 314|0x0000000093a00000, 0x0000000093a00000, 0x0000000093b00000|  0%| F|  |TAMS 0x0000000093a00000, 0x0000000093a00000| Untracked 
| 315|0x0000000093b00000, 0x0000000093b00000, 0x0000000093c00000|  0%| F|  |TAMS 0x0000000093b00000, 0x0000000093b00000| Untracked 
| 316|0x0000000093c00000, 0x0000000093c00000, 0x0000000093d00000|  0%| F|  |TAMS 0x0000000093c00000, 0x0000000093c00000| Untracked 
| 317|0x0000000093d00000, 0x0000000093d00000, 0x0000000093e00000|  0%| F|  |TAMS 0x0000000093d00000, 0x0000000093d00000| Untracked 
| 318|0x0000000093e00000, 0x0000000093e00000, 0x0000000093f00000|  0%| F|  |TAMS 0x0000000093e00000, 0x0000000093e00000| Untracked 
| 319|0x0000000093f00000, 0x0000000093f00000, 0x0000000094000000|  0%| F|  |TAMS 0x0000000093f00000, 0x0000000093f00000| Untracked 
| 320|0x0000000094000000, 0x0000000094000000, 0x0000000094100000|  0%| F|  |TAMS 0x0000000094000000, 0x0000000094000000| Untracked 
| 321|0x0000000094100000, 0x0000000094100000, 0x0000000094200000|  0%| F|  |TAMS 0x0000000094100000, 0x0000000094100000| Untracked 
| 322|0x0000000094200000, 0x0000000094200000, 0x0000000094300000|  0%| F|  |TAMS 0x0000000094200000, 0x0000000094200000| Untracked 
| 323|0x0000000094300000, 0x0000000094300000, 0x0000000094400000|  0%| F|  |TAMS 0x0000000094300000, 0x0000000094300000| Untracked 
| 324|0x0000000094400000, 0x0000000094400000, 0x0000000094500000|  0%| F|  |TAMS 0x0000000094400000, 0x0000000094400000| Untracked 
| 325|0x0000000094500000, 0x0000000094500000, 0x0000000094600000|  0%| F|  |TAMS 0x0000000094500000, 0x0000000094500000| Untracked 
| 326|0x0000000094600000, 0x0000000094600000, 0x0000000094700000|  0%| F|  |TAMS 0x0000000094600000, 0x0000000094600000| Untracked 
| 327|0x0000000094700000, 0x0000000094700000, 0x0000000094800000|  0%| F|  |TAMS 0x0000000094700000, 0x0000000094700000| Untracked 
| 328|0x0000000094800000, 0x0000000094800000, 0x0000000094900000|  0%| F|  |TAMS 0x0000000094800000, 0x0000000094800000| Untracked 
| 329|0x0000000094900000, 0x0000000094900000, 0x0000000094a00000|  0%| F|  |TAMS 0x0000000094900000, 0x0000000094900000| Untracked 
| 330|0x0000000094a00000, 0x0000000094a00000, 0x0000000094b00000|  0%| F|  |TAMS 0x0000000094a00000, 0x0000000094a00000| Untracked 
| 331|0x0000000094b00000, 0x0000000094b00000, 0x0000000094c00000|  0%| F|  |TAMS 0x0000000094b00000, 0x0000000094b00000| Untracked 
| 332|0x0000000094c00000, 0x0000000094c00000, 0x0000000094d00000|  0%| F|  |TAMS 0x0000000094c00000, 0x0000000094c00000| Untracked 
| 333|0x0000000094d00000, 0x0000000094d00000, 0x0000000094e00000|  0%| F|  |TAMS 0x0000000094d00000, 0x0000000094d00000| Untracked 
| 334|0x0000000094e00000, 0x0000000094e00000, 0x0000000094f00000|  0%| F|  |TAMS 0x0000000094e00000, 0x0000000094e00000| Untracked 
| 335|0x0000000094f00000, 0x0000000094f00000, 0x0000000095000000|  0%| F|  |TAMS 0x0000000094f00000, 0x0000000094f00000| Untracked 
| 336|0x0000000095000000, 0x0000000095000000, 0x0000000095100000|  0%| F|  |TAMS 0x0000000095000000, 0x0000000095000000| Untracked 
| 337|0x0000000095100000, 0x0000000095100000, 0x0000000095200000|  0%| F|  |TAMS 0x0000000095100000, 0x0000000095100000| Untracked 
| 338|0x0000000095200000, 0x0000000095200000, 0x0000000095300000|  0%| F|  |TAMS 0x0000000095200000, 0x0000000095200000| Untracked 
| 339|0x0000000095300000, 0x0000000095300000, 0x0000000095400000|  0%| F|  |TAMS 0x0000000095300000, 0x0000000095300000| Untracked 
| 340|0x0000000095400000, 0x0000000095400000, 0x0000000095500000|  0%| F|  |TAMS 0x0000000095400000, 0x0000000095400000| Untracked 
| 341|0x0000000095500000, 0x0000000095500000, 0x0000000095600000|  0%| F|  |TAMS 0x0000000095500000, 0x0000000095500000| Untracked 
| 342|0x0000000095600000, 0x0000000095600000, 0x0000000095700000|  0%| F|  |TAMS 0x0000000095600000, 0x0000000095600000| Untracked 
| 343|0x0000000095700000, 0x0000000095700000, 0x0000000095800000|  0%| F|  |TAMS 0x0000000095700000, 0x0000000095700000| Untracked 
| 344|0x0000000095800000, 0x0000000095800000, 0x0000000095900000|  0%| F|  |TAMS 0x0000000095800000, 0x0000000095800000| Untracked 
| 345|0x0000000095900000, 0x0000000095900000, 0x0000000095a00000|  0%| F|  |TAMS 0x0000000095900000, 0x0000000095900000| Untracked 
| 346|0x0000000095a00000, 0x0000000095afc7b0, 0x0000000095b00000| 98%| S|CS|TAMS 0x0000000095a00000, 0x0000000095a00000| Complete 
| 347|0x0000000095b00000, 0x0000000095b00000, 0x0000000095c00000|  0%| F|  |TAMS 0x0000000095b00000, 0x0000000095b00000| Untracked 
| 348|0x0000000095c00000, 0x0000000095c00000, 0x0000000095d00000|  0%| F|  |TAMS 0x0000000095c00000, 0x0000000095c00000| Untracked 
| 349|0x0000000095d00000, 0x0000000095d00000, 0x0000000095e00000|  0%| F|  |TAMS 0x0000000095d00000, 0x0000000095d00000| Untracked 
| 350|0x0000000095e00000, 0x0000000095e00000, 0x0000000095f00000|  0%| F|  |TAMS 0x0000000095e00000, 0x0000000095e00000| Untracked 
| 351|0x0000000095f00000, 0x0000000095f00000, 0x0000000096000000|  0%| F|  |TAMS 0x0000000095f00000, 0x0000000095f00000| Untracked 
| 352|0x0000000096000000, 0x0000000096000000, 0x0000000096100000|  0%| F|  |TAMS 0x0000000096000000, 0x0000000096000000| Untracked 
| 353|0x0000000096100000, 0x0000000096100000, 0x0000000096200000|  0%| F|  |TAMS 0x0000000096100000, 0x0000000096100000| Untracked 
| 354|0x0000000096200000, 0x0000000096200000, 0x0000000096300000|  0%| F|  |TAMS 0x0000000096200000, 0x0000000096200000| Untracked 
| 355|0x0000000096300000, 0x0000000096300000, 0x0000000096400000|  0%| F|  |TAMS 0x0000000096300000, 0x0000000096300000| Untracked 
| 356|0x0000000096400000, 0x0000000096400000, 0x0000000096500000|  0%| F|  |TAMS 0x0000000096400000, 0x0000000096400000| Untracked 
| 357|0x0000000096500000, 0x0000000096500000, 0x0000000096600000|  0%| F|  |TAMS 0x0000000096500000, 0x0000000096500000| Untracked 

Card table byte_map: [0x0000024bd5e10000,0x0000024bd6210000] _byte_map_base: 0x0000024bd5a10000

Marking Bits (Prev, Next): (CMBitMap*) 0x0000024bbe2ab6d8, (CMBitMap*) 0x0000024bbe2ab718
 Prev Bits: [0x0000024bd6610000, 0x0000024bd8610000)
 Next Bits: [0x0000024bd8610000, 0x0000024bda610000)

Polling page: 0x0000024bbda40000

Metaspace:

Usage:
  Non-class:     26.83 MB capacity,    26.11 MB ( 97%) used,   677.94 KB (  2%) free+waste,    62.63 KB ( <1%) overhead. 
      Class:      4.03 MB capacity,     3.40 MB ( 84%) used,   610.56 KB ( 15%) free+waste,    35.13 KB ( <1%) overhead. 
       Both:     30.86 MB capacity,    29.51 MB ( 96%) used,     1.26 MB (  4%) free+waste,    97.75 KB ( <1%) overhead. 

Virtual space:
  Non-class space:       28.00 MB reserved,      27.00 MB ( 96%) committed 
      Class space:        1.00 GB reserved,       4.13 MB ( <1%) committed 
             Both:        1.03 GB reserved,      31.13 MB (  3%) committed 

Chunk freelists:
   Non-Class:  1.00 KB
       Class:  0 bytes
        Both:  1.00 KB

MaxMetaspaceSize: 17179869184.00 GB
CompressedClassSpaceSize: 1.00 GB

CodeHeap 'non-profiled nmethods': size=120064Kb used=2222Kb max_used=2222Kb free=117841Kb
 bounds [0x0000024bce4d0000, 0x0000024bce740000, 0x0000024bd5a10000]
CodeHeap 'profiled nmethods': size=120000Kb used=9155Kb max_used=9155Kb free=110844Kb
 bounds [0x0000024bc6fa0000, 0x0000024bc78a0000, 0x0000024bce4d0000]
CodeHeap 'non-nmethods': size=5696Kb used=2340Kb max_used=2383Kb free=3355Kb
 bounds [0x0000024bc6a10000, 0x0000024bc6c80000, 0x0000024bc6fa0000]
 total_blobs=6058 nmethods=3934 adapters=724
 compilation: enabled
              stopped_count=0, restarted_count=0
 full_count=0

Compilation events (20 events):
Event: 11.601 Thread 0x0000024bdc7ca000 nmethod 3948 0x0000024bc788df90 code [0x0000024bc788e120, 0x0000024bc788e238]
Event: 11.601 Thread 0x0000024bdc7ca000 3947       3       jdk.internal.misc.Unsafe::convEndian (16 bytes)
Event: 11.601 Thread 0x0000024bdc7ca000 nmethod 3947 0x0000024bc788e310 code [0x0000024bc788e4a0, 0x0000024bc788e658]
Event: 11.604 Thread 0x0000024bdc7ca000 3949       3       com.sun.crypto.provider.CounterMode::implCrypt (88 bytes)
Event: 11.605 Thread 0x0000024bdc7ca000 nmethod 3949 0x0000024bc788e710 code [0x0000024bc788e8e0, 0x0000024bc788ee68]
Event: 11.605 Thread 0x0000024bdc7ca000 3950       3       sun.security.ssl.TransportContext::isInboundClosed (8 bytes)
Event: 11.605 Thread 0x0000024bdc7ca000 nmethod 3950 0x0000024bc788f110 code [0x0000024bc788f2a0, 0x0000024bc788f478]
Event: 11.649 Thread 0x0000024bdc7c8800 nmethod 3919 0x0000024bce6f3810 code [0x0000024bce6f3e40, 0x0000024bce6f7288]
Event: 11.650 Thread 0x0000024bdc7c8800 3931       4       sun.security.provider.SHA5::implCompress0 (322 bytes)
Event: 11.660 Thread 0x0000024bdc7c8800 nmethod 3931 0x0000024bce6f8b10 code [0x0000024bce6f8cc0, 0x0000024bce6f9138]
Event: 11.660 Thread 0x0000024bdc7c8800 3921       4       java.math.MutableBigInteger::mulsub (110 bytes)
Event: 11.668 Thread 0x0000024bdc7c8800 nmethod 3921 0x0000024bce6f9290 code [0x0000024bce6f9420, 0x0000024bce6f98d8]
Event: 11.668 Thread 0x0000024bdc7c8800 3929       4       sun.security.ec.point.ProjectivePoint$Mutable::conditionalSet (53 bytes)
Event: 11.691 Thread 0x0000024bdc7c8800 nmethod 3929 0x0000024bce6f9a10 code [0x0000024bce6f9cc0, 0x0000024bce6fa6f8]
Event: 11.692 Thread 0x0000024bdc7c8800 3942       4       sun.security.util.math.intpoly.IntegerPolynomialP256::square (613 bytes)
Event: 11.701 Thread 0x0000024bdc7c8800 nmethod 3942 0x0000024bce6fab90 code [0x0000024bce6fad40, 0x0000024bce6fb2c8]
Event: 11.714 Thread 0x0000024bdc7ca000 3952       3       java.util.Arrays::sort (47 bytes)
Event: 11.714 Thread 0x0000024bdc7ca000 nmethod 3952 0x0000024bc788f510 code [0x0000024bc788f700, 0x0000024bc788fa38]
Event: 11.718 Thread 0x0000024bdc7ca000 3953  s    3       java.io.FileDescriptor::attach (73 bytes)
Event: 11.718 Thread 0x0000024bdc7ca000 nmethod 3953 0x0000024bc788fb90 code [0x0000024bc788fdc0, 0x0000024bc78909e8]

GC Heap History (20 events):
Event: 10.590 GC heap after
{Heap after GC invocations=99 (full 45):
 garbage-first heap   total 366592K, used 158506K [0x0000000080000000, 0x0000000100000000)
  region size 1024K, 0 young (0K), 0 survivors (0K)
 Metaspace       used 30066K, capacity 31384K, committed 31616K, reserved 1077248K
  class space    used 3466K, capacity 4103K, committed 4224K, reserved 1048576K
}
Event: 10.594 GC heap before
{Heap before GC invocations=99 (full 45):
 garbage-first heap   total 366592K, used 161578K [0x0000000080000000, 0x0000000100000000)
  region size 1024K, 3 young (3072K), 0 survivors (0K)
 Metaspace       used 30067K, capacity 31384K, committed 31616K, reserved 1077248K
  class space    used 3466K, capacity 4103K, committed 4224K, reserved 1048576K
}
Event: 10.654 GC heap after
{Heap after GC invocations=100 (full 46):
 garbage-first heap   total 366592K, used 158828K [0x0000000080000000, 0x0000000100000000)
  region size 1024K, 0 young (0K), 0 survivors (0K)
 Metaspace       used 30067K, capacity 31384K, committed 31616K, reserved 1077248K
  class space    used 3466K, capacity 4103K, committed 4224K, reserved 1048576K
}
Event: 10.663 GC heap before
{Heap before GC invocations=100 (full 46):
 garbage-first heap   total 366592K, used 164972K [0x0000000080000000, 0x0000000100000000)
  region size 1024K, 1 young (1024K), 0 survivors (0K)
 Metaspace       used 30072K, capacity 31390K, committed 31616K, reserved 1077248K
  class space    used 3467K, capacity 4104K, committed 4224K, reserved 1048576K
}
Event: 10.664 GC heap after
{Heap after GC invocations=101 (full 46):
 garbage-first heap   total 366592K, used 165038K [0x0000000080000000, 0x0000000100000000)
  region size 1024K, 1 young (1024K), 1 survivors (1024K)
 Metaspace       used 30072K, capacity 31390K, committed 31616K, reserved 1077248K
  class space    used 3467K, capacity 4104K, committed 4224K, reserved 1048576K
}
Event: 10.665 GC heap before
{Heap before GC invocations=101 (full 46):
 garbage-first heap   total 366592K, used 166062K [0x0000000080000000, 0x0000000100000000)
  region size 1024K, 2 young (2048K), 1 survivors (1024K)
 Metaspace       used 30072K, capacity 31390K, committed 31616K, reserved 1077248K
  class space    used 3467K, capacity 4104K, committed 4224K, reserved 1048576K
}
Event: 10.716 GC heap after
{Heap after GC invocations=102 (full 47):
 garbage-first heap   total 366592K, used 166012K [0x0000000080000000, 0x0000000100000000)
  region size 1024K, 0 young (0K), 0 survivors (0K)
 Metaspace       used 30072K, capacity 31390K, committed 31616K, reserved 1077248K
  class space    used 3467K, capacity 4104K, committed 4224K, reserved 1048576K
}
Event: 10.717 GC heap before
{Heap before GC invocations=102 (full 47):
 garbage-first heap   total 366592K, used 166012K [0x0000000080000000, 0x0000000100000000)
  region size 1024K, 1 young (1024K), 0 survivors (0K)
 Metaspace       used 30072K, capacity 31390K, committed 31616K, reserved 1077248K
  class space    used 3467K, capacity 4104K, committed 4224K, reserved 1048576K
}
Event: 10.718 GC heap after
{Heap after GC invocations=103 (full 47):
 garbage-first heap   total 366592K, used 166060K [0x0000000080000000, 0x0000000100000000)
  region size 1024K, 1 young (1024K), 1 survivors (1024K)
 Metaspace       used 30072K, capacity 31390K, committed 31616K, reserved 1077248K
  class space    used 3467K, capacity 4104K, committed 4224K, reserved 1048576K
}
Event: 10.722 GC heap before
{Heap before GC invocations=103 (full 47):
 garbage-first heap   total 366592K, used 169132K [0x0000000080000000, 0x0000000100000000)
  region size 1024K, 4 young (4096K), 1 survivors (1024K)
 Metaspace       used 30073K, capacity 31390K, committed 31616K, reserved 1077248K
  class space    used 3467K, capacity 4104K, committed 4224K, reserved 1048576K
}
Event: 10.775 GC heap after
{Heap after GC invocations=104 (full 48):
 garbage-first heap   total 366592K, used 166667K [0x0000000080000000, 0x0000000100000000)
  region size 1024K, 0 young (0K), 0 survivors (0K)
 Metaspace       used 30073K, capacity 31390K, committed 31616K, reserved 1077248K
  class space    used 3467K, capacity 4104K, committed 4224K, reserved 1048576K
}
Event: 10.776 GC heap before
{Heap before GC invocations=104 (full 48):
 garbage-first heap   total 366592K, used 166667K [0x0000000080000000, 0x0000000100000000)
  region size 1024K, 1 young (1024K), 0 survivors (0K)
 Metaspace       used 30073K, capacity 31390K, committed 31616K, reserved 1077248K
  class space    used 3467K, capacity 4104K, committed 4224K, reserved 1048576K
}
Event: 10.777 GC heap after
{Heap after GC invocations=105 (full 48):
 garbage-first heap   total 366592K, used 166672K [0x0000000080000000, 0x0000000100000000)
  region size 1024K, 1 young (1024K), 1 survivors (1024K)
 Metaspace       used 30073K, capacity 31390K, committed 31616K, reserved 1077248K
  class space    used 3467K, capacity 4104K, committed 4224K, reserved 1048576K
}
Event: 10.784 GC heap before
{Heap before GC invocations=105 (full 48):
 garbage-first heap   total 366592K, used 173840K [0x0000000080000000, 0x0000000100000000)
  region size 1024K, 2 young (2048K), 1 survivors (1024K)
 Metaspace       used 30073K, capacity 31390K, committed 31616K, reserved 1077248K
  class space    used 3467K, capacity 4104K, committed 4224K, reserved 1048576K
}
Event: 10.843 GC heap after
{Heap after GC invocations=106 (full 49):
 garbage-first heap   total 366592K, used 173846K [0x0000000080000000, 0x0000000100000000)
  region size 1024K, 0 young (0K), 0 survivors (0K)
 Metaspace       used 30073K, capacity 31390K, committed 31616K, reserved 1077248K
  class space    used 3467K, capacity 4104K, committed 4224K, reserved 1048576K
}
Event: 10.847 GC heap before
{Heap before GC invocations=106 (full 49):
 garbage-first heap   total 366592K, used 173846K [0x0000000080000000, 0x0000000100000000)
  region size 1024K, 1 young (1024K), 0 survivors (0K)
 Metaspace       used 30078K, capacity 31390K, committed 31616K, reserved 1077248K
  class space    used 3467K, capacity 4104K, committed 4224K, reserved 1048576K
}
Event: 10.848 GC heap after
{Heap after GC invocations=107 (full 49):
 garbage-first heap   total 366592K, used 173891K [0x0000000080000000, 0x0000000100000000)
  region size 1024K, 1 young (1024K), 1 survivors (1024K)
 Metaspace       used 30078K, capacity 31390K, committed 31616K, reserved 1077248K
  class space    used 3467K, capacity 4104K, committed 4224K, reserved 1048576K
}
Event: 10.855 GC heap before
{Heap before GC invocations=107 (full 49):
 garbage-first heap   total 366592K, used 176963K [0x0000000080000000, 0x0000000100000000)
  region size 1024K, 4 young (4096K), 1 survivors (1024K)
 Metaspace       used 30078K, capacity 31390K, committed 31616K, reserved 1077248K
  class space    used 3467K, capacity 4104K, committed 4224K, reserved 1048576K
}
Event: 10.909 GC heap after
{Heap after GC invocations=108 (full 50):
 garbage-first heap   total 366592K, used 174530K [0x0000000080000000, 0x0000000100000000)
  region size 1024K, 0 young (0K), 0 survivors (0K)
 Metaspace       used 30078K, capacity 31390K, committed 31616K, reserved 1077248K
  class space    used 3467K, capacity 4104K, committed 4224K, reserved 1048576K
}
Event: 11.720 GC heap before
{Heap before GC invocations=108 (full 50):
 garbage-first heap   total 366592K, used 184770K [0x0000000080000000, 0x0000000100000000)
  region size 1024K, 11 young (11264K), 0 survivors (0K)
 Metaspace       used 30213K, capacity 31600K, committed 31872K, reserved 1077248K
  class space    used 3479K, capacity 4125K, committed 4224K, reserved 1048576K
}

Deoptimization events (20 events):
Event: 11.555 Thread 0x0000024bbe26a000 DEOPT PACKING pc=0x0000024bc771cf06 sp=0x00000099952fc4a0
Event: 11.555 Thread 0x0000024bbe26a000 DEOPT UNPACKING pc=0x0000024bc6a5964e sp=0x00000099952fb938 mode 0
Event: 11.556 Thread 0x0000024bbe26a000 DEOPT PACKING pc=0x0000024bc771cf06 sp=0x00000099952fc970
Event: 11.556 Thread 0x0000024bbe26a000 DEOPT UNPACKING pc=0x0000024bc6a5964e sp=0x00000099952fbe08 mode 0
Event: 11.565 Thread 0x0000024bbe26a000 DEOPT PACKING pc=0x0000024bc771cf06 sp=0x00000099952fca60
Event: 11.565 Thread 0x0000024bbe26a000 DEOPT UNPACKING pc=0x0000024bc6a5964e sp=0x00000099952fbef8 mode 0
Event: 11.590 Thread 0x0000024bbe26a000 DEOPT PACKING pc=0x0000024bc72769a9 sp=0x00000099952fc7f0
Event: 11.590 Thread 0x0000024bbe26a000 DEOPT UNPACKING pc=0x0000024bc6a5964e sp=0x00000099952fbc70 mode 0
Event: 11.593 Thread 0x0000024bbe26a000 DEOPT PACKING pc=0x0000024bc77134b6 sp=0x00000099952fc8b0
Event: 11.593 Thread 0x0000024bbe26a000 DEOPT UNPACKING pc=0x0000024bc6a5964e sp=0x00000099952fbd48 mode 0
Event: 11.595 Thread 0x0000024bbe26a000 DEOPT PACKING pc=0x0000024bc771d13b sp=0x00000099952fc920
Event: 11.595 Thread 0x0000024bbe26a000 DEOPT UNPACKING pc=0x0000024bc6a5964e sp=0x00000099952fbdb8 mode 0
Event: 11.596 Thread 0x0000024bbe26a000 DEOPT PACKING pc=0x0000024bc771d13b sp=0x00000099952fc970
Event: 11.596 Thread 0x0000024bbe26a000 DEOPT UNPACKING pc=0x0000024bc6a5964e sp=0x00000099952fbe08 mode 0
Event: 11.597 Thread 0x0000024bbe26a000 DEOPT PACKING pc=0x0000024bc7605a6b sp=0x00000099952fc8f0
Event: 11.597 Thread 0x0000024bbe26a000 DEOPT UNPACKING pc=0x0000024bc6a5964e sp=0x00000099952fbd88 mode 0
Event: 11.600 Thread 0x0000024bbe26a000 DEOPT PACKING pc=0x0000024bc771d13b sp=0x00000099952fca60
Event: 11.600 Thread 0x0000024bbe26a000 DEOPT UNPACKING pc=0x0000024bc6a5964e sp=0x00000099952fbef8 mode 0
Event: 11.601 Thread 0x0000024bbe26a000 DEOPT PACKING pc=0x0000024bc788ccc0 sp=0x00000099952fc990
Event: 11.601 Thread 0x0000024bbe26a000 DEOPT UNPACKING pc=0x0000024bc6a5964e sp=0x00000099952fbe28 mode 0

Classes unloaded (0 events):
No events

Classes redefined (0 events):
No events

Internal exceptions (20 events):
Event: 7.320 Thread 0x0000024bbe26a000 Exception <a 'java/lang/ClassNotFoundException'{0x0000000089f21ba8}: [Lorg/apache/http/Header;BeanInfo> (0x0000000089f21ba8) 
thrown [./open/src/hotspot/share/prims/jni.cpp, line 620]
Event: 7.320 Thread 0x0000024bbe26a000 Exception <a 'java/lang/ClassNotFoundException'{0x0000000089f22968}: [Lorg/apache/http/Header;BeanInfo> (0x0000000089f22968) 
thrown [./open/src/hotspot/share/prims/jni.cpp, line 620]
Event: 7.320 Thread 0x0000024bbe26a000 Exception <a 'java/lang/ClassNotFoundException'{0x0000000089f23728}: [Lorg/apache/http/Header;BeanInfo> (0x0000000089f23728) 
thrown [./open/src/hotspot/share/prims/jni.cpp, line 620]
Event: 7.320 Thread 0x0000024bbe26a000 Exception <a 'java/lang/ClassNotFoundException'{0x0000000089f245b0}: [Lorg/apache/http/Header;Customizer> (0x0000000089f245b0) 
thrown [./open/src/hotspot/share/prims/jni.cpp, line 620]
Event: 7.320 Thread 0x0000024bbe26a000 Exception <a 'java/lang/ClassNotFoundException'{0x0000000089f25370}: [Lorg/apache/http/Header;Customizer> (0x0000000089f25370) 
thrown [./open/src/hotspot/share/prims/jni.cpp, line 620]
Event: 7.320 Thread 0x0000024bbe26a000 Exception <a 'java/lang/ClassNotFoundException'{0x0000000089f26130}: [Lorg/apache/http/Header;Customizer> (0x0000000089f26130) 
thrown [./open/src/hotspot/share/prims/jni.cpp, line 620]
Event: 7.520 Thread 0x0000024bbe26a000 Exception <a 'java/lang/ClassNotFoundException'{0x0000000089fe7ef8}: io/restassured/internal/http/ContentTypeExtractorBeanInfo> (0x0000000089fe7ef8) 
thrown [./open/src/hotspot/share/classfile/systemDictionary.cpp, line 226]
Event: 7.521 Thread 0x0000024bbe26a000 Exception <a 'java/lang/ClassNotFoundException'{0x0000000089ff8b10}: io/restassured/internal/http/ContentTypeExtractorCustomizer> (0x0000000089ff8b10) 
thrown [./open/src/hotspot/share/classfile/systemDictionary.cpp, line 226]
Event: 9.368 Thread 0x0000024bbe26a000 Exception <a 'java/lang/ClassCastException'{0x0000000096513570}: class io.restassured.filter.time.TimingFilter cannot be cast to class groovy.lang.GroovyObject (io.restassured.filter.time.TimingFilter and groovy.lang.GroovyObject are in unnamed module of loader 'app')> (0x0000000096513570) 
thrown [./open/src/hotspot/share/interpreter/interpreterRuntime.cpp, line 474]
Event: 9.647 Thread 0x0000024bbe26a000 Exception <a 'java/lang/ClassNotFoundException'{0x0000000096104810}: Script1BeanInfo> (0x0000000096104810) 
thrown [./open/src/hotspot/share/classfile/systemDictionary.cpp, line 226]
Event: 9.648 Thread 0x0000024bbe26a000 Exception <a 'java/lang/ClassNotFoundException'{0x00000000961121b0}: Script1Customizer> (0x00000000961121b0) 
thrown [./open/src/hotspot/share/classfile/systemDictionary.cpp, line 226]
Event: 9.906 Thread 0x0000024bbe26a000 Exception <a 'java/lang/ClassCastException'{0x00000000961341f0}: class io.restassured.filter.time.TimingFilter cannot be cast to class groovy.lang.GroovyObject (io.restassured.filter.time.TimingFilter and groovy.lang.GroovyObject are in unnamed module of loader 'app')> (0x00000000961341f0) 
thrown [./open/src/hotspot/share/interpreter/interpreterRuntime.cpp, line 474]
Event: 10.013 Thread 0x0000024bbe26a000 Exception <a 'java/lang/ClassNotFoundException'{0x0000000096049eb8}: java/lang/FloatBeanInfo> (0x0000000096049eb8) 
thrown [./open/src/hotspot/share/classfile/systemDictionary.cpp, line 226]
Event: 10.014 Thread 0x0000024bbe26a000 Exception <a 'java/lang/ClassNotFoundException'{0x000000009604b0f8}: java/lang/FloatCustomizer> (0x000000009604b0f8) 
thrown [./open/src/hotspot/share/classfile/systemDictionary.cpp, line 226]
Event: 10.017 Thread 0x0000024bbe26a000 Exception <a 'java/lang/ClassNotFoundException'{0x000000009607bde0}: java/math/BigDecimalBeanInfo> (0x000000009607bde0) 
thrown [./open/src/hotspot/share/classfile/systemDictionary.cpp, line 226]
Event: 10.017 Thread 0x0000024bbe26a000 Exception <a 'java/lang/ClassNotFoundException'{0x000000009607d028}: java/math/BigDecimalCustomizer> (0x000000009607d028) 
thrown [./open/src/hotspot/share/classfile/systemDictionary.cpp, line 226]
Event: 10.919 Thread 0x0000024bbe26a000 Exception <a 'java/lang/ClassCastException'{0x0000000096512ae0}: class io.restassured.filter.time.TimingFilter cannot be cast to class groovy.lang.GroovyObject (io.restassured.filter.time.TimingFilter and groovy.lang.GroovyObject are in unnamed module of loader 'app')> (0x0000000096512ae0) 
thrown [./open/src/hotspot/share/interpreter/interpreterRuntime.cpp, line 474]
Event: 11.163 Thread 0x0000024bbe26a000 Exception <a 'java/lang/ClassNotFoundException'{0x0000000096292540}: Script1BeanInfo> (0x0000000096292540) 
thrown [./open/src/hotspot/share/classfile/systemDictionary.cpp, line 226]
Event: 11.164 Thread 0x0000024bbe26a000 Exception <a 'java/lang/ClassNotFoundException'{0x00000000962a0160}: Script1Customizer> (0x00000000962a0160) 
thrown [./open/src/hotspot/share/classfile/systemDictionary.cpp, line 226]
Event: 11.428 Thread 0x0000024bbe26a000 Exception <a 'java/lang/ClassCastException'{0x00000000962c9808}> (0x00000000962c9808) 
thrown [./open/src/hotspot/share/runtime/sharedRuntime.cpp, line 584]

Events (20 events):
Event: 10.654 Executing VM operation: G1CollectFull done
Event: 10.663 Executing VM operation: G1TryInitiateConcMark
Event: 10.665 Executing VM operation: G1TryInitiateConcMark done
Event: 10.665 Executing VM operation: G1CollectFull
Event: 10.716 Executing VM operation: G1CollectFull done
Event: 10.717 Executing VM operation: G1TryInitiateConcMark
Event: 10.718 Executing VM operation: G1TryInitiateConcMark done
Event: 10.722 Executing VM operation: G1CollectFull
Event: 10.775 Executing VM operation: G1CollectFull done
Event: 10.776 Executing VM operation: G1TryInitiateConcMark
Event: 10.777 Executing VM operation: G1TryInitiateConcMark done
Event: 10.784 Executing VM operation: G1CollectFull
Event: 10.843 Executing VM operation: G1CollectFull done
Event: 10.847 Executing VM operation: G1TryInitiateConcMark
Event: 10.849 Executing VM operation: G1TryInitiateConcMark done
Event: 10.855 Executing VM operation: G1CollectFull
Event: 10.909 Executing VM operation: G1CollectFull done
Event: 11.152 loading class jdk/internal/access/foreign/MemorySegmentProxy
Event: 11.152 loading class jdk/internal/access/foreign/MemorySegmentProxy done
Event: 11.720 Executing VM operation: G1TryInitiateConcMark


Dynamic libraries:
0x00007ff714850000 - 0x00007ff71485f000 	C:\Program Files\Java\jdk-14.0.1\bin\java.exe
0x00007ffc41da0000 - 0x00007ffc41f90000 	C:\WINDOWS\SYSTEM32\ntdll.dll
0x00007ffc403f0000 - 0x00007ffc404a2000 	C:\WINDOWS\System32\KERNEL32.DLL
0x00007ffc3fba0000 - 0x00007ffc3fe44000 	C:\WINDOWS\System32\KERNELBASE.dll
0x00007ffc3f8b0000 - 0x00007ffc3f9aa000 	C:\WINDOWS\System32\ucrtbase.dll
0x00007ffc30ae0000 - 0x00007ffc30af8000 	C:\Program Files\Java\jdk-14.0.1\bin\jli.dll
0x00007ffc40600000 - 0x00007ffc406a3000 	C:\WINDOWS\System32\ADVAPI32.dll
0x00007ffc404b0000 - 0x00007ffc4054e000 	C:\WINDOWS\System32\msvcrt.dll
0x00007ffc408a0000 - 0x00007ffc40937000 	C:\WINDOWS\System32\sechost.dll
0x00007ffc412a0000 - 0x00007ffc413c0000 	C:\WINDOWS\System32\RPCRT4.dll
0x00007ffc413c0000 - 0x00007ffc41555000 	C:\WINDOWS\System32\USER32.dll
0x00007ffc3fb50000 - 0x00007ffc3fb71000 	C:\WINDOWS\System32\win32u.dll
0x00007ffc40740000 - 0x00007ffc40766000 	C:\WINDOWS\System32\GDI32.dll
0x00007ffc3f9b0000 - 0x00007ffc3fb46000 	C:\WINDOWS\System32\gdi32full.dll
0x00007ffc3f810000 - 0x00007ffc3f8ae000 	C:\WINDOWS\System32\msvcp_win.dll
0x00007ffc30a60000 - 0x00007ffc30a75000 	C:\Program Files\Java\jdk-14.0.1\bin\VCRUNTIME140.dll
0x00007ffc32120000 - 0x00007ffc323a4000 	C:\WINDOWS\WinSxS\amd64_microsoft.windows.common-controls_6595b64144ccf1df_6.0.18362.1016_none_9e7a36bbe461dae4\COMCTL32.dll
0x00007ffc40db0000 - 0x00007ffc410e5000 	C:\WINDOWS\System32\combase.dll
0x00007ffc3ed70000 - 0x00007ffc3edf0000 	C:\WINDOWS\System32\bcryptPrimitives.dll
0x00007ffc347f0000 - 0x00007ffc347fa000 	C:\WINDOWS\SYSTEM32\VERSION.dll
0x00007ffc41640000 - 0x00007ffc4166e000 	C:\WINDOWS\System32\IMM32.DLL
0x00007ffc18150000 - 0x00007ffc181eb000 	C:\Program Files\Java\jdk-14.0.1\bin\msvcp140.dll
0x00007ffc03280000 - 0x00007ffc03d9e000 	C:\Program Files\Java\jdk-14.0.1\bin\server\jvm.dll
0x00007ffc41290000 - 0x00007ffc41298000 	C:\WINDOWS\System32\PSAPI.DLL
0x00007ffc30aa0000 - 0x00007ffc30aa9000 	C:\WINDOWS\SYSTEM32\WSOCK32.dll
0x00007ffc406b0000 - 0x00007ffc4071f000 	C:\WINDOWS\System32\WS2_32.dll
0x00007ffc3cba0000 - 0x00007ffc3cbc4000 	C:\WINDOWS\SYSTEM32\WINMM.dll
0x00007ffc3cb70000 - 0x00007ffc3cb9d000 	C:\WINDOWS\SYSTEM32\WINMMBASE.dll
0x00007ffc3ed20000 - 0x00007ffc3ed6a000 	C:\WINDOWS\System32\cfgmgr32.dll
0x00007ffc3ec60000 - 0x00007ffc3ec71000 	C:\WINDOWS\System32\kernel.appcore.dll
0x00007ffc30a30000 - 0x00007ffc30a3a000 	C:\Program Files\Java\jdk-14.0.1\bin\jimage.dll
0x00007ffc32ed0000 - 0x00007ffc330c4000 	C:\WINDOWS\SYSTEM32\DBGHELP.DLL
0x00007ffc32e40000 - 0x00007ffc32e6a000 	C:\WINDOWS\SYSTEM32\dbgcore.DLL
0x00007ffc30970000 - 0x00007ffc30995000 	C:\Program Files\Java\jdk-14.0.1\bin\java.dll
0x00007ffc30a10000 - 0x00007ffc30a26000 	C:\Program Files\Java\jdk-14.0.1\bin\zip.dll
0x00007ffc41670000 - 0x00007ffc41d57000 	C:\WINDOWS\System32\SHELL32.dll
0x00007ffc40550000 - 0x00007ffc405f9000 	C:\WINDOWS\System32\shcore.dll
0x00007ffc3edf0000 - 0x00007ffc3f572000 	C:\WINDOWS\System32\windows.storage.dll
0x00007ffc3ecf0000 - 0x00007ffc3ed13000 	C:\WINDOWS\System32\profapi.dll
0x00007ffc3ec80000 - 0x00007ffc3ecca000 	C:\WINDOWS\System32\powrprof.dll
0x00007ffc3ec50000 - 0x00007ffc3ec60000 	C:\WINDOWS\System32\UMPDC.dll
0x00007ffc401e0000 - 0x00007ffc40232000 	C:\WINDOWS\System32\shlwapi.dll
0x00007ffc3fb80000 - 0x00007ffc3fb97000 	C:\WINDOWS\System32\cryptsp.dll
0x00007ffc30950000 - 0x00007ffc30969000 	C:\Program Files\Java\jdk-14.0.1\bin\net.dll
0x00007ffc34230000 - 0x00007ffc34320000 	C:\WINDOWS\SYSTEM32\WINHTTP.dll
0x00007ffc3e450000 - 0x00007ffc3e4b7000 	C:\WINDOWS\system32\mswsock.dll
0x00007ffc2db60000 - 0x00007ffc2db72000 	C:\Program Files\Java\jdk-14.0.1\bin\nio.dll
0x00007ffc30b30000 - 0x00007ffc30b39000 	C:\Program Files\Java\jdk-14.0.1\bin\management.dll
0x00007ffc30a50000 - 0x00007ffc30a5b000 	C:\Program Files\Java\jdk-14.0.1\bin\management_ext.dll
0x00007ffc283e0000 - 0x00007ffc28405000 	C:\Program Files\Java\jdk-14.0.1\bin\sunec.dll
0x00007ffc3dfc0000 - 0x00007ffc3dff3000 	C:\WINDOWS\system32\rsaenh.dll
0x00007ffc3f690000 - 0x00007ffc3f6b6000 	C:\WINDOWS\System32\bcrypt.dll
0x00007ffc3eb40000 - 0x00007ffc3eb65000 	C:\WINDOWS\SYSTEM32\USERENV.dll
0x00007ffc3e620000 - 0x00007ffc3e62c000 	C:\WINDOWS\SYSTEM32\CRYPTBASE.dll
0x00007ffc3e160000 - 0x00007ffc3e19a000 	C:\WINDOWS\SYSTEM32\IPHLPAPI.DLL
0x00007ffc40080000 - 0x00007ffc40088000 	C:\WINDOWS\System32\NSI.dll
0x00007ffc34d30000 - 0x00007ffc34d46000 	C:\WINDOWS\SYSTEM32\dhcpcsvc6.DLL
0x00007ffc34d10000 - 0x00007ffc34d2c000 	C:\WINDOWS\SYSTEM32\dhcpcsvc.DLL
0x00007ffc3e1a0000 - 0x00007ffc3e26b000 	C:\WINDOWS\SYSTEM32\DNSAPI.dll
0x00007ffc29fe0000 - 0x00007ffc29fee000 	C:\Program Files\Java\jdk-14.0.1\bin\sunmscapi.dll
0x00007ffc3f6c0000 - 0x00007ffc3f809000 	C:\WINDOWS\System32\CRYPT32.dll
0x00007ffc3ecd0000 - 0x00007ffc3ece2000 	C:\WINDOWS\System32\MSASN1.dll
0x00007ffc3e720000 - 0x00007ffc3e746000 	C:\WINDOWS\SYSTEM32\ncrypt.dll
0x00007ffc3e6e0000 - 0x00007ffc3e71b000 	C:\WINDOWS\SYSTEM32\NTASN1.dll
0x00007ffc339a0000 - 0x00007ffc339aa000 	C:\Windows\System32\rasadhlp.dll
0x00007ffc34ac0000 - 0x00007ffc34b37000 	C:\WINDOWS\System32\fwpuclnt.dll
0x00007ffc30940000 - 0x00007ffc30950000 	C:\Program Files\Java\jdk-14.0.1\bin\verify.dll
0x00007ffc3b4c0000 - 0x00007ffc3b4d6000 	C:\WINDOWS\system32\napinsp.dll
0x00007ffc3b4a0000 - 0x00007ffc3b4ba000 	C:\WINDOWS\system32\pnrpnsp.dll
0x00007ffc3b490000 - 0x00007ffc3b49e000 	C:\WINDOWS\System32\winrnr.dll
0x00007ffc3b470000 - 0x00007ffc3b48c000 	C:\WINDOWS\system32\NLAapi.dll
0x00007ffc25a80000 - 0x00007ffc25a95000 	C:\WINDOWS\system32\wshbth.dll

dbghelp: loaded successfully - version: 4.0.5 - missing functions: none
symbol engine: initialized successfully - sym options: 0x614 - pdb path: .;C:\Program Files\Java\jdk-14.0.1\bin;C:\WINDOWS\SYSTEM32;C:\WINDOWS\WinSxS\amd64_microsoft.windows.common-controls_6595b64144ccf1df_6.0.18362.1016_none_9e7a36bbe461dae4;C:\Program Files\Java\jdk-14.0.1\bin\server

VM Arguments:
java_command: C:\Users\qeadmin\AppData\Local\Temp\surefire11596036950307807839\surefirebooter16513183527483171868.jar C:\Users\qeadmin\AppData\Local\Temp\surefire11596036950307807839 2020-09-04T09-29-54_997-jvmRun1 surefire611103444482283044tmp surefire_05807716748188169929tmp
java_class_path (initial): C:\Users\qeadmin\AppData\Local\Temp\surefire11596036950307807839\surefirebooter16513183527483171868.jar
Launcher Type: SUN_STANDARD

[Global flags]
     intx CICompilerCount                          = 2                                         {product} {ergonomic}
     uint ConcGCThreads                            = 1                                         {product} {ergonomic}
     uint G1ConcRefinementThreads                  = 2                                         {product} {ergonomic}
   size_t G1HeapRegionSize                         = 1048576                                   {product} {ergonomic}
    uintx GCDrainStackTargetSize                   = 64                                        {product} {ergonomic}
   size_t InitialHeapSize                          = 134217728                                 {product} {ergonomic}
   size_t MarkStackSize                            = 4194304                                   {product} {ergonomic}
   size_t MaxHeapSize                              = 2147483648                                {product} {ergonomic}
   size_t MaxNewSize                               = 1287651328                                {product} {ergonomic}
   size_t MinHeapDeltaBytes                        = 1048576                                   {product} {ergonomic}
   size_t MinHeapSize                              = 8388608                                   {product} {ergonomic}
    uintx NonNMethodCodeHeapSize                   = 5826188                                {pd product} {ergonomic}
    uintx NonProfiledCodeHeapSize                  = 122916026                              {pd product} {ergonomic}
    uintx ProfiledCodeHeapSize                     = 122916026                              {pd product} {ergonomic}
    uintx ReservedCodeCacheSize                    = 251658240                              {pd product} {ergonomic}
     bool SegmentedCodeCache                       = true                                      {product} {ergonomic}
   size_t SoftMaxHeapSize                          = 2147483648                             {manageable} {ergonomic}
     bool UseCompressedClassPointers               = true                                 {lp64_product} {ergonomic}
     bool UseCompressedOops                        = true                                 {lp64_product} {ergonomic}
     bool UseG1GC                                  = true                                      {product} {ergonomic}
     bool UseLargePagesIndividualAllocation        = false                                  {pd product} {ergonomic}

Logging:
Log output configuration:
 #0: stdout all=warning uptime,level,tags
 #1: stderr all=off uptime,level,tags

Environment Variables:
JAVA_HOME=C:\Program Files\Java\jdk-14.0.1
PATH=C:\Program Files (x86)\Common Files\Oracle\Java\javapath;C:\WINDOWS\system32;C:\WINDOWS;C:\WINDOWS\System32\Wbem;C:\WINDOWS\System32\WindowsPowerShell\v1.0\;C:\WINDOWS\System32\OpenSSH\;C:\Program Files\PuTTY\;C:\Program Files\Java\jdk-14.0.1\bin;C:\Program Files (x86)\Microsoft SQL Server\150\DTS\Binn\;C:\Program Files\Git\cmd;C:\Program Files\apache-maven-3.6.3\bin;C:\Users\qeadmin\AppData\Local\Microsoft\WindowsApps;
USERNAME=qeadmin
OS=Windows_NT
PROCESSOR_IDENTIFIER=Intel64 Family 6 Model 79 Stepping 1, GenuineIntel



---------------  S Y S T E M  ---------------

OS: Windows 10 , 64 bit Build 18362 (10.0.18362.959)
OS uptime: 2 days 23:01 hours
HyperV virtualization detected

CPU:total 2 (initial active 2) (2 cores per cpu, 1 threads per core) family 6 model 79 stepping 1, cmov, cx8, fxsr, mmx, sse, sse2, sse3, ssse3, sse4.1, sse4.2, popcnt, avx, avx2, aes, clmul, erms, rtm, 3dnowpref, lzcnt, tsc, bmi1, bmi2, adx, fma

Memory: 4k page, system-wide physical 8191M (2817M free)
TotalPageFile size 10239M (AvailPageFile size 351M)
current process WorkingSet (physical memory assigned to process): 464M, peak: 469M
current process commit charge ("private bytes"): 501M, peak: 1177M

vm_info: Java HotSpot(TM) 64-Bit Server VM (14.0.1+7) for windows-amd64 JRE (14.0.1+7), built on Mar  5 2020 10:30:14 by "mach5one" with MS VC++ 15.9 (VS2017)

END.
